CRITICAL - 2021-06-07 22:45:20 --> Server error: `POST http://127.0.0.1:8081/reports` resulted in a `500 Internal Server Error` response:
{"statusCode":500,"error":"Internal Server Error","message":"An internal server error occurred"}

#0 /run/media/bagus/2AF0ED25F0ECF849/Project/php/one-router-panelv/vendor/guzzlehttp/guzzle/src/Middleware.php(69): GuzzleHttp\Exception\RequestException::create()
#1 /run/media/bagus/2AF0ED25F0ECF849/Project/php/one-router-panelv/vendor/guzzlehttp/promises/src/Promise.php(204): GuzzleHttp\Middleware::GuzzleHttp\{closure}()
#2 /run/media/bagus/2AF0ED25F0ECF849/Project/php/one-router-panelv/vendor/guzzlehttp/promises/src/Promise.php(153): GuzzleHttp\Promise\Promise::callHandler()
#3 /run/media/bagus/2AF0ED25F0ECF849/Project/php/one-router-panelv/vendor/guzzlehttp/promises/src/TaskQueue.php(48): GuzzleHttp\Promise\Promise::GuzzleHttp\Promise\{closure}()
#4 /run/media/bagus/2AF0ED25F0ECF849/Project/php/one-router-panelv/vendor/guzzlehttp/promises/src/Promise.php(248): GuzzleHttp\Promise\TaskQueue->run()
#5 /run/media/bagus/2AF0ED25F0ECF849/Project/php/one-router-panelv/vendor/guzzlehttp/promises/src/Promise.php(224): GuzzleHttp\Promise\Promise->invokeWaitFn()
#6 /run/media/bagus/2AF0ED25F0ECF849/Project/php/one-router-panelv/vendor/guzzlehttp/promises/src/Promise.php(269): GuzzleHttp\Promise\Promise->waitIfPending()
#7 /run/media/bagus/2AF0ED25F0ECF849/Project/php/one-router-panelv/vendor/guzzlehttp/promises/src/Promise.php(226): GuzzleHttp\Promise\Promise->invokeWaitList()
#8 /run/media/bagus/2AF0ED25F0ECF849/Project/php/one-router-panelv/vendor/guzzlehttp/promises/src/Promise.php(62): GuzzleHttp\Promise\Promise->waitIfPending()
#9 /run/media/bagus/2AF0ED25F0ECF849/Project/php/one-router-panelv/vendor/guzzlehttp/guzzle/src/Client.php(187): GuzzleHttp\Promise\Promise->wait()
#10 /run/media/bagus/2AF0ED25F0ECF849/Project/php/one-router-panelv/app/Config/RestApi.php(96): GuzzleHttp\Client->request()
#11 /run/media/bagus/2AF0ED25F0ECF849/Project/php/one-router-panelv/app/Config/AutoRoutes.php(110): Config\RestApi->report()
#12 /run/media/bagus/2AF0ED25F0ECF849/Project/php/one-router-panelv/app/Config/Routes.php(57): Config\AutoRoutes->toRoute()
#13 /run/media/bagus/2AF0ED25F0ECF849/Project/php/one-router-panelv/vendor/codeigniter4/framework/system/CodeIgniter.php(803): require('/run/media/bagu...')
#14 /run/media/bagus/2AF0ED25F0ECF849/Project/php/one-router-panelv/vendor/codeigniter4/framework/system/CodeIgniter.php(385): CodeIgniter\CodeIgniter->tryToRouteIt()
#15 /run/media/bagus/2AF0ED25F0ECF849/Project/php/one-router-panelv/vendor/codeigniter4/framework/system/CodeIgniter.php(333): CodeIgniter\CodeIgniter->handleRequest()
#16 /run/media/bagus/2AF0ED25F0ECF849/Project/php/one-router-panelv/public/index.php(44): CodeIgniter\CodeIgniter->run()
#17 /run/media/bagus/2AF0ED25F0ECF849/Project/php/one-router-panelv/vendor/codeigniter4/framework/system/Commands/Server/rewrite.php(45): require_once('/run/media/bagu...')
#18 {main}
CRITICAL - 2021-06-07 22:47:32 --> Server error: `POST http://127.0.0.1:8081/reports` resulted in a `500 Internal Server Error` response:
{"statusCode":500,"error":"Internal Server Error","message":"An internal server error occurred"}

#0 /run/media/bagus/2AF0ED25F0ECF849/Project/php/one-router-panelv/vendor/guzzlehttp/guzzle/src/Middleware.php(69): GuzzleHttp\Exception\RequestException::create()
#1 /run/media/bagus/2AF0ED25F0ECF849/Project/php/one-router-panelv/vendor/guzzlehttp/promises/src/Promise.php(204): GuzzleHttp\Middleware::GuzzleHttp\{closure}()
#2 /run/media/bagus/2AF0ED25F0ECF849/Project/php/one-router-panelv/vendor/guzzlehttp/promises/src/Promise.php(153): GuzzleHttp\Promise\Promise::callHandler()
#3 /run/media/bagus/2AF0ED25F0ECF849/Project/php/one-router-panelv/vendor/guzzlehttp/promises/src/TaskQueue.php(48): GuzzleHttp\Promise\Promise::GuzzleHttp\Promise\{closure}()
#4 /run/media/bagus/2AF0ED25F0ECF849/Project/php/one-router-panelv/vendor/guzzlehttp/promises/src/Promise.php(248): GuzzleHttp\Promise\TaskQueue->run()
#5 /run/media/bagus/2AF0ED25F0ECF849/Project/php/one-router-panelv/vendor/guzzlehttp/promises/src/Promise.php(224): GuzzleHttp\Promise\Promise->invokeWaitFn()
#6 /run/media/bagus/2AF0ED25F0ECF849/Project/php/one-router-panelv/vendor/guzzlehttp/promises/src/Promise.php(269): GuzzleHttp\Promise\Promise->waitIfPending()
#7 /run/media/bagus/2AF0ED25F0ECF849/Project/php/one-router-panelv/vendor/guzzlehttp/promises/src/Promise.php(226): GuzzleHttp\Promise\Promise->invokeWaitList()
#8 /run/media/bagus/2AF0ED25F0ECF849/Project/php/one-router-panelv/vendor/guzzlehttp/promises/src/Promise.php(62): GuzzleHttp\Promise\Promise->waitIfPending()
#9 /run/media/bagus/2AF0ED25F0ECF849/Project/php/one-router-panelv/vendor/guzzlehttp/guzzle/src/Client.php(187): GuzzleHttp\Promise\Promise->wait()
#10 /run/media/bagus/2AF0ED25F0ECF849/Project/php/one-router-panelv/app/Config/RestApi.php(96): GuzzleHttp\Client->request()
#11 /run/media/bagus/2AF0ED25F0ECF849/Project/php/one-router-panelv/app/Config/AutoRoutes.php(110): Config\RestApi->report()
#12 /run/media/bagus/2AF0ED25F0ECF849/Project/php/one-router-panelv/app/Config/Routes.php(57): Config\AutoRoutes->toRoute()
#13 /run/media/bagus/2AF0ED25F0ECF849/Project/php/one-router-panelv/vendor/codeigniter4/framework/system/CodeIgniter.php(803): require('/run/media/bagu...')
#14 /run/media/bagus/2AF0ED25F0ECF849/Project/php/one-router-panelv/vendor/codeigniter4/framework/system/CodeIgniter.php(385): CodeIgniter\CodeIgniter->tryToRouteIt()
#15 /run/media/bagus/2AF0ED25F0ECF849/Project/php/one-router-panelv/vendor/codeigniter4/framework/system/CodeIgniter.php(333): CodeIgniter\CodeIgniter->handleRequest()
#16 /run/media/bagus/2AF0ED25F0ECF849/Project/php/one-router-panelv/public/index.php(44): CodeIgniter\CodeIgniter->run()
#17 /run/media/bagus/2AF0ED25F0ECF849/Project/php/one-router-panelv/vendor/codeigniter4/framework/system/Commands/Server/rewrite.php(45): require_once('/run/media/bagu...')
#18 {main}
CRITICAL - 2021-06-07 23:10:28 --> Connection refused for URI http://127.0.0.1:8081/reports
#0 /run/media/bagus/2AF0ED25F0ECF849/Project/php/one-router-panelv/vendor/guzzlehttp/guzzle/src/PrepareBodyMiddleware.php(64): GuzzleHttp\Handler\StreamHandler->__invoke()
#1 /run/media/bagus/2AF0ED25F0ECF849/Project/php/one-router-panelv/vendor/guzzlehttp/guzzle/src/Middleware.php(31): GuzzleHttp\PrepareBodyMiddleware->__invoke()
#2 /run/media/bagus/2AF0ED25F0ECF849/Project/php/one-router-panelv/vendor/guzzlehttp/guzzle/src/RedirectMiddleware.php(71): GuzzleHttp\Middleware::GuzzleHttp\{closure}()
#3 /run/media/bagus/2AF0ED25F0ECF849/Project/php/one-router-panelv/vendor/guzzlehttp/guzzle/src/Middleware.php(63): GuzzleHttp\RedirectMiddleware->__invoke()
#4 /run/media/bagus/2AF0ED25F0ECF849/Project/php/one-router-panelv/vendor/guzzlehttp/guzzle/src/HandlerStack.php(75): GuzzleHttp\Middleware::GuzzleHttp\{closure}()
#5 /run/media/bagus/2AF0ED25F0ECF849/Project/php/one-router-panelv/vendor/guzzlehttp/guzzle/src/Client.php(331): GuzzleHttp\HandlerStack->__invoke()
#6 /run/media/bagus/2AF0ED25F0ECF849/Project/php/one-router-panelv/vendor/guzzlehttp/guzzle/src/Client.php(168): GuzzleHttp\Client->transfer()
#7 /run/media/bagus/2AF0ED25F0ECF849/Project/php/one-router-panelv/vendor/guzzlehttp/guzzle/src/Client.php(187): GuzzleHttp\Client->requestAsync()
#8 /run/media/bagus/2AF0ED25F0ECF849/Project/php/one-router-panelv/app/Config/RestApi.php(96): GuzzleHttp\Client->request()
#9 /run/media/bagus/2AF0ED25F0ECF849/Project/php/one-router-panelv/app/Config/AutoRoutes.php(110): Config\RestApi->report()
#10 /run/media/bagus/2AF0ED25F0ECF849/Project/php/one-router-panelv/app/Config/Routes.php(57): Config\AutoRoutes->toRoute()
#11 /run/media/bagus/2AF0ED25F0ECF849/Project/php/one-router-panelv/vendor/codeigniter4/framework/system/CodeIgniter.php(803): require('/run/media/bagu...')
#12 /run/media/bagus/2AF0ED25F0ECF849/Project/php/one-router-panelv/vendor/codeigniter4/framework/system/CodeIgniter.php(385): CodeIgniter\CodeIgniter->tryToRouteIt()
#13 /run/media/bagus/2AF0ED25F0ECF849/Project/php/one-router-panelv/vendor/codeigniter4/framework/system/CodeIgniter.php(333): CodeIgniter\CodeIgniter->handleRequest()
#14 /run/media/bagus/2AF0ED25F0ECF849/Project/php/one-router-panelv/public/index.php(44): CodeIgniter\CodeIgniter->run()
#15 /run/media/bagus/2AF0ED25F0ECF849/Project/php/one-router-panelv/vendor/codeigniter4/framework/system/Commands/Server/rewrite.php(45): require_once('/run/media/bagu...')
#16 {main}
CRITICAL - 2021-06-07 23:22:23 --> Connection refused for URI http://127.0.0.1:8081/reports
#0 /run/media/bagus/2AF0ED25F0ECF849/Project/php/one-router-panelv/vendor/guzzlehttp/guzzle/src/PrepareBodyMiddleware.php(64): GuzzleHttp\Handler\StreamHandler->__invoke()
#1 /run/media/bagus/2AF0ED25F0ECF849/Project/php/one-router-panelv/vendor/guzzlehttp/guzzle/src/Middleware.php(31): GuzzleHttp\PrepareBodyMiddleware->__invoke()
#2 /run/media/bagus/2AF0ED25F0ECF849/Project/php/one-router-panelv/vendor/guzzlehttp/guzzle/src/RedirectMiddleware.php(71): GuzzleHttp\Middleware::GuzzleHttp\{closure}()
#3 /run/media/bagus/2AF0ED25F0ECF849/Project/php/one-router-panelv/vendor/guzzlehttp/guzzle/src/Middleware.php(63): GuzzleHttp\RedirectMiddleware->__invoke()
#4 /run/media/bagus/2AF0ED25F0ECF849/Project/php/one-router-panelv/vendor/guzzlehttp/guzzle/src/HandlerStack.php(75): GuzzleHttp\Middleware::GuzzleHttp\{closure}()
#5 /run/media/bagus/2AF0ED25F0ECF849/Project/php/one-router-panelv/vendor/guzzlehttp/guzzle/src/Client.php(331): GuzzleHttp\HandlerStack->__invoke()
#6 /run/media/bagus/2AF0ED25F0ECF849/Project/php/one-router-panelv/vendor/guzzlehttp/guzzle/src/Client.php(168): GuzzleHttp\Client->transfer()
#7 /run/media/bagus/2AF0ED25F0ECF849/Project/php/one-router-panelv/vendor/guzzlehttp/guzzle/src/Client.php(187): GuzzleHttp\Client->requestAsync()
#8 /run/media/bagus/2AF0ED25F0ECF849/Project/php/one-router-panelv/app/Config/RestApi.php(96): GuzzleHttp\Client->request()
#9 /run/media/bagus/2AF0ED25F0ECF849/Project/php/one-router-panelv/app/Config/AutoRoutes.php(110): Config\RestApi->report()
#10 /run/media/bagus/2AF0ED25F0ECF849/Project/php/one-router-panelv/app/Config/Routes.php(57): Config\AutoRoutes->toRoute()
#11 /run/media/bagus/2AF0ED25F0ECF849/Project/php/one-router-panelv/vendor/codeigniter4/framework/system/CodeIgniter.php(803): require('/run/media/bagu...')
#12 /run/media/bagus/2AF0ED25F0ECF849/Project/php/one-router-panelv/vendor/codeigniter4/framework/system/CodeIgniter.php(385): CodeIgniter\CodeIgniter->tryToRouteIt()
#13 /run/media/bagus/2AF0ED25F0ECF849/Project/php/one-router-panelv/vendor/codeigniter4/framework/system/CodeIgniter.php(333): CodeIgniter\CodeIgniter->handleRequest()
#14 /run/media/bagus/2AF0ED25F0ECF849/Project/php/one-router-panelv/public/index.php(44): CodeIgniter\CodeIgniter->run()
#15 /run/media/bagus/2AF0ED25F0ECF849/Project/php/one-router-panelv/vendor/codeigniter4/framework/system/Commands/Server/rewrite.php(45): require_once('/run/media/bagu...')
#16 {main}
CRITICAL - 2021-06-07 23:26:23 --> Connection refused for URI http://127.0.0.1:8081/reports
#0 /run/media/bagus/2AF0ED25F0ECF849/Project/php/one-router-panelv/vendor/guzzlehttp/guzzle/src/PrepareBodyMiddleware.php(64): GuzzleHttp\Handler\StreamHandler->__invoke()
#1 /run/media/bagus/2AF0ED25F0ECF849/Project/php/one-router-panelv/vendor/guzzlehttp/guzzle/src/Middleware.php(31): GuzzleHttp\PrepareBodyMiddleware->__invoke()
#2 /run/media/bagus/2AF0ED25F0ECF849/Project/php/one-router-panelv/vendor/guzzlehttp/guzzle/src/RedirectMiddleware.php(71): GuzzleHttp\Middleware::GuzzleHttp\{closure}()
#3 /run/media/bagus/2AF0ED25F0ECF849/Project/php/one-router-panelv/vendor/guzzlehttp/guzzle/src/Middleware.php(63): GuzzleHttp\RedirectMiddleware->__invoke()
#4 /run/media/bagus/2AF0ED25F0ECF849/Project/php/one-router-panelv/vendor/guzzlehttp/guzzle/src/HandlerStack.php(75): GuzzleHttp\Middleware::GuzzleHttp\{closure}()
#5 /run/media/bagus/2AF0ED25F0ECF849/Project/php/one-router-panelv/vendor/guzzlehttp/guzzle/src/Client.php(331): GuzzleHttp\HandlerStack->__invoke()
#6 /run/media/bagus/2AF0ED25F0ECF849/Project/php/one-router-panelv/vendor/guzzlehttp/guzzle/src/Client.php(168): GuzzleHttp\Client->transfer()
#7 /run/media/bagus/2AF0ED25F0ECF849/Project/php/one-router-panelv/vendor/guzzlehttp/guzzle/src/Client.php(187): GuzzleHttp\Client->requestAsync()
#8 /run/media/bagus/2AF0ED25F0ECF849/Project/php/one-router-panelv/app/Config/RestApi.php(96): GuzzleHttp\Client->request()
#9 /run/media/bagus/2AF0ED25F0ECF849/Project/php/one-router-panelv/app/Config/AutoRoutes.php(110): Config\RestApi->report()
#10 /run/media/bagus/2AF0ED25F0ECF849/Project/php/one-router-panelv/app/Config/Routes.php(57): Config\AutoRoutes->toRoute()
#11 /run/media/bagus/2AF0ED25F0ECF849/Project/php/one-router-panelv/vendor/codeigniter4/framework/system/CodeIgniter.php(803): require('/run/media/bagu...')
#12 /run/media/bagus/2AF0ED25F0ECF849/Project/php/one-router-panelv/vendor/codeigniter4/framework/system/CodeIgniter.php(385): CodeIgniter\CodeIgniter->tryToRouteIt()
#13 /run/media/bagus/2AF0ED25F0ECF849/Project/php/one-router-panelv/vendor/codeigniter4/framework/system/CodeIgniter.php(333): CodeIgniter\CodeIgniter->handleRequest()
#14 /run/media/bagus/2AF0ED25F0ECF849/Project/php/one-router-panelv/public/index.php(44): CodeIgniter\CodeIgniter->run()
#15 /run/media/bagus/2AF0ED25F0ECF849/Project/php/one-router-panelv/vendor/codeigniter4/framework/system/Commands/Server/rewrite.php(45): require_once('/run/media/bagu...')
#16 {main}
CRITICAL - 2021-06-07 23:32:12 --> Connection refused for URI http://127.0.0.1:8081/reports
#0 /run/media/bagus/2AF0ED25F0ECF849/Project/php/one-router-panelv/vendor/guzzlehttp/guzzle/src/PrepareBodyMiddleware.php(64): GuzzleHttp\Handler\StreamHandler->__invoke()
#1 /run/media/bagus/2AF0ED25F0ECF849/Project/php/one-router-panelv/vendor/guzzlehttp/guzzle/src/Middleware.php(31): GuzzleHttp\PrepareBodyMiddleware->__invoke()
#2 /run/media/bagus/2AF0ED25F0ECF849/Project/php/one-router-panelv/vendor/guzzlehttp/guzzle/src/RedirectMiddleware.php(71): GuzzleHttp\Middleware::GuzzleHttp\{closure}()
#3 /run/media/bagus/2AF0ED25F0ECF849/Project/php/one-router-panelv/vendor/guzzlehttp/guzzle/src/Middleware.php(63): GuzzleHttp\RedirectMiddleware->__invoke()
#4 /run/media/bagus/2AF0ED25F0ECF849/Project/php/one-router-panelv/vendor/guzzlehttp/guzzle/src/HandlerStack.php(75): GuzzleHttp\Middleware::GuzzleHttp\{closure}()
#5 /run/media/bagus/2AF0ED25F0ECF849/Project/php/one-router-panelv/vendor/guzzlehttp/guzzle/src/Client.php(331): GuzzleHttp\HandlerStack->__invoke()
#6 /run/media/bagus/2AF0ED25F0ECF849/Project/php/one-router-panelv/vendor/guzzlehttp/guzzle/src/Client.php(168): GuzzleHttp\Client->transfer()
#7 /run/media/bagus/2AF0ED25F0ECF849/Project/php/one-router-panelv/vendor/guzzlehttp/guzzle/src/Client.php(187): GuzzleHttp\Client->requestAsync()
#8 /run/media/bagus/2AF0ED25F0ECF849/Project/php/one-router-panelv/app/Config/RestApi.php(96): GuzzleHttp\Client->request()
#9 /run/media/bagus/2AF0ED25F0ECF849/Project/php/one-router-panelv/app/Config/AutoRoutes.php(110): Config\RestApi->report()
#10 /run/media/bagus/2AF0ED25F0ECF849/Project/php/one-router-panelv/app/Config/Routes.php(57): Config\AutoRoutes->toRoute()
#11 /run/media/bagus/2AF0ED25F0ECF849/Project/php/one-router-panelv/vendor/codeigniter4/framework/system/CodeIgniter.php(803): require('/run/media/bagu...')
#12 /run/media/bagus/2AF0ED25F0ECF849/Project/php/one-router-panelv/vendor/codeigniter4/framework/system/CodeIgniter.php(385): CodeIgniter\CodeIgniter->tryToRouteIt()
#13 /run/media/bagus/2AF0ED25F0ECF849/Project/php/one-router-panelv/vendor/codeigniter4/framework/system/CodeIgniter.php(333): CodeIgniter\CodeIgniter->handleRequest()
#14 /run/media/bagus/2AF0ED25F0ECF849/Project/php/one-router-panelv/public/index.php(44): CodeIgniter\CodeIgniter->run()
#15 /run/media/bagus/2AF0ED25F0ECF849/Project/php/one-router-panelv/vendor/codeigniter4/framework/system/Commands/Server/rewrite.php(45): require_once('/run/media/bagu...')
#16 {main}
CRITICAL - 2021-06-07 23:35:10 --> Connection refused for URI http://127.0.0.1:8081/reports
#0 /run/media/bagus/2AF0ED25F0ECF849/Project/php/one-router-panelv/vendor/guzzlehttp/guzzle/src/PrepareBodyMiddleware.php(64): GuzzleHttp\Handler\StreamHandler->__invoke()
#1 /run/media/bagus/2AF0ED25F0ECF849/Project/php/one-router-panelv/vendor/guzzlehttp/guzzle/src/Middleware.php(31): GuzzleHttp\PrepareBodyMiddleware->__invoke()
#2 /run/media/bagus/2AF0ED25F0ECF849/Project/php/one-router-panelv/vendor/guzzlehttp/guzzle/src/RedirectMiddleware.php(71): GuzzleHttp\Middleware::GuzzleHttp\{closure}()
#3 /run/media/bagus/2AF0ED25F0ECF849/Project/php/one-router-panelv/vendor/guzzlehttp/guzzle/src/Middleware.php(63): GuzzleHttp\RedirectMiddleware->__invoke()
#4 /run/media/bagus/2AF0ED25F0ECF849/Project/php/one-router-panelv/vendor/guzzlehttp/guzzle/src/HandlerStack.php(75): GuzzleHttp\Middleware::GuzzleHttp\{closure}()
#5 /run/media/bagus/2AF0ED25F0ECF849/Project/php/one-router-panelv/vendor/guzzlehttp/guzzle/src/Client.php(331): GuzzleHttp\HandlerStack->__invoke()
#6 /run/media/bagus/2AF0ED25F0ECF849/Project/php/one-router-panelv/vendor/guzzlehttp/guzzle/src/Client.php(168): GuzzleHttp\Client->transfer()
#7 /run/media/bagus/2AF0ED25F0ECF849/Project/php/one-router-panelv/vendor/guzzlehttp/guzzle/src/Client.php(187): GuzzleHttp\Client->requestAsync()
#8 /run/media/bagus/2AF0ED25F0ECF849/Project/php/one-router-panelv/app/Config/RestApi.php(96): GuzzleHttp\Client->request()
#9 /run/media/bagus/2AF0ED25F0ECF849/Project/php/one-router-panelv/app/Config/AutoRoutes.php(110): Config\RestApi->report()
#10 /run/media/bagus/2AF0ED25F0ECF849/Project/php/one-router-panelv/app/Config/Routes.php(57): Config\AutoRoutes->toRoute()
#11 /run/media/bagus/2AF0ED25F0ECF849/Project/php/one-router-panelv/vendor/codeigniter4/framework/system/CodeIgniter.php(803): require('/run/media/bagu...')
#12 /run/media/bagus/2AF0ED25F0ECF849/Project/php/one-router-panelv/vendor/codeigniter4/framework/system/CodeIgniter.php(385): CodeIgniter\CodeIgniter->tryToRouteIt()
#13 /run/media/bagus/2AF0ED25F0ECF849/Project/php/one-router-panelv/vendor/codeigniter4/framework/system/CodeIgniter.php(333): CodeIgniter\CodeIgniter->handleRequest()
#14 /run/media/bagus/2AF0ED25F0ECF849/Project/php/one-router-panelv/public/index.php(44): CodeIgniter\CodeIgniter->run()
#15 /run/media/bagus/2AF0ED25F0ECF849/Project/php/one-router-panelv/vendor/codeigniter4/framework/system/Commands/Server/rewrite.php(45): require_once('/run/media/bagu...')
#16 {main}
CRITICAL - 2021-06-07 23:38:45 --> Connection refused for URI http://127.0.0.1:8081/reports
#0 /run/media/bagus/2AF0ED25F0ECF849/Project/php/one-router-panelv/vendor/guzzlehttp/guzzle/src/PrepareBodyMiddleware.php(64): GuzzleHttp\Handler\StreamHandler->__invoke()
#1 /run/media/bagus/2AF0ED25F0ECF849/Project/php/one-router-panelv/vendor/guzzlehttp/guzzle/src/Middleware.php(31): GuzzleHttp\PrepareBodyMiddleware->__invoke()
#2 /run/media/bagus/2AF0ED25F0ECF849/Project/php/one-router-panelv/vendor/guzzlehttp/guzzle/src/RedirectMiddleware.php(71): GuzzleHttp\Middleware::GuzzleHttp\{closure}()
#3 /run/media/bagus/2AF0ED25F0ECF849/Project/php/one-router-panelv/vendor/guzzlehttp/guzzle/src/Middleware.php(63): GuzzleHttp\RedirectMiddleware->__invoke()
#4 /run/media/bagus/2AF0ED25F0ECF849/Project/php/one-router-panelv/vendor/guzzlehttp/guzzle/src/HandlerStack.php(75): GuzzleHttp\Middleware::GuzzleHttp\{closure}()
#5 /run/media/bagus/2AF0ED25F0ECF849/Project/php/one-router-panelv/vendor/guzzlehttp/guzzle/src/Client.php(331): GuzzleHttp\HandlerStack->__invoke()
#6 /run/media/bagus/2AF0ED25F0ECF849/Project/php/one-router-panelv/vendor/guzzlehttp/guzzle/src/Client.php(168): GuzzleHttp\Client->transfer()
#7 /run/media/bagus/2AF0ED25F0ECF849/Project/php/one-router-panelv/vendor/guzzlehttp/guzzle/src/Client.php(187): GuzzleHttp\Client->requestAsync()
#8 /run/media/bagus/2AF0ED25F0ECF849/Project/php/one-router-panelv/app/Config/RestApi.php(96): GuzzleHttp\Client->request()
#9 /run/media/bagus/2AF0ED25F0ECF849/Project/php/one-router-panelv/app/Config/AutoRoutes.php(110): Config\RestApi->report()
#10 /run/media/bagus/2AF0ED25F0ECF849/Project/php/one-router-panelv/app/Config/Routes.php(57): Config\AutoRoutes->toRoute()
#11 /run/media/bagus/2AF0ED25F0ECF849/Project/php/one-router-panelv/vendor/codeigniter4/framework/system/CodeIgniter.php(803): require('/run/media/bagu...')
#12 /run/media/bagus/2AF0ED25F0ECF849/Project/php/one-router-panelv/vendor/codeigniter4/framework/system/CodeIgniter.php(385): CodeIgniter\CodeIgniter->tryToRouteIt()
#13 /run/media/bagus/2AF0ED25F0ECF849/Project/php/one-router-panelv/vendor/codeigniter4/framework/system/CodeIgniter.php(333): CodeIgniter\CodeIgniter->handleRequest()
#14 /run/media/bagus/2AF0ED25F0ECF849/Project/php/one-router-panelv/public/index.php(44): CodeIgniter\CodeIgniter->run()
#15 /run/media/bagus/2AF0ED25F0ECF849/Project/php/one-router-panelv/vendor/codeigniter4/framework/system/Commands/Server/rewrite.php(45): require_once('/run/media/bagu...')
#16 {main}
CRITICAL - 2021-06-07 23:43:20 --> Connection refused for URI http://127.0.0.1:8081/findurl
#0 /run/media/bagus/2AF0ED25F0ECF849/Project/php/one-router-panelv/vendor/guzzlehttp/guzzle/src/PrepareBodyMiddleware.php(64): GuzzleHttp\Handler\StreamHandler->__invoke()
#1 /run/media/bagus/2AF0ED25F0ECF849/Project/php/one-router-panelv/vendor/guzzlehttp/guzzle/src/Middleware.php(31): GuzzleHttp\PrepareBodyMiddleware->__invoke()
#2 /run/media/bagus/2AF0ED25F0ECF849/Project/php/one-router-panelv/vendor/guzzlehttp/guzzle/src/RedirectMiddleware.php(71): GuzzleHttp\Middleware::GuzzleHttp\{closure}()
#3 /run/media/bagus/2AF0ED25F0ECF849/Project/php/one-router-panelv/vendor/guzzlehttp/guzzle/src/Middleware.php(63): GuzzleHttp\RedirectMiddleware->__invoke()
#4 /run/media/bagus/2AF0ED25F0ECF849/Project/php/one-router-panelv/vendor/guzzlehttp/guzzle/src/HandlerStack.php(75): GuzzleHttp\Middleware::GuzzleHttp\{closure}()
#5 /run/media/bagus/2AF0ED25F0ECF849/Project/php/one-router-panelv/vendor/guzzlehttp/guzzle/src/Client.php(331): GuzzleHttp\HandlerStack->__invoke()
#6 /run/media/bagus/2AF0ED25F0ECF849/Project/php/one-router-panelv/vendor/guzzlehttp/guzzle/src/Client.php(168): GuzzleHttp\Client->transfer()
#7 /run/media/bagus/2AF0ED25F0ECF849/Project/php/one-router-panelv/vendor/guzzlehttp/guzzle/src/Client.php(187): GuzzleHttp\Client->requestAsync()
#8 /run/media/bagus/2AF0ED25F0ECF849/Project/php/one-router-panelv/app/Config/RestApi.php(26): GuzzleHttp\Client->request()
#9 /run/media/bagus/2AF0ED25F0ECF849/Project/php/one-router-panelv/app/Config/AutoRoutes.php(195): Config\RestApi->findUrls()
#10 /run/media/bagus/2AF0ED25F0ECF849/Project/php/one-router-panelv/app/Config/AutoRoutes.php(56): Config\AutoRoutes->findURL()
#11 /run/media/bagus/2AF0ED25F0ECF849/Project/php/one-router-panelv/app/Config/Routes.php(57): Config\AutoRoutes->toRoute()
#12 /run/media/bagus/2AF0ED25F0ECF849/Project/php/one-router-panelv/vendor/codeigniter4/framework/system/CodeIgniter.php(803): require('/run/media/bagu...')
#13 /run/media/bagus/2AF0ED25F0ECF849/Project/php/one-router-panelv/vendor/codeigniter4/framework/system/CodeIgniter.php(385): CodeIgniter\CodeIgniter->tryToRouteIt()
#14 /run/media/bagus/2AF0ED25F0ECF849/Project/php/one-router-panelv/vendor/codeigniter4/framework/system/CodeIgniter.php(333): CodeIgniter\CodeIgniter->handleRequest()
#15 /run/media/bagus/2AF0ED25F0ECF849/Project/php/one-router-panelv/public/index.php(44): CodeIgniter\CodeIgniter->run()
#16 /run/media/bagus/2AF0ED25F0ECF849/Project/php/one-router-panelv/vendor/codeigniter4/framework/system/Commands/Server/rewrite.php(45): require_once('/run/media/bagu...')
#17 {main}
CRITICAL - 2021-06-07 23:43:37 --> Connection refused for URI http://127.0.0.1:8081/navbarheader
#0 /run/media/bagus/2AF0ED25F0ECF849/Project/php/one-router-panelv/vendor/guzzlehttp/guzzle/src/PrepareBodyMiddleware.php(64): GuzzleHttp\Handler\StreamHandler->__invoke()
#1 /run/media/bagus/2AF0ED25F0ECF849/Project/php/one-router-panelv/vendor/guzzlehttp/guzzle/src/Middleware.php(31): GuzzleHttp\PrepareBodyMiddleware->__invoke()
#2 /run/media/bagus/2AF0ED25F0ECF849/Project/php/one-router-panelv/vendor/guzzlehttp/guzzle/src/RedirectMiddleware.php(71): GuzzleHttp\Middleware::GuzzleHttp\{closure}()
#3 /run/media/bagus/2AF0ED25F0ECF849/Project/php/one-router-panelv/vendor/guzzlehttp/guzzle/src/Middleware.php(63): GuzzleHttp\RedirectMiddleware->__invoke()
#4 /run/media/bagus/2AF0ED25F0ECF849/Project/php/one-router-panelv/vendor/guzzlehttp/guzzle/src/HandlerStack.php(75): GuzzleHttp\Middleware::GuzzleHttp\{closure}()
#5 /run/media/bagus/2AF0ED25F0ECF849/Project/php/one-router-panelv/vendor/guzzlehttp/guzzle/src/Client.php(331): GuzzleHttp\HandlerStack->__invoke()
#6 /run/media/bagus/2AF0ED25F0ECF849/Project/php/one-router-panelv/vendor/guzzlehttp/guzzle/src/Client.php(168): GuzzleHttp\Client->transfer()
#7 /run/media/bagus/2AF0ED25F0ECF849/Project/php/one-router-panelv/vendor/guzzlehttp/guzzle/src/Client.php(187): GuzzleHttp\Client->requestAsync()
#8 /run/media/bagus/2AF0ED25F0ECF849/Project/php/one-router-panelv/app/Config/RestApi.php(54): GuzzleHttp\Client->request()
#9 /run/media/bagus/2AF0ED25F0ECF849/Project/php/one-router-panelv/app/Config/AutoRoutes.php(127): Config\RestApi->loadNavbar()
#10 /run/media/bagus/2AF0ED25F0ECF849/Project/php/one-router-panelv/app/Config/Routes.php(57): Config\AutoRoutes->toRoute()
#11 /run/media/bagus/2AF0ED25F0ECF849/Project/php/one-router-panelv/vendor/codeigniter4/framework/system/CodeIgniter.php(803): require('/run/media/bagu...')
#12 /run/media/bagus/2AF0ED25F0ECF849/Project/php/one-router-panelv/vendor/codeigniter4/framework/system/CodeIgniter.php(385): CodeIgniter\CodeIgniter->tryToRouteIt()
#13 /run/media/bagus/2AF0ED25F0ECF849/Project/php/one-router-panelv/vendor/codeigniter4/framework/system/CodeIgniter.php(333): CodeIgniter\CodeIgniter->handleRequest()
#14 /run/media/bagus/2AF0ED25F0ECF849/Project/php/one-router-panelv/public/index.php(44): CodeIgniter\CodeIgniter->run()
#15 /run/media/bagus/2AF0ED25F0ECF849/Project/php/one-router-panelv/vendor/codeigniter4/framework/system/Commands/Server/rewrite.php(45): require_once('/run/media/bagu...')
#16 {main}
CRITICAL - 2021-06-07 23:43:45 --> Connection refused for URI http://127.0.0.1:8081/navbarheader
#0 /run/media/bagus/2AF0ED25F0ECF849/Project/php/one-router-panelv/vendor/guzzlehttp/guzzle/src/PrepareBodyMiddleware.php(64): GuzzleHttp\Handler\StreamHandler->__invoke()
#1 /run/media/bagus/2AF0ED25F0ECF849/Project/php/one-router-panelv/vendor/guzzlehttp/guzzle/src/Middleware.php(31): GuzzleHttp\PrepareBodyMiddleware->__invoke()
#2 /run/media/bagus/2AF0ED25F0ECF849/Project/php/one-router-panelv/vendor/guzzlehttp/guzzle/src/RedirectMiddleware.php(71): GuzzleHttp\Middleware::GuzzleHttp\{closure}()
#3 /run/media/bagus/2AF0ED25F0ECF849/Project/php/one-router-panelv/vendor/guzzlehttp/guzzle/src/Middleware.php(63): GuzzleHttp\RedirectMiddleware->__invoke()
#4 /run/media/bagus/2AF0ED25F0ECF849/Project/php/one-router-panelv/vendor/guzzlehttp/guzzle/src/HandlerStack.php(75): GuzzleHttp\Middleware::GuzzleHttp\{closure}()
#5 /run/media/bagus/2AF0ED25F0ECF849/Project/php/one-router-panelv/vendor/guzzlehttp/guzzle/src/Client.php(331): GuzzleHttp\HandlerStack->__invoke()
#6 /run/media/bagus/2AF0ED25F0ECF849/Project/php/one-router-panelv/vendor/guzzlehttp/guzzle/src/Client.php(168): GuzzleHttp\Client->transfer()
#7 /run/media/bagus/2AF0ED25F0ECF849/Project/php/one-router-panelv/vendor/guzzlehttp/guzzle/src/Client.php(187): GuzzleHttp\Client->requestAsync()
#8 /run/media/bagus/2AF0ED25F0ECF849/Project/php/one-router-panelv/app/Config/RestApi.php(54): GuzzleHttp\Client->request()
#9 /run/media/bagus/2AF0ED25F0ECF849/Project/php/one-router-panelv/app/Config/AutoRoutes.php(127): Config\RestApi->loadNavbar()
#10 /run/media/bagus/2AF0ED25F0ECF849/Project/php/one-router-panelv/app/Config/Routes.php(57): Config\AutoRoutes->toRoute()
#11 /run/media/bagus/2AF0ED25F0ECF849/Project/php/one-router-panelv/vendor/codeigniter4/framework/system/CodeIgniter.php(803): require('/run/media/bagu...')
#12 /run/media/bagus/2AF0ED25F0ECF849/Project/php/one-router-panelv/vendor/codeigniter4/framework/system/CodeIgniter.php(385): CodeIgniter\CodeIgniter->tryToRouteIt()
#13 /run/media/bagus/2AF0ED25F0ECF849/Project/php/one-router-panelv/vendor/codeigniter4/framework/system/CodeIgniter.php(333): CodeIgniter\CodeIgniter->handleRequest()
#14 /run/media/bagus/2AF0ED25F0ECF849/Project/php/one-router-panelv/public/index.php(44): CodeIgniter\CodeIgniter->run()
#15 /run/media/bagus/2AF0ED25F0ECF849/Project/php/one-router-panelv/vendor/codeigniter4/framework/system/Commands/Server/rewrite.php(45): require_once('/run/media/bagu...')
#16 {main}
CRITICAL - 2021-06-07 23:53:02 --> Connection refused for URI http://127.0.0.1:8081/reports
#0 /run/media/bagus/2AF0ED25F0ECF849/Project/php/one-router-panelv/vendor/guzzlehttp/guzzle/src/PrepareBodyMiddleware.php(64): GuzzleHttp\Handler\StreamHandler->__invoke()
#1 /run/media/bagus/2AF0ED25F0ECF849/Project/php/one-router-panelv/vendor/guzzlehttp/guzzle/src/Middleware.php(31): GuzzleHttp\PrepareBodyMiddleware->__invoke()
#2 /run/media/bagus/2AF0ED25F0ECF849/Project/php/one-router-panelv/vendor/guzzlehttp/guzzle/src/RedirectMiddleware.php(71): GuzzleHttp\Middleware::GuzzleHttp\{closure}()
#3 /run/media/bagus/2AF0ED25F0ECF849/Project/php/one-router-panelv/vendor/guzzlehttp/guzzle/src/Middleware.php(63): GuzzleHttp\RedirectMiddleware->__invoke()
#4 /run/media/bagus/2AF0ED25F0ECF849/Project/php/one-router-panelv/vendor/guzzlehttp/guzzle/src/HandlerStack.php(75): GuzzleHttp\Middleware::GuzzleHttp\{closure}()
#5 /run/media/bagus/2AF0ED25F0ECF849/Project/php/one-router-panelv/vendor/guzzlehttp/guzzle/src/Client.php(331): GuzzleHttp\HandlerStack->__invoke()
#6 /run/media/bagus/2AF0ED25F0ECF849/Project/php/one-router-panelv/vendor/guzzlehttp/guzzle/src/Client.php(168): GuzzleHttp\Client->transfer()
#7 /run/media/bagus/2AF0ED25F0ECF849/Project/php/one-router-panelv/vendor/guzzlehttp/guzzle/src/Client.php(187): GuzzleHttp\Client->requestAsync()
#8 /run/media/bagus/2AF0ED25F0ECF849/Project/php/one-router-panelv/app/Config/RestApi.php(96): GuzzleHttp\Client->request()
#9 /run/media/bagus/2AF0ED25F0ECF849/Project/php/one-router-panelv/app/Config/AutoRoutes.php(110): Config\RestApi->report()
#10 /run/media/bagus/2AF0ED25F0ECF849/Project/php/one-router-panelv/app/Config/Routes.php(57): Config\AutoRoutes->toRoute()
#11 /run/media/bagus/2AF0ED25F0ECF849/Project/php/one-router-panelv/vendor/codeigniter4/framework/system/CodeIgniter.php(803): require('/run/media/bagu...')
#12 /run/media/bagus/2AF0ED25F0ECF849/Project/php/one-router-panelv/vendor/codeigniter4/framework/system/CodeIgniter.php(385): CodeIgniter\CodeIgniter->tryToRouteIt()
#13 /run/media/bagus/2AF0ED25F0ECF849/Project/php/one-router-panelv/vendor/codeigniter4/framework/system/CodeIgniter.php(333): CodeIgniter\CodeIgniter->handleRequest()
#14 /run/media/bagus/2AF0ED25F0ECF849/Project/php/one-router-panelv/public/index.php(44): CodeIgniter\CodeIgniter->run()
#15 /run/media/bagus/2AF0ED25F0ECF849/Project/php/one-router-panelv/vendor/codeigniter4/framework/system/Commands/Server/rewrite.php(45): require_once('/run/media/bagu...')
#16 {main}
