CRITICAL - 2021-05-18 22:38:36 --> require(pages\home\home.php): failed to open stream: No such file or directory
#0 /run/media/bagus/2AF0ED25F0ECF849/AppServ/02052021/www/one-router-panelv/app/Views/main.php(56): CodeIgniter\Debug\Exceptions->errorHandler()
#1 /run/media/bagus/2AF0ED25F0ECF849/AppServ/02052021/www/one-router-panelv/app/Views/main.php(56): require()
#2 /run/media/bagus/2AF0ED25F0ECF849/AppServ/02052021/www/one-router-panelv/vendor/codeigniter4/framework/system/View/View.php(220): include('/run/media/bagu...')
#3 /run/media/bagus/2AF0ED25F0ECF849/AppServ/02052021/www/one-router-panelv/vendor/codeigniter4/framework/system/View/View.php(222): CodeIgniter\View\View->CodeIgniter\View\{closure}()
#4 /run/media/bagus/2AF0ED25F0ECF849/AppServ/02052021/www/one-router-panelv/vendor/codeigniter4/framework/system/Common.php(1217): CodeIgniter\View\View->render()
#5 /run/media/bagus/2AF0ED25F0ECF849/AppServ/02052021/www/one-router-panelv/app/Config/AutoRoutes.php(189): view()
#6 /run/media/bagus/2AF0ED25F0ECF849/AppServ/02052021/www/one-router-panelv/app/Config/AutoRoutes.php(79): Config\AutoRoutes->toRoutesPost()
#7 /run/media/bagus/2AF0ED25F0ECF849/AppServ/02052021/www/one-router-panelv/app/Config/Routes.php(57): Config\AutoRoutes->toRoute()
#8 /run/media/bagus/2AF0ED25F0ECF849/AppServ/02052021/www/one-router-panelv/vendor/codeigniter4/framework/system/CodeIgniter.php(803): require('/run/media/bagu...')
#9 /run/media/bagus/2AF0ED25F0ECF849/AppServ/02052021/www/one-router-panelv/vendor/codeigniter4/framework/system/CodeIgniter.php(385): CodeIgniter\CodeIgniter->tryToRouteIt()
#10 /run/media/bagus/2AF0ED25F0ECF849/AppServ/02052021/www/one-router-panelv/vendor/codeigniter4/framework/system/CodeIgniter.php(333): CodeIgniter\CodeIgniter->handleRequest()
#11 /run/media/bagus/2AF0ED25F0ECF849/AppServ/02052021/www/one-router-panelv/public/index.php(44): CodeIgniter\CodeIgniter->run()
#12 /run/media/bagus/2AF0ED25F0ECF849/AppServ/02052021/www/one-router-panelv/vendor/codeigniter4/framework/system/Commands/Server/rewrite.php(45): require_once('/run/media/bagu...')
#13 {main}
CRITICAL - 2021-05-18 22:38:47 --> require(pages\home\home.php): failed to open stream: No such file or directory
#0 /run/media/bagus/2AF0ED25F0ECF849/AppServ/02052021/www/one-router-panelv/app/Views/main.php(56): CodeIgniter\Debug\Exceptions->errorHandler()
#1 /run/media/bagus/2AF0ED25F0ECF849/AppServ/02052021/www/one-router-panelv/app/Views/main.php(56): require()
#2 /run/media/bagus/2AF0ED25F0ECF849/AppServ/02052021/www/one-router-panelv/vendor/codeigniter4/framework/system/View/View.php(220): include('/run/media/bagu...')
#3 /run/media/bagus/2AF0ED25F0ECF849/AppServ/02052021/www/one-router-panelv/vendor/codeigniter4/framework/system/View/View.php(222): CodeIgniter\View\View->CodeIgniter\View\{closure}()
#4 /run/media/bagus/2AF0ED25F0ECF849/AppServ/02052021/www/one-router-panelv/vendor/codeigniter4/framework/system/Common.php(1217): CodeIgniter\View\View->render()
#5 /run/media/bagus/2AF0ED25F0ECF849/AppServ/02052021/www/one-router-panelv/app/Config/AutoRoutes.php(189): view()
#6 /run/media/bagus/2AF0ED25F0ECF849/AppServ/02052021/www/one-router-panelv/app/Config/AutoRoutes.php(79): Config\AutoRoutes->toRoutesPost()
#7 /run/media/bagus/2AF0ED25F0ECF849/AppServ/02052021/www/one-router-panelv/app/Config/Routes.php(57): Config\AutoRoutes->toRoute()
#8 /run/media/bagus/2AF0ED25F0ECF849/AppServ/02052021/www/one-router-panelv/vendor/codeigniter4/framework/system/CodeIgniter.php(803): require('/run/media/bagu...')
#9 /run/media/bagus/2AF0ED25F0ECF849/AppServ/02052021/www/one-router-panelv/vendor/codeigniter4/framework/system/CodeIgniter.php(385): CodeIgniter\CodeIgniter->tryToRouteIt()
#10 /run/media/bagus/2AF0ED25F0ECF849/AppServ/02052021/www/one-router-panelv/vendor/codeigniter4/framework/system/CodeIgniter.php(333): CodeIgniter\CodeIgniter->handleRequest()
#11 /run/media/bagus/2AF0ED25F0ECF849/AppServ/02052021/www/one-router-panelv/public/index.php(44): CodeIgniter\CodeIgniter->run()
#12 /run/media/bagus/2AF0ED25F0ECF849/AppServ/02052021/www/one-router-panelv/vendor/codeigniter4/framework/system/Commands/Server/rewrite.php(45): require_once('/run/media/bagu...')
#13 {main}
CRITICAL - 2021-05-18 22:39:14 --> require(pages\home\home.php): failed to open stream: No such file or directory
#0 /run/media/bagus/2AF0ED25F0ECF849/AppServ/02052021/www/one-router-panelv/app/Views/main.php(56): CodeIgniter\Debug\Exceptions->errorHandler()
#1 /run/media/bagus/2AF0ED25F0ECF849/AppServ/02052021/www/one-router-panelv/app/Views/main.php(56): require()
#2 /run/media/bagus/2AF0ED25F0ECF849/AppServ/02052021/www/one-router-panelv/vendor/codeigniter4/framework/system/View/View.php(220): include('/run/media/bagu...')
#3 /run/media/bagus/2AF0ED25F0ECF849/AppServ/02052021/www/one-router-panelv/vendor/codeigniter4/framework/system/View/View.php(222): CodeIgniter\View\View->CodeIgniter\View\{closure}()
#4 /run/media/bagus/2AF0ED25F0ECF849/AppServ/02052021/www/one-router-panelv/vendor/codeigniter4/framework/system/Common.php(1217): CodeIgniter\View\View->render()
#5 /run/media/bagus/2AF0ED25F0ECF849/AppServ/02052021/www/one-router-panelv/app/Config/AutoRoutes.php(189): view()
#6 /run/media/bagus/2AF0ED25F0ECF849/AppServ/02052021/www/one-router-panelv/app/Config/AutoRoutes.php(79): Config\AutoRoutes->toRoutesPost()
#7 /run/media/bagus/2AF0ED25F0ECF849/AppServ/02052021/www/one-router-panelv/app/Config/Routes.php(57): Config\AutoRoutes->toRoute()
#8 /run/media/bagus/2AF0ED25F0ECF849/AppServ/02052021/www/one-router-panelv/vendor/codeigniter4/framework/system/CodeIgniter.php(803): require('/run/media/bagu...')
#9 /run/media/bagus/2AF0ED25F0ECF849/AppServ/02052021/www/one-router-panelv/vendor/codeigniter4/framework/system/CodeIgniter.php(385): CodeIgniter\CodeIgniter->tryToRouteIt()
#10 /run/media/bagus/2AF0ED25F0ECF849/AppServ/02052021/www/one-router-panelv/vendor/codeigniter4/framework/system/CodeIgniter.php(333): CodeIgniter\CodeIgniter->handleRequest()
#11 /run/media/bagus/2AF0ED25F0ECF849/AppServ/02052021/www/one-router-panelv/public/index.php(44): CodeIgniter\CodeIgniter->run()
#12 /run/media/bagus/2AF0ED25F0ECF849/AppServ/02052021/www/one-router-panelv/vendor/codeigniter4/framework/system/Commands/Server/rewrite.php(45): require_once('/run/media/bagu...')
#13 {main}
CRITICAL - 2021-05-18 22:39:19 --> require(pages\home\home.php): failed to open stream: No such file or directory
#0 /run/media/bagus/2AF0ED25F0ECF849/AppServ/02052021/www/one-router-panelv/app/Views/main.php(56): CodeIgniter\Debug\Exceptions->errorHandler()
#1 /run/media/bagus/2AF0ED25F0ECF849/AppServ/02052021/www/one-router-panelv/app/Views/main.php(56): require()
#2 /run/media/bagus/2AF0ED25F0ECF849/AppServ/02052021/www/one-router-panelv/vendor/codeigniter4/framework/system/View/View.php(220): include('/run/media/bagu...')
#3 /run/media/bagus/2AF0ED25F0ECF849/AppServ/02052021/www/one-router-panelv/vendor/codeigniter4/framework/system/View/View.php(222): CodeIgniter\View\View->CodeIgniter\View\{closure}()
#4 /run/media/bagus/2AF0ED25F0ECF849/AppServ/02052021/www/one-router-panelv/vendor/codeigniter4/framework/system/Common.php(1217): CodeIgniter\View\View->render()
#5 /run/media/bagus/2AF0ED25F0ECF849/AppServ/02052021/www/one-router-panelv/app/Config/AutoRoutes.php(189): view()
#6 /run/media/bagus/2AF0ED25F0ECF849/AppServ/02052021/www/one-router-panelv/app/Config/AutoRoutes.php(79): Config\AutoRoutes->toRoutesPost()
#7 /run/media/bagus/2AF0ED25F0ECF849/AppServ/02052021/www/one-router-panelv/app/Config/Routes.php(57): Config\AutoRoutes->toRoute()
#8 /run/media/bagus/2AF0ED25F0ECF849/AppServ/02052021/www/one-router-panelv/vendor/codeigniter4/framework/system/CodeIgniter.php(803): require('/run/media/bagu...')
#9 /run/media/bagus/2AF0ED25F0ECF849/AppServ/02052021/www/one-router-panelv/vendor/codeigniter4/framework/system/CodeIgniter.php(385): CodeIgniter\CodeIgniter->tryToRouteIt()
#10 /run/media/bagus/2AF0ED25F0ECF849/AppServ/02052021/www/one-router-panelv/vendor/codeigniter4/framework/system/CodeIgniter.php(333): CodeIgniter\CodeIgniter->handleRequest()
#11 /run/media/bagus/2AF0ED25F0ECF849/AppServ/02052021/www/one-router-panelv/public/index.php(44): CodeIgniter\CodeIgniter->run()
#12 /run/media/bagus/2AF0ED25F0ECF849/AppServ/02052021/www/one-router-panelv/vendor/codeigniter4/framework/system/Commands/Server/rewrite.php(45): require_once('/run/media/bagu...')
#13 {main}
CRITICAL - 2021-05-18 22:41:34 --> require(pages\home\home.php): failed to open stream: No such file or directory
#0 /run/media/bagus/2AF0ED25F0ECF849/AppServ/02052021/www/one-router-panelv/app/Views/main.php(56): CodeIgniter\Debug\Exceptions->errorHandler()
#1 /run/media/bagus/2AF0ED25F0ECF849/AppServ/02052021/www/one-router-panelv/app/Views/main.php(56): require()
#2 /run/media/bagus/2AF0ED25F0ECF849/AppServ/02052021/www/one-router-panelv/vendor/codeigniter4/framework/system/View/View.php(220): include('/run/media/bagu...')
#3 /run/media/bagus/2AF0ED25F0ECF849/AppServ/02052021/www/one-router-panelv/vendor/codeigniter4/framework/system/View/View.php(222): CodeIgniter\View\View->CodeIgniter\View\{closure}()
#4 /run/media/bagus/2AF0ED25F0ECF849/AppServ/02052021/www/one-router-panelv/vendor/codeigniter4/framework/system/Common.php(1217): CodeIgniter\View\View->render()
#5 /run/media/bagus/2AF0ED25F0ECF849/AppServ/02052021/www/one-router-panelv/app/Config/AutoRoutes.php(189): view()
#6 /run/media/bagus/2AF0ED25F0ECF849/AppServ/02052021/www/one-router-panelv/app/Config/AutoRoutes.php(79): Config\AutoRoutes->toRoutesPost()
#7 /run/media/bagus/2AF0ED25F0ECF849/AppServ/02052021/www/one-router-panelv/app/Config/Routes.php(57): Config\AutoRoutes->toRoute()
#8 /run/media/bagus/2AF0ED25F0ECF849/AppServ/02052021/www/one-router-panelv/vendor/codeigniter4/framework/system/CodeIgniter.php(803): require('/run/media/bagu...')
#9 /run/media/bagus/2AF0ED25F0ECF849/AppServ/02052021/www/one-router-panelv/vendor/codeigniter4/framework/system/CodeIgniter.php(385): CodeIgniter\CodeIgniter->tryToRouteIt()
#10 /run/media/bagus/2AF0ED25F0ECF849/AppServ/02052021/www/one-router-panelv/vendor/codeigniter4/framework/system/CodeIgniter.php(333): CodeIgniter\CodeIgniter->handleRequest()
#11 /run/media/bagus/2AF0ED25F0ECF849/AppServ/02052021/www/one-router-panelv/public/index.php(44): CodeIgniter\CodeIgniter->run()
#12 /run/media/bagus/2AF0ED25F0ECF849/AppServ/02052021/www/one-router-panelv/vendor/codeigniter4/framework/system/Commands/Server/rewrite.php(45): require_once('/run/media/bagu...')
#13 {main}
CRITICAL - 2021-05-18 22:43:02 --> require(pages\home\home.php): failed to open stream: No such file or directory
#0 /run/media/bagus/2AF0ED25F0ECF849/AppServ/02052021/www/one-router-panelv/app/Views/main.php(56): CodeIgniter\Debug\Exceptions->errorHandler()
#1 /run/media/bagus/2AF0ED25F0ECF849/AppServ/02052021/www/one-router-panelv/app/Views/main.php(56): require()
#2 /run/media/bagus/2AF0ED25F0ECF849/AppServ/02052021/www/one-router-panelv/vendor/codeigniter4/framework/system/View/View.php(220): include('/run/media/bagu...')
#3 /run/media/bagus/2AF0ED25F0ECF849/AppServ/02052021/www/one-router-panelv/vendor/codeigniter4/framework/system/View/View.php(222): CodeIgniter\View\View->CodeIgniter\View\{closure}()
#4 /run/media/bagus/2AF0ED25F0ECF849/AppServ/02052021/www/one-router-panelv/vendor/codeigniter4/framework/system/Common.php(1217): CodeIgniter\View\View->render()
#5 /run/media/bagus/2AF0ED25F0ECF849/AppServ/02052021/www/one-router-panelv/app/Config/AutoRoutes.php(189): view()
#6 /run/media/bagus/2AF0ED25F0ECF849/AppServ/02052021/www/one-router-panelv/app/Config/AutoRoutes.php(79): Config\AutoRoutes->toRoutesPost()
#7 /run/media/bagus/2AF0ED25F0ECF849/AppServ/02052021/www/one-router-panelv/app/Config/Routes.php(57): Config\AutoRoutes->toRoute()
#8 /run/media/bagus/2AF0ED25F0ECF849/AppServ/02052021/www/one-router-panelv/vendor/codeigniter4/framework/system/CodeIgniter.php(803): require('/run/media/bagu...')
#9 /run/media/bagus/2AF0ED25F0ECF849/AppServ/02052021/www/one-router-panelv/vendor/codeigniter4/framework/system/CodeIgniter.php(385): CodeIgniter\CodeIgniter->tryToRouteIt()
#10 /run/media/bagus/2AF0ED25F0ECF849/AppServ/02052021/www/one-router-panelv/vendor/codeigniter4/framework/system/CodeIgniter.php(333): CodeIgniter\CodeIgniter->handleRequest()
#11 /run/media/bagus/2AF0ED25F0ECF849/AppServ/02052021/www/one-router-panelv/public/index.php(44): CodeIgniter\CodeIgniter->run()
#12 /run/media/bagus/2AF0ED25F0ECF849/AppServ/02052021/www/one-router-panelv/vendor/codeigniter4/framework/system/Commands/Server/rewrite.php(45): require_once('/run/media/bagu...')
#13 {main}
CRITICAL - 2021-05-18 22:43:06 --> require(pages\home\home.php): failed to open stream: No such file or directory
#0 /run/media/bagus/2AF0ED25F0ECF849/AppServ/02052021/www/one-router-panelv/app/Views/main.php(56): CodeIgniter\Debug\Exceptions->errorHandler()
#1 /run/media/bagus/2AF0ED25F0ECF849/AppServ/02052021/www/one-router-panelv/app/Views/main.php(56): require()
#2 /run/media/bagus/2AF0ED25F0ECF849/AppServ/02052021/www/one-router-panelv/vendor/codeigniter4/framework/system/View/View.php(220): include('/run/media/bagu...')
#3 /run/media/bagus/2AF0ED25F0ECF849/AppServ/02052021/www/one-router-panelv/vendor/codeigniter4/framework/system/View/View.php(222): CodeIgniter\View\View->CodeIgniter\View\{closure}()
#4 /run/media/bagus/2AF0ED25F0ECF849/AppServ/02052021/www/one-router-panelv/vendor/codeigniter4/framework/system/Common.php(1217): CodeIgniter\View\View->render()
#5 /run/media/bagus/2AF0ED25F0ECF849/AppServ/02052021/www/one-router-panelv/app/Config/AutoRoutes.php(189): view()
#6 /run/media/bagus/2AF0ED25F0ECF849/AppServ/02052021/www/one-router-panelv/app/Config/AutoRoutes.php(79): Config\AutoRoutes->toRoutesPost()
#7 /run/media/bagus/2AF0ED25F0ECF849/AppServ/02052021/www/one-router-panelv/app/Config/Routes.php(57): Config\AutoRoutes->toRoute()
#8 /run/media/bagus/2AF0ED25F0ECF849/AppServ/02052021/www/one-router-panelv/vendor/codeigniter4/framework/system/CodeIgniter.php(803): require('/run/media/bagu...')
#9 /run/media/bagus/2AF0ED25F0ECF849/AppServ/02052021/www/one-router-panelv/vendor/codeigniter4/framework/system/CodeIgniter.php(385): CodeIgniter\CodeIgniter->tryToRouteIt()
#10 /run/media/bagus/2AF0ED25F0ECF849/AppServ/02052021/www/one-router-panelv/vendor/codeigniter4/framework/system/CodeIgniter.php(333): CodeIgniter\CodeIgniter->handleRequest()
#11 /run/media/bagus/2AF0ED25F0ECF849/AppServ/02052021/www/one-router-panelv/public/index.php(44): CodeIgniter\CodeIgniter->run()
#12 /run/media/bagus/2AF0ED25F0ECF849/AppServ/02052021/www/one-router-panelv/vendor/codeigniter4/framework/system/Commands/Server/rewrite.php(45): require_once('/run/media/bagu...')
#13 {main}
CRITICAL - 2021-05-18 22:43:19 --> require(pages\home\home.php): failed to open stream: No such file or directory
#0 /run/media/bagus/2AF0ED25F0ECF849/AppServ/02052021/www/one-router-panelv/app/Views/main.php(56): CodeIgniter\Debug\Exceptions->errorHandler()
#1 /run/media/bagus/2AF0ED25F0ECF849/AppServ/02052021/www/one-router-panelv/app/Views/main.php(56): require()
#2 /run/media/bagus/2AF0ED25F0ECF849/AppServ/02052021/www/one-router-panelv/vendor/codeigniter4/framework/system/View/View.php(220): include('/run/media/bagu...')
#3 /run/media/bagus/2AF0ED25F0ECF849/AppServ/02052021/www/one-router-panelv/vendor/codeigniter4/framework/system/View/View.php(222): CodeIgniter\View\View->CodeIgniter\View\{closure}()
#4 /run/media/bagus/2AF0ED25F0ECF849/AppServ/02052021/www/one-router-panelv/vendor/codeigniter4/framework/system/Common.php(1217): CodeIgniter\View\View->render()
#5 /run/media/bagus/2AF0ED25F0ECF849/AppServ/02052021/www/one-router-panelv/app/Config/AutoRoutes.php(189): view()
#6 /run/media/bagus/2AF0ED25F0ECF849/AppServ/02052021/www/one-router-panelv/app/Config/AutoRoutes.php(79): Config\AutoRoutes->toRoutesPost()
#7 /run/media/bagus/2AF0ED25F0ECF849/AppServ/02052021/www/one-router-panelv/app/Config/Routes.php(57): Config\AutoRoutes->toRoute()
#8 /run/media/bagus/2AF0ED25F0ECF849/AppServ/02052021/www/one-router-panelv/vendor/codeigniter4/framework/system/CodeIgniter.php(803): require('/run/media/bagu...')
#9 /run/media/bagus/2AF0ED25F0ECF849/AppServ/02052021/www/one-router-panelv/vendor/codeigniter4/framework/system/CodeIgniter.php(385): CodeIgniter\CodeIgniter->tryToRouteIt()
#10 /run/media/bagus/2AF0ED25F0ECF849/AppServ/02052021/www/one-router-panelv/vendor/codeigniter4/framework/system/CodeIgniter.php(333): CodeIgniter\CodeIgniter->handleRequest()
#11 /run/media/bagus/2AF0ED25F0ECF849/AppServ/02052021/www/one-router-panelv/public/index.php(44): CodeIgniter\CodeIgniter->run()
#12 /run/media/bagus/2AF0ED25F0ECF849/AppServ/02052021/www/one-router-panelv/vendor/codeigniter4/framework/system/Commands/Server/rewrite.php(45): require_once('/run/media/bagu...')
#13 {main}
CRITICAL - 2021-05-18 22:44:06 --> require(pages\home\home.php): failed to open stream: No such file or directory
#0 /run/media/bagus/2AF0ED25F0ECF849/AppServ/02052021/www/one-router-panelv/app/Views/main.php(56): CodeIgniter\Debug\Exceptions->errorHandler()
#1 /run/media/bagus/2AF0ED25F0ECF849/AppServ/02052021/www/one-router-panelv/app/Views/main.php(56): require()
#2 /run/media/bagus/2AF0ED25F0ECF849/AppServ/02052021/www/one-router-panelv/vendor/codeigniter4/framework/system/View/View.php(220): include('/run/media/bagu...')
#3 /run/media/bagus/2AF0ED25F0ECF849/AppServ/02052021/www/one-router-panelv/vendor/codeigniter4/framework/system/View/View.php(222): CodeIgniter\View\View->CodeIgniter\View\{closure}()
#4 /run/media/bagus/2AF0ED25F0ECF849/AppServ/02052021/www/one-router-panelv/vendor/codeigniter4/framework/system/Common.php(1217): CodeIgniter\View\View->render()
#5 /run/media/bagus/2AF0ED25F0ECF849/AppServ/02052021/www/one-router-panelv/app/Config/AutoRoutes.php(189): view()
#6 /run/media/bagus/2AF0ED25F0ECF849/AppServ/02052021/www/one-router-panelv/app/Config/AutoRoutes.php(79): Config\AutoRoutes->toRoutesPost()
#7 /run/media/bagus/2AF0ED25F0ECF849/AppServ/02052021/www/one-router-panelv/app/Config/Routes.php(57): Config\AutoRoutes->toRoute()
#8 /run/media/bagus/2AF0ED25F0ECF849/AppServ/02052021/www/one-router-panelv/vendor/codeigniter4/framework/system/CodeIgniter.php(803): require('/run/media/bagu...')
#9 /run/media/bagus/2AF0ED25F0ECF849/AppServ/02052021/www/one-router-panelv/vendor/codeigniter4/framework/system/CodeIgniter.php(385): CodeIgniter\CodeIgniter->tryToRouteIt()
#10 /run/media/bagus/2AF0ED25F0ECF849/AppServ/02052021/www/one-router-panelv/vendor/codeigniter4/framework/system/CodeIgniter.php(333): CodeIgniter\CodeIgniter->handleRequest()
#11 /run/media/bagus/2AF0ED25F0ECF849/AppServ/02052021/www/one-router-panelv/public/index.php(44): CodeIgniter\CodeIgniter->run()
#12 /run/media/bagus/2AF0ED25F0ECF849/AppServ/02052021/www/one-router-panelv/vendor/codeigniter4/framework/system/Commands/Server/rewrite.php(45): require_once('/run/media/bagu...')
#13 {main}
CRITICAL - 2021-05-18 22:46:05 --> require(pages\home\home.php): failed to open stream: No such file or directory
#0 /run/media/bagus/2AF0ED25F0ECF849/AppServ/02052021/www/one-router-panelv/app/Views/main.php(56): CodeIgniter\Debug\Exceptions->errorHandler()
#1 /run/media/bagus/2AF0ED25F0ECF849/AppServ/02052021/www/one-router-panelv/app/Views/main.php(56): require()
#2 /run/media/bagus/2AF0ED25F0ECF849/AppServ/02052021/www/one-router-panelv/vendor/codeigniter4/framework/system/View/View.php(220): include('/run/media/bagu...')
#3 /run/media/bagus/2AF0ED25F0ECF849/AppServ/02052021/www/one-router-panelv/vendor/codeigniter4/framework/system/View/View.php(222): CodeIgniter\View\View->CodeIgniter\View\{closure}()
#4 /run/media/bagus/2AF0ED25F0ECF849/AppServ/02052021/www/one-router-panelv/vendor/codeigniter4/framework/system/Common.php(1217): CodeIgniter\View\View->render()
#5 /run/media/bagus/2AF0ED25F0ECF849/AppServ/02052021/www/one-router-panelv/app/Config/AutoRoutes.php(189): view()
#6 /run/media/bagus/2AF0ED25F0ECF849/AppServ/02052021/www/one-router-panelv/app/Config/AutoRoutes.php(79): Config\AutoRoutes->toRoutesPost()
#7 /run/media/bagus/2AF0ED25F0ECF849/AppServ/02052021/www/one-router-panelv/app/Config/Routes.php(57): Config\AutoRoutes->toRoute()
#8 /run/media/bagus/2AF0ED25F0ECF849/AppServ/02052021/www/one-router-panelv/vendor/codeigniter4/framework/system/CodeIgniter.php(803): require('/run/media/bagu...')
#9 /run/media/bagus/2AF0ED25F0ECF849/AppServ/02052021/www/one-router-panelv/vendor/codeigniter4/framework/system/CodeIgniter.php(385): CodeIgniter\CodeIgniter->tryToRouteIt()
#10 /run/media/bagus/2AF0ED25F0ECF849/AppServ/02052021/www/one-router-panelv/vendor/codeigniter4/framework/system/CodeIgniter.php(333): CodeIgniter\CodeIgniter->handleRequest()
#11 /run/media/bagus/2AF0ED25F0ECF849/AppServ/02052021/www/one-router-panelv/public/index.php(44): CodeIgniter\CodeIgniter->run()
#12 /run/media/bagus/2AF0ED25F0ECF849/AppServ/02052021/www/one-router-panelv/vendor/codeigniter4/framework/system/Commands/Server/rewrite.php(45): require_once('/run/media/bagu...')
#13 {main}
CRITICAL - 2021-05-18 22:47:57 --> Connection refused for URI http://127.0.0.1:8081/navbarheader
#0 /run/media/bagus/2AF0ED25F0ECF849/AppServ/02052021/www/one-router-panelv/vendor/guzzlehttp/guzzle/src/PrepareBodyMiddleware.php(64): GuzzleHttp\Handler\StreamHandler->__invoke()
#1 /run/media/bagus/2AF0ED25F0ECF849/AppServ/02052021/www/one-router-panelv/vendor/guzzlehttp/guzzle/src/Middleware.php(31): GuzzleHttp\PrepareBodyMiddleware->__invoke()
#2 /run/media/bagus/2AF0ED25F0ECF849/AppServ/02052021/www/one-router-panelv/vendor/guzzlehttp/guzzle/src/RedirectMiddleware.php(71): GuzzleHttp\Middleware::GuzzleHttp\{closure}()
#3 /run/media/bagus/2AF0ED25F0ECF849/AppServ/02052021/www/one-router-panelv/vendor/guzzlehttp/guzzle/src/Middleware.php(63): GuzzleHttp\RedirectMiddleware->__invoke()
#4 /run/media/bagus/2AF0ED25F0ECF849/AppServ/02052021/www/one-router-panelv/vendor/guzzlehttp/guzzle/src/HandlerStack.php(75): GuzzleHttp\Middleware::GuzzleHttp\{closure}()
#5 /run/media/bagus/2AF0ED25F0ECF849/AppServ/02052021/www/one-router-panelv/vendor/guzzlehttp/guzzle/src/Client.php(331): GuzzleHttp\HandlerStack->__invoke()
#6 /run/media/bagus/2AF0ED25F0ECF849/AppServ/02052021/www/one-router-panelv/vendor/guzzlehttp/guzzle/src/Client.php(168): GuzzleHttp\Client->transfer()
#7 /run/media/bagus/2AF0ED25F0ECF849/AppServ/02052021/www/one-router-panelv/vendor/guzzlehttp/guzzle/src/Client.php(187): GuzzleHttp\Client->requestAsync()
#8 /run/media/bagus/2AF0ED25F0ECF849/AppServ/02052021/www/one-router-panelv/app/Config/RestApi.php(54): GuzzleHttp\Client->request()
#9 /run/media/bagus/2AF0ED25F0ECF849/AppServ/02052021/www/one-router-panelv/app/Config/AutoRoutes.php(73): Config\RestApi->loadNavbar()
#10 /run/media/bagus/2AF0ED25F0ECF849/AppServ/02052021/www/one-router-panelv/app/Config/Routes.php(57): Config\AutoRoutes->toRoute()
#11 /run/media/bagus/2AF0ED25F0ECF849/AppServ/02052021/www/one-router-panelv/vendor/codeigniter4/framework/system/CodeIgniter.php(803): require('/run/media/bagu...')
#12 /run/media/bagus/2AF0ED25F0ECF849/AppServ/02052021/www/one-router-panelv/vendor/codeigniter4/framework/system/CodeIgniter.php(385): CodeIgniter\CodeIgniter->tryToRouteIt()
#13 /run/media/bagus/2AF0ED25F0ECF849/AppServ/02052021/www/one-router-panelv/vendor/codeigniter4/framework/system/CodeIgniter.php(333): CodeIgniter\CodeIgniter->handleRequest()
#14 /run/media/bagus/2AF0ED25F0ECF849/AppServ/02052021/www/one-router-panelv/public/index.php(44): CodeIgniter\CodeIgniter->run()
#15 /run/media/bagus/2AF0ED25F0ECF849/AppServ/02052021/www/one-router-panelv/vendor/codeigniter4/framework/system/Commands/Server/rewrite.php(45): require_once('/run/media/bagu...')
#16 {main}
CRITICAL - 2021-05-18 22:48:05 --> require(pages\home\home.php): failed to open stream: No such file or directory
#0 /run/media/bagus/2AF0ED25F0ECF849/AppServ/02052021/www/one-router-panelv/app/Views/main.php(56): CodeIgniter\Debug\Exceptions->errorHandler()
#1 /run/media/bagus/2AF0ED25F0ECF849/AppServ/02052021/www/one-router-panelv/app/Views/main.php(56): require()
#2 /run/media/bagus/2AF0ED25F0ECF849/AppServ/02052021/www/one-router-panelv/vendor/codeigniter4/framework/system/View/View.php(220): include('/run/media/bagu...')
#3 /run/media/bagus/2AF0ED25F0ECF849/AppServ/02052021/www/one-router-panelv/vendor/codeigniter4/framework/system/View/View.php(222): CodeIgniter\View\View->CodeIgniter\View\{closure}()
#4 /run/media/bagus/2AF0ED25F0ECF849/AppServ/02052021/www/one-router-panelv/vendor/codeigniter4/framework/system/Common.php(1217): CodeIgniter\View\View->render()
#5 /run/media/bagus/2AF0ED25F0ECF849/AppServ/02052021/www/one-router-panelv/app/Config/AutoRoutes.php(189): view()
#6 /run/media/bagus/2AF0ED25F0ECF849/AppServ/02052021/www/one-router-panelv/app/Config/AutoRoutes.php(79): Config\AutoRoutes->toRoutesPost()
#7 /run/media/bagus/2AF0ED25F0ECF849/AppServ/02052021/www/one-router-panelv/app/Config/Routes.php(57): Config\AutoRoutes->toRoute()
#8 /run/media/bagus/2AF0ED25F0ECF849/AppServ/02052021/www/one-router-panelv/vendor/codeigniter4/framework/system/CodeIgniter.php(803): require('/run/media/bagu...')
#9 /run/media/bagus/2AF0ED25F0ECF849/AppServ/02052021/www/one-router-panelv/vendor/codeigniter4/framework/system/CodeIgniter.php(385): CodeIgniter\CodeIgniter->tryToRouteIt()
#10 /run/media/bagus/2AF0ED25F0ECF849/AppServ/02052021/www/one-router-panelv/vendor/codeigniter4/framework/system/CodeIgniter.php(333): CodeIgniter\CodeIgniter->handleRequest()
#11 /run/media/bagus/2AF0ED25F0ECF849/AppServ/02052021/www/one-router-panelv/public/index.php(44): CodeIgniter\CodeIgniter->run()
#12 /run/media/bagus/2AF0ED25F0ECF849/AppServ/02052021/www/one-router-panelv/vendor/codeigniter4/framework/system/Commands/Server/rewrite.php(45): require_once('/run/media/bagu...')
#13 {main}
CRITICAL - 2021-05-18 22:50:23 --> require(pages\home\home.php): failed to open stream: No such file or directory
#0 /run/media/bagus/2AF0ED25F0ECF849/AppServ/02052021/www/one-router-panelv/app/Views/main.php(56): CodeIgniter\Debug\Exceptions->errorHandler()
#1 /run/media/bagus/2AF0ED25F0ECF849/AppServ/02052021/www/one-router-panelv/app/Views/main.php(56): require()
#2 /run/media/bagus/2AF0ED25F0ECF849/AppServ/02052021/www/one-router-panelv/vendor/codeigniter4/framework/system/View/View.php(220): include('/run/media/bagu...')
#3 /run/media/bagus/2AF0ED25F0ECF849/AppServ/02052021/www/one-router-panelv/vendor/codeigniter4/framework/system/View/View.php(222): CodeIgniter\View\View->CodeIgniter\View\{closure}()
#4 /run/media/bagus/2AF0ED25F0ECF849/AppServ/02052021/www/one-router-panelv/vendor/codeigniter4/framework/system/Common.php(1217): CodeIgniter\View\View->render()
#5 /run/media/bagus/2AF0ED25F0ECF849/AppServ/02052021/www/one-router-panelv/app/Config/AutoRoutes.php(189): view()
#6 /run/media/bagus/2AF0ED25F0ECF849/AppServ/02052021/www/one-router-panelv/app/Config/AutoRoutes.php(79): Config\AutoRoutes->toRoutesPost()
#7 /run/media/bagus/2AF0ED25F0ECF849/AppServ/02052021/www/one-router-panelv/app/Config/Routes.php(57): Config\AutoRoutes->toRoute()
#8 /run/media/bagus/2AF0ED25F0ECF849/AppServ/02052021/www/one-router-panelv/vendor/codeigniter4/framework/system/CodeIgniter.php(803): require('/run/media/bagu...')
#9 /run/media/bagus/2AF0ED25F0ECF849/AppServ/02052021/www/one-router-panelv/vendor/codeigniter4/framework/system/CodeIgniter.php(385): CodeIgniter\CodeIgniter->tryToRouteIt()
#10 /run/media/bagus/2AF0ED25F0ECF849/AppServ/02052021/www/one-router-panelv/vendor/codeigniter4/framework/system/CodeIgniter.php(333): CodeIgniter\CodeIgniter->handleRequest()
#11 /run/media/bagus/2AF0ED25F0ECF849/AppServ/02052021/www/one-router-panelv/public/index.php(44): CodeIgniter\CodeIgniter->run()
#12 /run/media/bagus/2AF0ED25F0ECF849/AppServ/02052021/www/one-router-panelv/vendor/codeigniter4/framework/system/Commands/Server/rewrite.php(45): require_once('/run/media/bagu...')
#13 {main}
CRITICAL - 2021-05-18 22:55:57 --> require(pages\home\home.php): failed to open stream: No such file or directory
#0 /run/media/bagus/2AF0ED25F0ECF849/AppServ/02052021/www/one-router-panelv/app/Views/main.php(56): CodeIgniter\Debug\Exceptions->errorHandler()
#1 /run/media/bagus/2AF0ED25F0ECF849/AppServ/02052021/www/one-router-panelv/app/Views/main.php(56): require()
#2 /run/media/bagus/2AF0ED25F0ECF849/AppServ/02052021/www/one-router-panelv/vendor/codeigniter4/framework/system/View/View.php(220): include('/run/media/bagu...')
#3 /run/media/bagus/2AF0ED25F0ECF849/AppServ/02052021/www/one-router-panelv/vendor/codeigniter4/framework/system/View/View.php(222): CodeIgniter\View\View->CodeIgniter\View\{closure}()
#4 /run/media/bagus/2AF0ED25F0ECF849/AppServ/02052021/www/one-router-panelv/vendor/codeigniter4/framework/system/Common.php(1217): CodeIgniter\View\View->render()
#5 /run/media/bagus/2AF0ED25F0ECF849/AppServ/02052021/www/one-router-panelv/app/Config/AutoRoutes.php(189): view()
#6 /run/media/bagus/2AF0ED25F0ECF849/AppServ/02052021/www/one-router-panelv/app/Config/AutoRoutes.php(79): Config\AutoRoutes->toRoutesPost()
#7 /run/media/bagus/2AF0ED25F0ECF849/AppServ/02052021/www/one-router-panelv/app/Config/Routes.php(57): Config\AutoRoutes->toRoute()
#8 /run/media/bagus/2AF0ED25F0ECF849/AppServ/02052021/www/one-router-panelv/vendor/codeigniter4/framework/system/CodeIgniter.php(803): require('/run/media/bagu...')
#9 /run/media/bagus/2AF0ED25F0ECF849/AppServ/02052021/www/one-router-panelv/vendor/codeigniter4/framework/system/CodeIgniter.php(385): CodeIgniter\CodeIgniter->tryToRouteIt()
#10 /run/media/bagus/2AF0ED25F0ECF849/AppServ/02052021/www/one-router-panelv/vendor/codeigniter4/framework/system/CodeIgniter.php(333): CodeIgniter\CodeIgniter->handleRequest()
#11 /run/media/bagus/2AF0ED25F0ECF849/AppServ/02052021/www/one-router-panelv/public/index.php(44): CodeIgniter\CodeIgniter->run()
#12 /run/media/bagus/2AF0ED25F0ECF849/AppServ/02052021/www/one-router-panelv/vendor/codeigniter4/framework/system/Commands/Server/rewrite.php(45): require_once('/run/media/bagu...')
#13 {main}
CRITICAL - 2021-05-18 22:57:29 --> require(pages\home\home.php): failed to open stream: No such file or directory
#0 /run/media/bagus/2AF0ED25F0ECF849/AppServ/02052021/www/one-router-panelv/app/Views/main.php(56): CodeIgniter\Debug\Exceptions->errorHandler()
#1 /run/media/bagus/2AF0ED25F0ECF849/AppServ/02052021/www/one-router-panelv/app/Views/main.php(56): require()
#2 /run/media/bagus/2AF0ED25F0ECF849/AppServ/02052021/www/one-router-panelv/vendor/codeigniter4/framework/system/View/View.php(220): include('/run/media/bagu...')
#3 /run/media/bagus/2AF0ED25F0ECF849/AppServ/02052021/www/one-router-panelv/vendor/codeigniter4/framework/system/View/View.php(222): CodeIgniter\View\View->CodeIgniter\View\{closure}()
#4 /run/media/bagus/2AF0ED25F0ECF849/AppServ/02052021/www/one-router-panelv/vendor/codeigniter4/framework/system/Common.php(1217): CodeIgniter\View\View->render()
#5 /run/media/bagus/2AF0ED25F0ECF849/AppServ/02052021/www/one-router-panelv/app/Config/AutoRoutes.php(189): view()
#6 /run/media/bagus/2AF0ED25F0ECF849/AppServ/02052021/www/one-router-panelv/app/Config/AutoRoutes.php(79): Config\AutoRoutes->toRoutesPost()
#7 /run/media/bagus/2AF0ED25F0ECF849/AppServ/02052021/www/one-router-panelv/app/Config/Routes.php(57): Config\AutoRoutes->toRoute()
#8 /run/media/bagus/2AF0ED25F0ECF849/AppServ/02052021/www/one-router-panelv/vendor/codeigniter4/framework/system/CodeIgniter.php(803): require('/run/media/bagu...')
#9 /run/media/bagus/2AF0ED25F0ECF849/AppServ/02052021/www/one-router-panelv/vendor/codeigniter4/framework/system/CodeIgniter.php(385): CodeIgniter\CodeIgniter->tryToRouteIt()
#10 /run/media/bagus/2AF0ED25F0ECF849/AppServ/02052021/www/one-router-panelv/vendor/codeigniter4/framework/system/CodeIgniter.php(333): CodeIgniter\CodeIgniter->handleRequest()
#11 /run/media/bagus/2AF0ED25F0ECF849/AppServ/02052021/www/one-router-panelv/public/index.php(44): CodeIgniter\CodeIgniter->run()
#12 /run/media/bagus/2AF0ED25F0ECF849/AppServ/02052021/www/one-router-panelv/vendor/codeigniter4/framework/system/Commands/Server/rewrite.php(45): require_once('/run/media/bagu...')
#13 {main}
CRITICAL - 2021-05-18 22:58:03 --> require(pages\home\home.php): failed to open stream: No such file or directory
#0 /run/media/bagus/2AF0ED25F0ECF849/AppServ/02052021/www/one-router-panelv/app/Views/main.php(56): CodeIgniter\Debug\Exceptions->errorHandler()
#1 /run/media/bagus/2AF0ED25F0ECF849/AppServ/02052021/www/one-router-panelv/app/Views/main.php(56): require()
#2 /run/media/bagus/2AF0ED25F0ECF849/AppServ/02052021/www/one-router-panelv/vendor/codeigniter4/framework/system/View/View.php(220): include('/run/media/bagu...')
#3 /run/media/bagus/2AF0ED25F0ECF849/AppServ/02052021/www/one-router-panelv/vendor/codeigniter4/framework/system/View/View.php(222): CodeIgniter\View\View->CodeIgniter\View\{closure}()
#4 /run/media/bagus/2AF0ED25F0ECF849/AppServ/02052021/www/one-router-panelv/vendor/codeigniter4/framework/system/Common.php(1217): CodeIgniter\View\View->render()
#5 /run/media/bagus/2AF0ED25F0ECF849/AppServ/02052021/www/one-router-panelv/app/Config/AutoRoutes.php(189): view()
#6 /run/media/bagus/2AF0ED25F0ECF849/AppServ/02052021/www/one-router-panelv/app/Config/AutoRoutes.php(79): Config\AutoRoutes->toRoutesPost()
#7 /run/media/bagus/2AF0ED25F0ECF849/AppServ/02052021/www/one-router-panelv/app/Config/Routes.php(57): Config\AutoRoutes->toRoute()
#8 /run/media/bagus/2AF0ED25F0ECF849/AppServ/02052021/www/one-router-panelv/vendor/codeigniter4/framework/system/CodeIgniter.php(803): require('/run/media/bagu...')
#9 /run/media/bagus/2AF0ED25F0ECF849/AppServ/02052021/www/one-router-panelv/vendor/codeigniter4/framework/system/CodeIgniter.php(385): CodeIgniter\CodeIgniter->tryToRouteIt()
#10 /run/media/bagus/2AF0ED25F0ECF849/AppServ/02052021/www/one-router-panelv/vendor/codeigniter4/framework/system/CodeIgniter.php(333): CodeIgniter\CodeIgniter->handleRequest()
#11 /run/media/bagus/2AF0ED25F0ECF849/AppServ/02052021/www/one-router-panelv/public/index.php(44): CodeIgniter\CodeIgniter->run()
#12 /run/media/bagus/2AF0ED25F0ECF849/AppServ/02052021/www/one-router-panelv/vendor/codeigniter4/framework/system/Commands/Server/rewrite.php(45): require_once('/run/media/bagu...')
#13 {main}
CRITICAL - 2021-05-18 22:58:18 --> require(pages\home\home.php): failed to open stream: No such file or directory
#0 /run/media/bagus/2AF0ED25F0ECF849/AppServ/02052021/www/one-router-panelv/app/Views/main.php(56): CodeIgniter\Debug\Exceptions->errorHandler()
#1 /run/media/bagus/2AF0ED25F0ECF849/AppServ/02052021/www/one-router-panelv/app/Views/main.php(56): require()
#2 /run/media/bagus/2AF0ED25F0ECF849/AppServ/02052021/www/one-router-panelv/vendor/codeigniter4/framework/system/View/View.php(220): include('/run/media/bagu...')
#3 /run/media/bagus/2AF0ED25F0ECF849/AppServ/02052021/www/one-router-panelv/vendor/codeigniter4/framework/system/View/View.php(222): CodeIgniter\View\View->CodeIgniter\View\{closure}()
#4 /run/media/bagus/2AF0ED25F0ECF849/AppServ/02052021/www/one-router-panelv/vendor/codeigniter4/framework/system/Common.php(1217): CodeIgniter\View\View->render()
#5 /run/media/bagus/2AF0ED25F0ECF849/AppServ/02052021/www/one-router-panelv/app/Config/AutoRoutes.php(189): view()
#6 /run/media/bagus/2AF0ED25F0ECF849/AppServ/02052021/www/one-router-panelv/app/Config/AutoRoutes.php(79): Config\AutoRoutes->toRoutesPost()
#7 /run/media/bagus/2AF0ED25F0ECF849/AppServ/02052021/www/one-router-panelv/app/Config/Routes.php(57): Config\AutoRoutes->toRoute()
#8 /run/media/bagus/2AF0ED25F0ECF849/AppServ/02052021/www/one-router-panelv/vendor/codeigniter4/framework/system/CodeIgniter.php(803): require('/run/media/bagu...')
#9 /run/media/bagus/2AF0ED25F0ECF849/AppServ/02052021/www/one-router-panelv/vendor/codeigniter4/framework/system/CodeIgniter.php(385): CodeIgniter\CodeIgniter->tryToRouteIt()
#10 /run/media/bagus/2AF0ED25F0ECF849/AppServ/02052021/www/one-router-panelv/vendor/codeigniter4/framework/system/CodeIgniter.php(333): CodeIgniter\CodeIgniter->handleRequest()
#11 /run/media/bagus/2AF0ED25F0ECF849/AppServ/02052021/www/one-router-panelv/public/index.php(44): CodeIgniter\CodeIgniter->run()
#12 /run/media/bagus/2AF0ED25F0ECF849/AppServ/02052021/www/one-router-panelv/vendor/codeigniter4/framework/system/Commands/Server/rewrite.php(45): require_once('/run/media/bagu...')
#13 {main}
CRITICAL - 2021-05-18 22:58:39 --> require(pages\home\home.php): failed to open stream: No such file or directory
#0 /run/media/bagus/2AF0ED25F0ECF849/AppServ/02052021/www/one-router-panelv/app/Views/main.php(56): CodeIgniter\Debug\Exceptions->errorHandler()
#1 /run/media/bagus/2AF0ED25F0ECF849/AppServ/02052021/www/one-router-panelv/app/Views/main.php(56): require()
#2 /run/media/bagus/2AF0ED25F0ECF849/AppServ/02052021/www/one-router-panelv/vendor/codeigniter4/framework/system/View/View.php(220): include('/run/media/bagu...')
#3 /run/media/bagus/2AF0ED25F0ECF849/AppServ/02052021/www/one-router-panelv/vendor/codeigniter4/framework/system/View/View.php(222): CodeIgniter\View\View->CodeIgniter\View\{closure}()
#4 /run/media/bagus/2AF0ED25F0ECF849/AppServ/02052021/www/one-router-panelv/vendor/codeigniter4/framework/system/Common.php(1217): CodeIgniter\View\View->render()
#5 /run/media/bagus/2AF0ED25F0ECF849/AppServ/02052021/www/one-router-panelv/app/Config/AutoRoutes.php(189): view()
#6 /run/media/bagus/2AF0ED25F0ECF849/AppServ/02052021/www/one-router-panelv/app/Config/AutoRoutes.php(79): Config\AutoRoutes->toRoutesPost()
#7 /run/media/bagus/2AF0ED25F0ECF849/AppServ/02052021/www/one-router-panelv/app/Config/Routes.php(57): Config\AutoRoutes->toRoute()
#8 /run/media/bagus/2AF0ED25F0ECF849/AppServ/02052021/www/one-router-panelv/vendor/codeigniter4/framework/system/CodeIgniter.php(803): require('/run/media/bagu...')
#9 /run/media/bagus/2AF0ED25F0ECF849/AppServ/02052021/www/one-router-panelv/vendor/codeigniter4/framework/system/CodeIgniter.php(385): CodeIgniter\CodeIgniter->tryToRouteIt()
#10 /run/media/bagus/2AF0ED25F0ECF849/AppServ/02052021/www/one-router-panelv/vendor/codeigniter4/framework/system/CodeIgniter.php(333): CodeIgniter\CodeIgniter->handleRequest()
#11 /run/media/bagus/2AF0ED25F0ECF849/AppServ/02052021/www/one-router-panelv/public/index.php(44): CodeIgniter\CodeIgniter->run()
#12 /run/media/bagus/2AF0ED25F0ECF849/AppServ/02052021/www/one-router-panelv/vendor/codeigniter4/framework/system/Commands/Server/rewrite.php(45): require_once('/run/media/bagu...')
#13 {main}
CRITICAL - 2021-05-18 23:00:42 --> require(pages\home\home.php): failed to open stream: No such file or directory
#0 /run/media/bagus/2AF0ED25F0ECF849/AppServ/02052021/www/one-router-panelv/app/Views/main.php(56): CodeIgniter\Debug\Exceptions->errorHandler()
#1 /run/media/bagus/2AF0ED25F0ECF849/AppServ/02052021/www/one-router-panelv/app/Views/main.php(56): require()
#2 /run/media/bagus/2AF0ED25F0ECF849/AppServ/02052021/www/one-router-panelv/vendor/codeigniter4/framework/system/View/View.php(220): include('/run/media/bagu...')
#3 /run/media/bagus/2AF0ED25F0ECF849/AppServ/02052021/www/one-router-panelv/vendor/codeigniter4/framework/system/View/View.php(222): CodeIgniter\View\View->CodeIgniter\View\{closure}()
#4 /run/media/bagus/2AF0ED25F0ECF849/AppServ/02052021/www/one-router-panelv/vendor/codeigniter4/framework/system/Common.php(1217): CodeIgniter\View\View->render()
#5 /run/media/bagus/2AF0ED25F0ECF849/AppServ/02052021/www/one-router-panelv/app/Config/AutoRoutes.php(189): view()
#6 /run/media/bagus/2AF0ED25F0ECF849/AppServ/02052021/www/one-router-panelv/app/Config/AutoRoutes.php(79): Config\AutoRoutes->toRoutesPost()
#7 /run/media/bagus/2AF0ED25F0ECF849/AppServ/02052021/www/one-router-panelv/app/Config/Routes.php(57): Config\AutoRoutes->toRoute()
#8 /run/media/bagus/2AF0ED25F0ECF849/AppServ/02052021/www/one-router-panelv/vendor/codeigniter4/framework/system/CodeIgniter.php(803): require('/run/media/bagu...')
#9 /run/media/bagus/2AF0ED25F0ECF849/AppServ/02052021/www/one-router-panelv/vendor/codeigniter4/framework/system/CodeIgniter.php(385): CodeIgniter\CodeIgniter->tryToRouteIt()
#10 /run/media/bagus/2AF0ED25F0ECF849/AppServ/02052021/www/one-router-panelv/vendor/codeigniter4/framework/system/CodeIgniter.php(333): CodeIgniter\CodeIgniter->handleRequest()
#11 /run/media/bagus/2AF0ED25F0ECF849/AppServ/02052021/www/one-router-panelv/public/index.php(44): CodeIgniter\CodeIgniter->run()
#12 /run/media/bagus/2AF0ED25F0ECF849/AppServ/02052021/www/one-router-panelv/vendor/codeigniter4/framework/system/Commands/Server/rewrite.php(45): require_once('/run/media/bagu...')
#13 {main}
CRITICAL - 2021-05-18 23:02:34 --> require('pages\home\home.php'): failed to open stream: No such file or directory
#0 /run/media/bagus/2AF0ED25F0ECF849/AppServ/02052021/www/one-router-panelv/app/Views/main.php(57): CodeIgniter\Debug\Exceptions->errorHandler()
#1 /run/media/bagus/2AF0ED25F0ECF849/AppServ/02052021/www/one-router-panelv/app/Views/main.php(57): require()
#2 /run/media/bagus/2AF0ED25F0ECF849/AppServ/02052021/www/one-router-panelv/vendor/codeigniter4/framework/system/View/View.php(220): include('/run/media/bagu...')
#3 /run/media/bagus/2AF0ED25F0ECF849/AppServ/02052021/www/one-router-panelv/vendor/codeigniter4/framework/system/View/View.php(222): CodeIgniter\View\View->CodeIgniter\View\{closure}()
#4 /run/media/bagus/2AF0ED25F0ECF849/AppServ/02052021/www/one-router-panelv/vendor/codeigniter4/framework/system/Common.php(1217): CodeIgniter\View\View->render()
#5 /run/media/bagus/2AF0ED25F0ECF849/AppServ/02052021/www/one-router-panelv/app/Config/AutoRoutes.php(189): view()
#6 /run/media/bagus/2AF0ED25F0ECF849/AppServ/02052021/www/one-router-panelv/app/Config/AutoRoutes.php(79): Config\AutoRoutes->toRoutesPost()
#7 /run/media/bagus/2AF0ED25F0ECF849/AppServ/02052021/www/one-router-panelv/app/Config/Routes.php(57): Config\AutoRoutes->toRoute()
#8 /run/media/bagus/2AF0ED25F0ECF849/AppServ/02052021/www/one-router-panelv/vendor/codeigniter4/framework/system/CodeIgniter.php(803): require('/run/media/bagu...')
#9 /run/media/bagus/2AF0ED25F0ECF849/AppServ/02052021/www/one-router-panelv/vendor/codeigniter4/framework/system/CodeIgniter.php(385): CodeIgniter\CodeIgniter->tryToRouteIt()
#10 /run/media/bagus/2AF0ED25F0ECF849/AppServ/02052021/www/one-router-panelv/vendor/codeigniter4/framework/system/CodeIgniter.php(333): CodeIgniter\CodeIgniter->handleRequest()
#11 /run/media/bagus/2AF0ED25F0ECF849/AppServ/02052021/www/one-router-panelv/public/index.php(44): CodeIgniter\CodeIgniter->run()
#12 /run/media/bagus/2AF0ED25F0ECF849/AppServ/02052021/www/one-router-panelv/vendor/codeigniter4/framework/system/Commands/Server/rewrite.php(45): require_once('/run/media/bagu...')
#13 {main}
CRITICAL - 2021-05-18 23:05:24 --> require(pages\login\index.php): failed to open stream: No such file or directory
#0 /run/media/bagus/2AF0ED25F0ECF849/AppServ/02052021/www/one-router-panelv/app/Views/main.php(23): CodeIgniter\Debug\Exceptions->errorHandler()
#1 /run/media/bagus/2AF0ED25F0ECF849/AppServ/02052021/www/one-router-panelv/app/Views/main.php(23): require()
#2 /run/media/bagus/2AF0ED25F0ECF849/AppServ/02052021/www/one-router-panelv/vendor/codeigniter4/framework/system/View/View.php(220): include('/run/media/bagu...')
#3 /run/media/bagus/2AF0ED25F0ECF849/AppServ/02052021/www/one-router-panelv/vendor/codeigniter4/framework/system/View/View.php(222): CodeIgniter\View\View->CodeIgniter\View\{closure}()
#4 /run/media/bagus/2AF0ED25F0ECF849/AppServ/02052021/www/one-router-panelv/vendor/codeigniter4/framework/system/Common.php(1217): CodeIgniter\View\View->render()
#5 /run/media/bagus/2AF0ED25F0ECF849/AppServ/02052021/www/one-router-panelv/app/Config/AutoRoutes.php(189): view()
#6 /run/media/bagus/2AF0ED25F0ECF849/AppServ/02052021/www/one-router-panelv/app/Config/AutoRoutes.php(202): Config\AutoRoutes->toRoutesPost()
#7 /run/media/bagus/2AF0ED25F0ECF849/AppServ/02052021/www/one-router-panelv/app/Config/AutoRoutes.php(101): Config\AutoRoutes->logOUT()
#8 /run/media/bagus/2AF0ED25F0ECF849/AppServ/02052021/www/one-router-panelv/app/Config/Routes.php(57): Config\AutoRoutes->toRoute()
#9 /run/media/bagus/2AF0ED25F0ECF849/AppServ/02052021/www/one-router-panelv/vendor/codeigniter4/framework/system/CodeIgniter.php(803): require('/run/media/bagu...')
#10 /run/media/bagus/2AF0ED25F0ECF849/AppServ/02052021/www/one-router-panelv/vendor/codeigniter4/framework/system/CodeIgniter.php(385): CodeIgniter\CodeIgniter->tryToRouteIt()
#11 /run/media/bagus/2AF0ED25F0ECF849/AppServ/02052021/www/one-router-panelv/vendor/codeigniter4/framework/system/CodeIgniter.php(333): CodeIgniter\CodeIgniter->handleRequest()
#12 /run/media/bagus/2AF0ED25F0ECF849/AppServ/02052021/www/one-router-panelv/public/index.php(44): CodeIgniter\CodeIgniter->run()
#13 /run/media/bagus/2AF0ED25F0ECF849/AppServ/02052021/www/one-router-panelv/vendor/codeigniter4/framework/system/Commands/Server/rewrite.php(45): require_once('/run/media/bagu...')
#14 {main}
CRITICAL - 2021-05-18 23:05:29 --> require(/run/media/bagus/2AF0ED25F0ECF849/AppServ/02052021/www/one-router-panelv/app/Views/errors): failed to open stream: No such file or directory
#0 /run/media/bagus/2AF0ED25F0ECF849/AppServ/02052021/www/one-router-panelv/app/Views/main.php(23): CodeIgniter\Debug\Exceptions->errorHandler()
#1 /run/media/bagus/2AF0ED25F0ECF849/AppServ/02052021/www/one-router-panelv/app/Views/main.php(23): require()
#2 /run/media/bagus/2AF0ED25F0ECF849/AppServ/02052021/www/one-router-panelv/vendor/codeigniter4/framework/system/View/View.php(220): include('/run/media/bagu...')
#3 /run/media/bagus/2AF0ED25F0ECF849/AppServ/02052021/www/one-router-panelv/vendor/codeigniter4/framework/system/View/View.php(222): CodeIgniter\View\View->CodeIgniter\View\{closure}()
#4 /run/media/bagus/2AF0ED25F0ECF849/AppServ/02052021/www/one-router-panelv/vendor/codeigniter4/framework/system/Common.php(1217): CodeIgniter\View\View->render()
#5 /run/media/bagus/2AF0ED25F0ECF849/AppServ/02052021/www/one-router-panelv/app/Controllers/Main.php(13): view()
#6 /run/media/bagus/2AF0ED25F0ECF849/AppServ/02052021/www/one-router-panelv/vendor/codeigniter4/framework/system/CodeIgniter.php(936): App\Controllers\Main->index()
#7 /run/media/bagus/2AF0ED25F0ECF849/AppServ/02052021/www/one-router-panelv/vendor/codeigniter4/framework/system/CodeIgniter.php(432): CodeIgniter\CodeIgniter->runController()
#8 /run/media/bagus/2AF0ED25F0ECF849/AppServ/02052021/www/one-router-panelv/vendor/codeigniter4/framework/system/CodeIgniter.php(333): CodeIgniter\CodeIgniter->handleRequest()
#9 /run/media/bagus/2AF0ED25F0ECF849/AppServ/02052021/www/one-router-panelv/public/index.php(44): CodeIgniter\CodeIgniter->run()
#10 /run/media/bagus/2AF0ED25F0ECF849/AppServ/02052021/www/one-router-panelv/vendor/codeigniter4/framework/system/Commands/Server/rewrite.php(45): require_once('/run/media/bagu...')
#11 {main}
CRITICAL - 2021-05-18 23:05:59 --> count(): Parameter must be an array or an object that implements Countable
#0 /run/media/bagus/2AF0ED25F0ECF849/AppServ/02052021/www/one-router-panelv/app/Views/incl/navbar.php(28): CodeIgniter\Debug\Exceptions->errorHandler()
#1 /run/media/bagus/2AF0ED25F0ECF849/AppServ/02052021/www/one-router-panelv/app/Views/main.php(28): require('/run/media/bagu...')
#2 /run/media/bagus/2AF0ED25F0ECF849/AppServ/02052021/www/one-router-panelv/vendor/codeigniter4/framework/system/View/View.php(220): include('/run/media/bagu...')
#3 /run/media/bagus/2AF0ED25F0ECF849/AppServ/02052021/www/one-router-panelv/vendor/codeigniter4/framework/system/View/View.php(222): CodeIgniter\View\View->CodeIgniter\View\{closure}()
#4 /run/media/bagus/2AF0ED25F0ECF849/AppServ/02052021/www/one-router-panelv/vendor/codeigniter4/framework/system/Common.php(1217): CodeIgniter\View\View->render()
#5 /run/media/bagus/2AF0ED25F0ECF849/AppServ/02052021/www/one-router-panelv/app/Controllers/Main.php(13): view()
#6 /run/media/bagus/2AF0ED25F0ECF849/AppServ/02052021/www/one-router-panelv/vendor/codeigniter4/framework/system/CodeIgniter.php(936): App\Controllers\Main->index()
#7 /run/media/bagus/2AF0ED25F0ECF849/AppServ/02052021/www/one-router-panelv/vendor/codeigniter4/framework/system/CodeIgniter.php(432): CodeIgniter\CodeIgniter->runController()
#8 /run/media/bagus/2AF0ED25F0ECF849/AppServ/02052021/www/one-router-panelv/vendor/codeigniter4/framework/system/CodeIgniter.php(333): CodeIgniter\CodeIgniter->handleRequest()
#9 /run/media/bagus/2AF0ED25F0ECF849/AppServ/02052021/www/one-router-panelv/public/index.php(44): CodeIgniter\CodeIgniter->run()
#10 /run/media/bagus/2AF0ED25F0ECF849/AppServ/02052021/www/one-router-panelv/vendor/codeigniter4/framework/system/Commands/Server/rewrite.php(45): require_once('/run/media/bagu...')
#11 {main}
CRITICAL - 2021-05-18 23:08:18 --> require(pages\home\home.php): failed to open stream: No such file or directory
#0 /run/media/bagus/2AF0ED25F0ECF849/AppServ/02052021/www/one-router-panelv/app/Views/main.php(57): CodeIgniter\Debug\Exceptions->errorHandler()
#1 /run/media/bagus/2AF0ED25F0ECF849/AppServ/02052021/www/one-router-panelv/app/Views/main.php(57): require()
#2 /run/media/bagus/2AF0ED25F0ECF849/AppServ/02052021/www/one-router-panelv/vendor/codeigniter4/framework/system/View/View.php(220): include('/run/media/bagu...')
#3 /run/media/bagus/2AF0ED25F0ECF849/AppServ/02052021/www/one-router-panelv/vendor/codeigniter4/framework/system/View/View.php(222): CodeIgniter\View\View->CodeIgniter\View\{closure}()
#4 /run/media/bagus/2AF0ED25F0ECF849/AppServ/02052021/www/one-router-panelv/vendor/codeigniter4/framework/system/Common.php(1217): CodeIgniter\View\View->render()
#5 /run/media/bagus/2AF0ED25F0ECF849/AppServ/02052021/www/one-router-panelv/app/Config/AutoRoutes.php(189): view()
#6 /run/media/bagus/2AF0ED25F0ECF849/AppServ/02052021/www/one-router-panelv/app/Config/AutoRoutes.php(79): Config\AutoRoutes->toRoutesPost()
#7 /run/media/bagus/2AF0ED25F0ECF849/AppServ/02052021/www/one-router-panelv/app/Config/Routes.php(57): Config\AutoRoutes->toRoute()
#8 /run/media/bagus/2AF0ED25F0ECF849/AppServ/02052021/www/one-router-panelv/vendor/codeigniter4/framework/system/CodeIgniter.php(803): require('/run/media/bagu...')
#9 /run/media/bagus/2AF0ED25F0ECF849/AppServ/02052021/www/one-router-panelv/vendor/codeigniter4/framework/system/CodeIgniter.php(385): CodeIgniter\CodeIgniter->tryToRouteIt()
#10 /run/media/bagus/2AF0ED25F0ECF849/AppServ/02052021/www/one-router-panelv/vendor/codeigniter4/framework/system/CodeIgniter.php(333): CodeIgniter\CodeIgniter->handleRequest()
#11 /run/media/bagus/2AF0ED25F0ECF849/AppServ/02052021/www/one-router-panelv/public/index.php(44): CodeIgniter\CodeIgniter->run()
#12 /run/media/bagus/2AF0ED25F0ECF849/AppServ/02052021/www/one-router-panelv/vendor/codeigniter4/framework/system/Commands/Server/rewrite.php(45): require_once('/run/media/bagu...')
#13 {main}
CRITICAL - 2021-05-18 23:10:03 --> require(errors\404.php): failed to open stream: No such file or directory
#0 /run/media/bagus/2AF0ED25F0ECF849/AppServ/02052021/www/one-router-panelv/app/Views/main.php(23): CodeIgniter\Debug\Exceptions->errorHandler()
#1 /run/media/bagus/2AF0ED25F0ECF849/AppServ/02052021/www/one-router-panelv/app/Views/main.php(23): require()
#2 /run/media/bagus/2AF0ED25F0ECF849/AppServ/02052021/www/one-router-panelv/vendor/codeigniter4/framework/system/View/View.php(220): include('/run/media/bagu...')
#3 /run/media/bagus/2AF0ED25F0ECF849/AppServ/02052021/www/one-router-panelv/vendor/codeigniter4/framework/system/View/View.php(222): CodeIgniter\View\View->CodeIgniter\View\{closure}()
#4 /run/media/bagus/2AF0ED25F0ECF849/AppServ/02052021/www/one-router-panelv/vendor/codeigniter4/framework/system/Common.php(1217): CodeIgniter\View\View->render()
#5 /run/media/bagus/2AF0ED25F0ECF849/AppServ/02052021/www/one-router-panelv/app/Config/AutoRoutes.php(189): view()
#6 /run/media/bagus/2AF0ED25F0ECF849/AppServ/02052021/www/one-router-panelv/app/Config/AutoRoutes.php(140): Config\AutoRoutes->toRoutesPost()
#7 /run/media/bagus/2AF0ED25F0ECF849/AppServ/02052021/www/one-router-panelv/app/Config/Routes.php(57): Config\AutoRoutes->toRoute()
#8 /run/media/bagus/2AF0ED25F0ECF849/AppServ/02052021/www/one-router-panelv/vendor/codeigniter4/framework/system/CodeIgniter.php(803): require('/run/media/bagu...')
#9 /run/media/bagus/2AF0ED25F0ECF849/AppServ/02052021/www/one-router-panelv/vendor/codeigniter4/framework/system/CodeIgniter.php(385): CodeIgniter\CodeIgniter->tryToRouteIt()
#10 /run/media/bagus/2AF0ED25F0ECF849/AppServ/02052021/www/one-router-panelv/vendor/codeigniter4/framework/system/CodeIgniter.php(333): CodeIgniter\CodeIgniter->handleRequest()
#11 /run/media/bagus/2AF0ED25F0ECF849/AppServ/02052021/www/one-router-panelv/public/index.php(44): CodeIgniter\CodeIgniter->run()
#12 /run/media/bagus/2AF0ED25F0ECF849/AppServ/02052021/www/one-router-panelv/vendor/codeigniter4/framework/system/Commands/Server/rewrite.php(45): require_once('/run/media/bagu...')
#13 {main}
CRITICAL - 2021-05-18 23:10:27 --> require(errors\404.php): failed to open stream: No such file or directory
#0 /run/media/bagus/2AF0ED25F0ECF849/AppServ/02052021/www/one-router-panelv/app/Views/main.php(23): CodeIgniter\Debug\Exceptions->errorHandler()
#1 /run/media/bagus/2AF0ED25F0ECF849/AppServ/02052021/www/one-router-panelv/app/Views/main.php(23): require()
#2 /run/media/bagus/2AF0ED25F0ECF849/AppServ/02052021/www/one-router-panelv/vendor/codeigniter4/framework/system/View/View.php(220): include('/run/media/bagu...')
#3 /run/media/bagus/2AF0ED25F0ECF849/AppServ/02052021/www/one-router-panelv/vendor/codeigniter4/framework/system/View/View.php(222): CodeIgniter\View\View->CodeIgniter\View\{closure}()
#4 /run/media/bagus/2AF0ED25F0ECF849/AppServ/02052021/www/one-router-panelv/vendor/codeigniter4/framework/system/Common.php(1217): CodeIgniter\View\View->render()
#5 /run/media/bagus/2AF0ED25F0ECF849/AppServ/02052021/www/one-router-panelv/app/Config/AutoRoutes.php(189): view()
#6 /run/media/bagus/2AF0ED25F0ECF849/AppServ/02052021/www/one-router-panelv/app/Config/AutoRoutes.php(140): Config\AutoRoutes->toRoutesPost()
#7 /run/media/bagus/2AF0ED25F0ECF849/AppServ/02052021/www/one-router-panelv/app/Config/Routes.php(57): Config\AutoRoutes->toRoute()
#8 /run/media/bagus/2AF0ED25F0ECF849/AppServ/02052021/www/one-router-panelv/vendor/codeigniter4/framework/system/CodeIgniter.php(803): require('/run/media/bagu...')
#9 /run/media/bagus/2AF0ED25F0ECF849/AppServ/02052021/www/one-router-panelv/vendor/codeigniter4/framework/system/CodeIgniter.php(385): CodeIgniter\CodeIgniter->tryToRouteIt()
#10 /run/media/bagus/2AF0ED25F0ECF849/AppServ/02052021/www/one-router-panelv/vendor/codeigniter4/framework/system/CodeIgniter.php(333): CodeIgniter\CodeIgniter->handleRequest()
#11 /run/media/bagus/2AF0ED25F0ECF849/AppServ/02052021/www/one-router-panelv/public/index.php(44): CodeIgniter\CodeIgniter->run()
#12 /run/media/bagus/2AF0ED25F0ECF849/AppServ/02052021/www/one-router-panelv/vendor/codeigniter4/framework/system/Commands/Server/rewrite.php(45): require_once('/run/media/bagu...')
#13 {main}
CRITICAL - 2021-05-18 23:11:31 --> require(errors\404.php): failed to open stream: No such file or directory
#0 /run/media/bagus/2AF0ED25F0ECF849/AppServ/02052021/www/one-router-panelv/app/Views/main.php(23): CodeIgniter\Debug\Exceptions->errorHandler()
#1 /run/media/bagus/2AF0ED25F0ECF849/AppServ/02052021/www/one-router-panelv/app/Views/main.php(23): require()
#2 /run/media/bagus/2AF0ED25F0ECF849/AppServ/02052021/www/one-router-panelv/vendor/codeigniter4/framework/system/View/View.php(220): include('/run/media/bagu...')
#3 /run/media/bagus/2AF0ED25F0ECF849/AppServ/02052021/www/one-router-panelv/vendor/codeigniter4/framework/system/View/View.php(222): CodeIgniter\View\View->CodeIgniter\View\{closure}()
#4 /run/media/bagus/2AF0ED25F0ECF849/AppServ/02052021/www/one-router-panelv/vendor/codeigniter4/framework/system/Common.php(1217): CodeIgniter\View\View->render()
#5 /run/media/bagus/2AF0ED25F0ECF849/AppServ/02052021/www/one-router-panelv/app/Config/AutoRoutes.php(189): view()
#6 /run/media/bagus/2AF0ED25F0ECF849/AppServ/02052021/www/one-router-panelv/app/Config/AutoRoutes.php(140): Config\AutoRoutes->toRoutesPost()
#7 /run/media/bagus/2AF0ED25F0ECF849/AppServ/02052021/www/one-router-panelv/app/Config/Routes.php(57): Config\AutoRoutes->toRoute()
#8 /run/media/bagus/2AF0ED25F0ECF849/AppServ/02052021/www/one-router-panelv/vendor/codeigniter4/framework/system/CodeIgniter.php(803): require('/run/media/bagu...')
#9 /run/media/bagus/2AF0ED25F0ECF849/AppServ/02052021/www/one-router-panelv/vendor/codeigniter4/framework/system/CodeIgniter.php(385): CodeIgniter\CodeIgniter->tryToRouteIt()
#10 /run/media/bagus/2AF0ED25F0ECF849/AppServ/02052021/www/one-router-panelv/vendor/codeigniter4/framework/system/CodeIgniter.php(333): CodeIgniter\CodeIgniter->handleRequest()
#11 /run/media/bagus/2AF0ED25F0ECF849/AppServ/02052021/www/one-router-panelv/public/index.php(44): CodeIgniter\CodeIgniter->run()
#12 /run/media/bagus/2AF0ED25F0ECF849/AppServ/02052021/www/one-router-panelv/vendor/codeigniter4/framework/system/Commands/Server/rewrite.php(45): require_once('/run/media/bagu...')
#13 {main}
CRITICAL - 2021-05-18 23:14:28 --> require(errors\404.php): failed to open stream: No such file or directory
#0 /run/media/bagus/2AF0ED25F0ECF849/AppServ/02052021/www/one-router-panelv/app/Views/main.php(23): CodeIgniter\Debug\Exceptions->errorHandler()
#1 /run/media/bagus/2AF0ED25F0ECF849/AppServ/02052021/www/one-router-panelv/app/Views/main.php(23): require()
#2 /run/media/bagus/2AF0ED25F0ECF849/AppServ/02052021/www/one-router-panelv/vendor/codeigniter4/framework/system/View/View.php(220): include('/run/media/bagu...')
#3 /run/media/bagus/2AF0ED25F0ECF849/AppServ/02052021/www/one-router-panelv/vendor/codeigniter4/framework/system/View/View.php(222): CodeIgniter\View\View->CodeIgniter\View\{closure}()
#4 /run/media/bagus/2AF0ED25F0ECF849/AppServ/02052021/www/one-router-panelv/vendor/codeigniter4/framework/system/Common.php(1217): CodeIgniter\View\View->render()
#5 /run/media/bagus/2AF0ED25F0ECF849/AppServ/02052021/www/one-router-panelv/app/Config/AutoRoutes.php(190): view()
#6 /run/media/bagus/2AF0ED25F0ECF849/AppServ/02052021/www/one-router-panelv/app/Config/AutoRoutes.php(141): Config\AutoRoutes->toRoutesPost()
#7 /run/media/bagus/2AF0ED25F0ECF849/AppServ/02052021/www/one-router-panelv/app/Config/Routes.php(57): Config\AutoRoutes->toRoute()
#8 /run/media/bagus/2AF0ED25F0ECF849/AppServ/02052021/www/one-router-panelv/vendor/codeigniter4/framework/system/CodeIgniter.php(803): require('/run/media/bagu...')
#9 /run/media/bagus/2AF0ED25F0ECF849/AppServ/02052021/www/one-router-panelv/vendor/codeigniter4/framework/system/CodeIgniter.php(385): CodeIgniter\CodeIgniter->tryToRouteIt()
#10 /run/media/bagus/2AF0ED25F0ECF849/AppServ/02052021/www/one-router-panelv/vendor/codeigniter4/framework/system/CodeIgniter.php(333): CodeIgniter\CodeIgniter->handleRequest()
#11 /run/media/bagus/2AF0ED25F0ECF849/AppServ/02052021/www/one-router-panelv/public/index.php(44): CodeIgniter\CodeIgniter->run()
#12 /run/media/bagus/2AF0ED25F0ECF849/AppServ/02052021/www/one-router-panelv/vendor/codeigniter4/framework/system/Commands/Server/rewrite.php(45): require_once('/run/media/bagu...')
#13 {main}
CRITICAL - 2021-05-18 23:19:52 --> count(): Parameter must be an array or an object that implements Countable
#0 /run/media/bagus/2AF0ED25F0ECF849/AppServ/02052021/www/one-router-panelv/app/Views/pages/barang/barang.php(34): CodeIgniter\Debug\Exceptions->errorHandler()
#1 /run/media/bagus/2AF0ED25F0ECF849/AppServ/02052021/www/one-router-panelv/app/Views/main.php(57): require('/run/media/bagu...')
#2 /run/media/bagus/2AF0ED25F0ECF849/AppServ/02052021/www/one-router-panelv/vendor/codeigniter4/framework/system/View/View.php(220): include('/run/media/bagu...')
#3 /run/media/bagus/2AF0ED25F0ECF849/AppServ/02052021/www/one-router-panelv/vendor/codeigniter4/framework/system/View/View.php(222): CodeIgniter\View\View->CodeIgniter\View\{closure}()
#4 /run/media/bagus/2AF0ED25F0ECF849/AppServ/02052021/www/one-router-panelv/vendor/codeigniter4/framework/system/Common.php(1217): CodeIgniter\View\View->render()
#5 /run/media/bagus/2AF0ED25F0ECF849/AppServ/02052021/www/one-router-panelv/app/Config/AutoRoutes.php(190): view()
#6 /run/media/bagus/2AF0ED25F0ECF849/AppServ/02052021/www/one-router-panelv/app/Config/AutoRoutes.php(135): Config\AutoRoutes->toRoutesPost()
#7 /run/media/bagus/2AF0ED25F0ECF849/AppServ/02052021/www/one-router-panelv/app/Config/Routes.php(57): Config\AutoRoutes->toRoute()
#8 /run/media/bagus/2AF0ED25F0ECF849/AppServ/02052021/www/one-router-panelv/vendor/codeigniter4/framework/system/CodeIgniter.php(803): require('/run/media/bagu...')
#9 /run/media/bagus/2AF0ED25F0ECF849/AppServ/02052021/www/one-router-panelv/vendor/codeigniter4/framework/system/CodeIgniter.php(385): CodeIgniter\CodeIgniter->tryToRouteIt()
#10 /run/media/bagus/2AF0ED25F0ECF849/AppServ/02052021/www/one-router-panelv/vendor/codeigniter4/framework/system/CodeIgniter.php(333): CodeIgniter\CodeIgniter->handleRequest()
#11 /run/media/bagus/2AF0ED25F0ECF849/AppServ/02052021/www/one-router-panelv/public/index.php(44): CodeIgniter\CodeIgniter->run()
#12 /run/media/bagus/2AF0ED25F0ECF849/AppServ/02052021/www/one-router-panelv/vendor/codeigniter4/framework/system/Commands/Server/rewrite.php(45): require_once('/run/media/bagu...')
#13 {main}
CRITICAL - 2021-05-18 23:19:58 --> count(): Parameter must be an array or an object that implements Countable
#0 /run/media/bagus/2AF0ED25F0ECF849/AppServ/02052021/www/one-router-panelv/app/Views/pages/barang/barang.php(34): CodeIgniter\Debug\Exceptions->errorHandler()
#1 /run/media/bagus/2AF0ED25F0ECF849/AppServ/02052021/www/one-router-panelv/app/Views/main.php(57): require('/run/media/bagu...')
#2 /run/media/bagus/2AF0ED25F0ECF849/AppServ/02052021/www/one-router-panelv/vendor/codeigniter4/framework/system/View/View.php(220): include('/run/media/bagu...')
#3 /run/media/bagus/2AF0ED25F0ECF849/AppServ/02052021/www/one-router-panelv/vendor/codeigniter4/framework/system/View/View.php(222): CodeIgniter\View\View->CodeIgniter\View\{closure}()
#4 /run/media/bagus/2AF0ED25F0ECF849/AppServ/02052021/www/one-router-panelv/vendor/codeigniter4/framework/system/Common.php(1217): CodeIgniter\View\View->render()
#5 /run/media/bagus/2AF0ED25F0ECF849/AppServ/02052021/www/one-router-panelv/app/Config/AutoRoutes.php(190): view()
#6 /run/media/bagus/2AF0ED25F0ECF849/AppServ/02052021/www/one-router-panelv/app/Config/AutoRoutes.php(135): Config\AutoRoutes->toRoutesPost()
#7 /run/media/bagus/2AF0ED25F0ECF849/AppServ/02052021/www/one-router-panelv/app/Config/Routes.php(57): Config\AutoRoutes->toRoute()
#8 /run/media/bagus/2AF0ED25F0ECF849/AppServ/02052021/www/one-router-panelv/vendor/codeigniter4/framework/system/CodeIgniter.php(803): require('/run/media/bagu...')
#9 /run/media/bagus/2AF0ED25F0ECF849/AppServ/02052021/www/one-router-panelv/vendor/codeigniter4/framework/system/CodeIgniter.php(385): CodeIgniter\CodeIgniter->tryToRouteIt()
#10 /run/media/bagus/2AF0ED25F0ECF849/AppServ/02052021/www/one-router-panelv/vendor/codeigniter4/framework/system/CodeIgniter.php(333): CodeIgniter\CodeIgniter->handleRequest()
#11 /run/media/bagus/2AF0ED25F0ECF849/AppServ/02052021/www/one-router-panelv/public/index.php(44): CodeIgniter\CodeIgniter->run()
#12 /run/media/bagus/2AF0ED25F0ECF849/AppServ/02052021/www/one-router-panelv/vendor/codeigniter4/framework/system/Commands/Server/rewrite.php(45): require_once('/run/media/bagu...')
#13 {main}
CRITICAL - 2021-05-18 23:21:41 --> count(): Parameter must be an array or an object that implements Countable
#0 /run/media/bagus/2AF0ED25F0ECF849/AppServ/02052021/www/one-router-panelv/app/Views/pages/barang/barang.php(34): CodeIgniter\Debug\Exceptions->errorHandler()
#1 /run/media/bagus/2AF0ED25F0ECF849/AppServ/02052021/www/one-router-panelv/app/Views/main.php(57): require('/run/media/bagu...')
#2 /run/media/bagus/2AF0ED25F0ECF849/AppServ/02052021/www/one-router-panelv/vendor/codeigniter4/framework/system/View/View.php(220): include('/run/media/bagu...')
#3 /run/media/bagus/2AF0ED25F0ECF849/AppServ/02052021/www/one-router-panelv/vendor/codeigniter4/framework/system/View/View.php(222): CodeIgniter\View\View->CodeIgniter\View\{closure}()
#4 /run/media/bagus/2AF0ED25F0ECF849/AppServ/02052021/www/one-router-panelv/vendor/codeigniter4/framework/system/Common.php(1217): CodeIgniter\View\View->render()
#5 /run/media/bagus/2AF0ED25F0ECF849/AppServ/02052021/www/one-router-panelv/app/Config/AutoRoutes.php(190): view()
#6 /run/media/bagus/2AF0ED25F0ECF849/AppServ/02052021/www/one-router-panelv/app/Config/AutoRoutes.php(135): Config\AutoRoutes->toRoutesPost()
#7 /run/media/bagus/2AF0ED25F0ECF849/AppServ/02052021/www/one-router-panelv/app/Config/Routes.php(57): Config\AutoRoutes->toRoute()
#8 /run/media/bagus/2AF0ED25F0ECF849/AppServ/02052021/www/one-router-panelv/vendor/codeigniter4/framework/system/CodeIgniter.php(803): require('/run/media/bagu...')
#9 /run/media/bagus/2AF0ED25F0ECF849/AppServ/02052021/www/one-router-panelv/vendor/codeigniter4/framework/system/CodeIgniter.php(385): CodeIgniter\CodeIgniter->tryToRouteIt()
#10 /run/media/bagus/2AF0ED25F0ECF849/AppServ/02052021/www/one-router-panelv/vendor/codeigniter4/framework/system/CodeIgniter.php(333): CodeIgniter\CodeIgniter->handleRequest()
#11 /run/media/bagus/2AF0ED25F0ECF849/AppServ/02052021/www/one-router-panelv/public/index.php(44): CodeIgniter\CodeIgniter->run()
#12 /run/media/bagus/2AF0ED25F0ECF849/AppServ/02052021/www/one-router-panelv/vendor/codeigniter4/framework/system/Commands/Server/rewrite.php(45): require_once('/run/media/bagu...')
#13 {main}
CRITICAL - 2021-05-18 23:23:05 --> require(pages\login\index.php): failed to open stream: No such file or directory
#0 /run/media/bagus/2AF0ED25F0ECF849/AppServ/02052021/www/one-router-panelv/app/Views/main.php(23): CodeIgniter\Debug\Exceptions->errorHandler()
#1 /run/media/bagus/2AF0ED25F0ECF849/AppServ/02052021/www/one-router-panelv/app/Views/main.php(23): require()
#2 /run/media/bagus/2AF0ED25F0ECF849/AppServ/02052021/www/one-router-panelv/vendor/codeigniter4/framework/system/View/View.php(220): include('/run/media/bagu...')
#3 /run/media/bagus/2AF0ED25F0ECF849/AppServ/02052021/www/one-router-panelv/vendor/codeigniter4/framework/system/View/View.php(222): CodeIgniter\View\View->CodeIgniter\View\{closure}()
#4 /run/media/bagus/2AF0ED25F0ECF849/AppServ/02052021/www/one-router-panelv/vendor/codeigniter4/framework/system/Common.php(1217): CodeIgniter\View\View->render()
#5 /run/media/bagus/2AF0ED25F0ECF849/AppServ/02052021/www/one-router-panelv/app/Config/AutoRoutes.php(190): view()
#6 /run/media/bagus/2AF0ED25F0ECF849/AppServ/02052021/www/one-router-panelv/app/Config/AutoRoutes.php(203): Config\AutoRoutes->toRoutesPost()
#7 /run/media/bagus/2AF0ED25F0ECF849/AppServ/02052021/www/one-router-panelv/app/Config/AutoRoutes.php(101): Config\AutoRoutes->logOUT()
#8 /run/media/bagus/2AF0ED25F0ECF849/AppServ/02052021/www/one-router-panelv/app/Config/Routes.php(57): Config\AutoRoutes->toRoute()
#9 /run/media/bagus/2AF0ED25F0ECF849/AppServ/02052021/www/one-router-panelv/vendor/codeigniter4/framework/system/CodeIgniter.php(803): require('/run/media/bagu...')
#10 /run/media/bagus/2AF0ED25F0ECF849/AppServ/02052021/www/one-router-panelv/vendor/codeigniter4/framework/system/CodeIgniter.php(385): CodeIgniter\CodeIgniter->tryToRouteIt()
#11 /run/media/bagus/2AF0ED25F0ECF849/AppServ/02052021/www/one-router-panelv/vendor/codeigniter4/framework/system/CodeIgniter.php(333): CodeIgniter\CodeIgniter->handleRequest()
#12 /run/media/bagus/2AF0ED25F0ECF849/AppServ/02052021/www/one-router-panelv/public/index.php(44): CodeIgniter\CodeIgniter->run()
#13 /run/media/bagus/2AF0ED25F0ECF849/AppServ/02052021/www/one-router-panelv/vendor/codeigniter4/framework/system/Commands/Server/rewrite.php(45): require_once('/run/media/bagu...')
#14 {main}
CRITICAL - 2021-05-18 23:23:52 --> require(pages\login\index.php): failed to open stream: No such file or directory
#0 /run/media/bagus/2AF0ED25F0ECF849/AppServ/02052021/www/one-router-panelv/app/Views/main.php(23): CodeIgniter\Debug\Exceptions->errorHandler()
#1 /run/media/bagus/2AF0ED25F0ECF849/AppServ/02052021/www/one-router-panelv/app/Views/main.php(23): require()
#2 /run/media/bagus/2AF0ED25F0ECF849/AppServ/02052021/www/one-router-panelv/vendor/codeigniter4/framework/system/View/View.php(220): include('/run/media/bagu...')
#3 /run/media/bagus/2AF0ED25F0ECF849/AppServ/02052021/www/one-router-panelv/vendor/codeigniter4/framework/system/View/View.php(222): CodeIgniter\View\View->CodeIgniter\View\{closure}()
#4 /run/media/bagus/2AF0ED25F0ECF849/AppServ/02052021/www/one-router-panelv/vendor/codeigniter4/framework/system/Common.php(1217): CodeIgniter\View\View->render()
#5 /run/media/bagus/2AF0ED25F0ECF849/AppServ/02052021/www/one-router-panelv/app/Config/AutoRoutes.php(190): view()
#6 /run/media/bagus/2AF0ED25F0ECF849/AppServ/02052021/www/one-router-panelv/app/Config/AutoRoutes.php(203): Config\AutoRoutes->toRoutesPost()
#7 /run/media/bagus/2AF0ED25F0ECF849/AppServ/02052021/www/one-router-panelv/app/Config/AutoRoutes.php(101): Config\AutoRoutes->logOUT()
#8 /run/media/bagus/2AF0ED25F0ECF849/AppServ/02052021/www/one-router-panelv/app/Config/Routes.php(57): Config\AutoRoutes->toRoute()
#9 /run/media/bagus/2AF0ED25F0ECF849/AppServ/02052021/www/one-router-panelv/vendor/codeigniter4/framework/system/CodeIgniter.php(803): require('/run/media/bagu...')
#10 /run/media/bagus/2AF0ED25F0ECF849/AppServ/02052021/www/one-router-panelv/vendor/codeigniter4/framework/system/CodeIgniter.php(385): CodeIgniter\CodeIgniter->tryToRouteIt()
#11 /run/media/bagus/2AF0ED25F0ECF849/AppServ/02052021/www/one-router-panelv/vendor/codeigniter4/framework/system/CodeIgniter.php(333): CodeIgniter\CodeIgniter->handleRequest()
#12 /run/media/bagus/2AF0ED25F0ECF849/AppServ/02052021/www/one-router-panelv/public/index.php(44): CodeIgniter\CodeIgniter->run()
#13 /run/media/bagus/2AF0ED25F0ECF849/AppServ/02052021/www/one-router-panelv/vendor/codeigniter4/framework/system/Commands/Server/rewrite.php(45): require_once('/run/media/bagu...')
#14 {main}
CRITICAL - 2021-05-18 23:44:44 --> Server error: `POST http://127.0.0.1:8081/reports` resulted in a `500 Internal Server Error` response:
{"statusCode":500,"error":"Internal Server Error","message":"An internal server error occurred"}

#0 /run/media/bagus/2AF0ED25F0ECF849/AppServ/02052021/www/one-router-panelv/vendor/guzzlehttp/guzzle/src/Middleware.php(69): GuzzleHttp\Exception\RequestException::create()
#1 /run/media/bagus/2AF0ED25F0ECF849/AppServ/02052021/www/one-router-panelv/vendor/guzzlehttp/promises/src/Promise.php(204): GuzzleHttp\Middleware::GuzzleHttp\{closure}()
#2 /run/media/bagus/2AF0ED25F0ECF849/AppServ/02052021/www/one-router-panelv/vendor/guzzlehttp/promises/src/Promise.php(153): GuzzleHttp\Promise\Promise::callHandler()
#3 /run/media/bagus/2AF0ED25F0ECF849/AppServ/02052021/www/one-router-panelv/vendor/guzzlehttp/promises/src/TaskQueue.php(48): GuzzleHttp\Promise\Promise::GuzzleHttp\Promise\{closure}()
#4 /run/media/bagus/2AF0ED25F0ECF849/AppServ/02052021/www/one-router-panelv/vendor/guzzlehttp/promises/src/Promise.php(248): GuzzleHttp\Promise\TaskQueue->run()
#5 /run/media/bagus/2AF0ED25F0ECF849/AppServ/02052021/www/one-router-panelv/vendor/guzzlehttp/promises/src/Promise.php(224): GuzzleHttp\Promise\Promise->invokeWaitFn()
#6 /run/media/bagus/2AF0ED25F0ECF849/AppServ/02052021/www/one-router-panelv/vendor/guzzlehttp/promises/src/Promise.php(269): GuzzleHttp\Promise\Promise->waitIfPending()
#7 /run/media/bagus/2AF0ED25F0ECF849/AppServ/02052021/www/one-router-panelv/vendor/guzzlehttp/promises/src/Promise.php(226): GuzzleHttp\Promise\Promise->invokeWaitList()
#8 /run/media/bagus/2AF0ED25F0ECF849/AppServ/02052021/www/one-router-panelv/vendor/guzzlehttp/promises/src/Promise.php(62): GuzzleHttp\Promise\Promise->waitIfPending()
#9 /run/media/bagus/2AF0ED25F0ECF849/AppServ/02052021/www/one-router-panelv/vendor/guzzlehttp/guzzle/src/Client.php(187): GuzzleHttp\Promise\Promise->wait()
#10 /run/media/bagus/2AF0ED25F0ECF849/AppServ/02052021/www/one-router-panelv/app/Config/RestApi.php(96): GuzzleHttp\Client->request()
#11 /run/media/bagus/2AF0ED25F0ECF849/AppServ/02052021/www/one-router-panelv/app/Config/AutoRoutes.php(110): Config\RestApi->report()
#12 /run/media/bagus/2AF0ED25F0ECF849/AppServ/02052021/www/one-router-panelv/app/Config/Routes.php(57): Config\AutoRoutes->toRoute()
#13 /run/media/bagus/2AF0ED25F0ECF849/AppServ/02052021/www/one-router-panelv/vendor/codeigniter4/framework/system/CodeIgniter.php(803): require('/run/media/bagu...')
#14 /run/media/bagus/2AF0ED25F0ECF849/AppServ/02052021/www/one-router-panelv/vendor/codeigniter4/framework/system/CodeIgniter.php(385): CodeIgniter\CodeIgniter->tryToRouteIt()
#15 /run/media/bagus/2AF0ED25F0ECF849/AppServ/02052021/www/one-router-panelv/vendor/codeigniter4/framework/system/CodeIgniter.php(333): CodeIgniter\CodeIgniter->handleRequest()
#16 /run/media/bagus/2AF0ED25F0ECF849/AppServ/02052021/www/one-router-panelv/public/index.php(44): CodeIgniter\CodeIgniter->run()
#17 /run/media/bagus/2AF0ED25F0ECF849/AppServ/02052021/www/one-router-panelv/vendor/codeigniter4/framework/system/Commands/Server/rewrite.php(45): require_once('/run/media/bagu...')
#18 {main}
