CRITICAL - 2021-03-31 00:22:52 --> Call to undefined function to_route()
#0 C:\AppServ\www\one-router-panelv\app\Views\main.php(33): include()
#1 C:\AppServ\www\one-router-panelv\vendor\codeigniter4\framework\system\View\View.php(220): include('C:\\AppServ\\www\\...')
#2 C:\AppServ\www\one-router-panelv\vendor\codeigniter4\framework\system\View\View.php(222): CodeIgniter\View\View->CodeIgniter\View\{closure}()
#3 C:\AppServ\www\one-router-panelv\vendor\codeigniter4\framework\system\Common.php(1217): CodeIgniter\View\View->render('main', Array, true)
#4 C:\AppServ\www\one-router-panelv\app\Config\AutoRoutes.php(125): view('main', Array)
#5 C:\AppServ\www\one-router-panelv\app\Config\AutoRoutes.php(74): Config\AutoRoutes->toRoutesPost()
#6 C:\AppServ\www\one-router-panelv\app\Config\Routes.php(47): Config\AutoRoutes->toRoute()
#7 C:\AppServ\www\one-router-panelv\vendor\codeigniter4\framework\system\CodeIgniter.php(803): require('C:\\AppServ\\www\\...')
#8 C:\AppServ\www\one-router-panelv\vendor\codeigniter4\framework\system\CodeIgniter.php(385): CodeIgniter\CodeIgniter->tryToRouteIt(Object(CodeIgniter\Router\RouteCollection))
#9 C:\AppServ\www\one-router-panelv\vendor\codeigniter4\framework\system\CodeIgniter.php(333): CodeIgniter\CodeIgniter->handleRequest(NULL, Object(Config\Cache), false)
#10 C:\AppServ\www\one-router-panelv\public\index.php(44): CodeIgniter\CodeIgniter->run()
#11 C:\AppServ\www\one-router-panelv\vendor\codeigniter4\framework\system\Commands\Server\rewrite.php(45): require_once('C:\\AppServ\\www\\...')
#12 {main}
CRITICAL - 2021-03-31 00:23:21 --> Call to undefined function to_route()
#0 C:\AppServ\www\one-router-panelv\app\Views\main.php(33): include()
#1 C:\AppServ\www\one-router-panelv\vendor\codeigniter4\framework\system\View\View.php(220): include('C:\\AppServ\\www\\...')
#2 C:\AppServ\www\one-router-panelv\vendor\codeigniter4\framework\system\View\View.php(222): CodeIgniter\View\View->CodeIgniter\View\{closure}()
#3 C:\AppServ\www\one-router-panelv\vendor\codeigniter4\framework\system\Common.php(1217): CodeIgniter\View\View->render('main', Array, true)
#4 C:\AppServ\www\one-router-panelv\app\Config\AutoRoutes.php(125): view('main', Array)
#5 C:\AppServ\www\one-router-panelv\app\Config\AutoRoutes.php(74): Config\AutoRoutes->toRoutesPost()
#6 C:\AppServ\www\one-router-panelv\app\Config\Routes.php(47): Config\AutoRoutes->toRoute()
#7 C:\AppServ\www\one-router-panelv\vendor\codeigniter4\framework\system\CodeIgniter.php(803): require('C:\\AppServ\\www\\...')
#8 C:\AppServ\www\one-router-panelv\vendor\codeigniter4\framework\system\CodeIgniter.php(385): CodeIgniter\CodeIgniter->tryToRouteIt(Object(CodeIgniter\Router\RouteCollection))
#9 C:\AppServ\www\one-router-panelv\vendor\codeigniter4\framework\system\CodeIgniter.php(333): CodeIgniter\CodeIgniter->handleRequest(NULL, Object(Config\Cache), false)
#10 C:\AppServ\www\one-router-panelv\public\index.php(44): CodeIgniter\CodeIgniter->run()
#11 C:\AppServ\www\one-router-panelv\vendor\codeigniter4\framework\system\Commands\Server\rewrite.php(45): require_once('C:\\AppServ\\www\\...')
#12 {main}
CRITICAL - 2021-03-31 00:33:10 --> Call to a member function to_route() on null
#0 C:\AppServ\www\one-router-panelv\app\Views\main.php(32): include()
#1 C:\AppServ\www\one-router-panelv\vendor\codeigniter4\framework\system\View\View.php(220): include('C:\\AppServ\\www\\...')
#2 C:\AppServ\www\one-router-panelv\vendor\codeigniter4\framework\system\View\View.php(222): CodeIgniter\View\View->CodeIgniter\View\{closure}()
#3 C:\AppServ\www\one-router-panelv\vendor\codeigniter4\framework\system\Common.php(1217): CodeIgniter\View\View->render('main', Array, true)
#4 C:\AppServ\www\one-router-panelv\app\Config\AutoRoutes.php(125): view('main', Array)
#5 C:\AppServ\www\one-router-panelv\app\Config\AutoRoutes.php(74): Config\AutoRoutes->toRoutesPost()
#6 C:\AppServ\www\one-router-panelv\app\Config\Routes.php(53): Config\AutoRoutes->toRoute()
#7 C:\AppServ\www\one-router-panelv\vendor\codeigniter4\framework\system\CodeIgniter.php(803): require('C:\\AppServ\\www\\...')
#8 C:\AppServ\www\one-router-panelv\vendor\codeigniter4\framework\system\CodeIgniter.php(385): CodeIgniter\CodeIgniter->tryToRouteIt(Object(CodeIgniter\Router\RouteCollection))
#9 C:\AppServ\www\one-router-panelv\vendor\codeigniter4\framework\system\CodeIgniter.php(333): CodeIgniter\CodeIgniter->handleRequest(NULL, Object(Config\Cache), false)
#10 C:\AppServ\www\one-router-panelv\public\index.php(44): CodeIgniter\CodeIgniter->run()
#11 C:\AppServ\www\one-router-panelv\vendor\codeigniter4\framework\system\Commands\Server\rewrite.php(45): require_once('C:\\AppServ\\www\\...')
#12 {main}
CRITICAL - 2021-03-31 00:43:59 --> Call to undefined function to_route()
#0 C:\AppServ\www\one-router-panelv\app\Views\main.php(32): include()
#1 C:\AppServ\www\one-router-panelv\vendor\codeigniter4\framework\system\View\View.php(220): include('C:\\AppServ\\www\\...')
#2 C:\AppServ\www\one-router-panelv\vendor\codeigniter4\framework\system\View\View.php(222): CodeIgniter\View\View->CodeIgniter\View\{closure}()
#3 C:\AppServ\www\one-router-panelv\vendor\codeigniter4\framework\system\Common.php(1217): CodeIgniter\View\View->render('main', Array, true)
#4 C:\AppServ\www\one-router-panelv\app\Config\AutoRoutes.php(125): view('main', Array)
#5 C:\AppServ\www\one-router-panelv\app\Config\AutoRoutes.php(74): Config\AutoRoutes->toRoutesPost()
#6 C:\AppServ\www\one-router-panelv\app\Config\Routes.php(50): Config\AutoRoutes->toRoute()
#7 C:\AppServ\www\one-router-panelv\vendor\codeigniter4\framework\system\CodeIgniter.php(803): require('C:\\AppServ\\www\\...')
#8 C:\AppServ\www\one-router-panelv\vendor\codeigniter4\framework\system\CodeIgniter.php(385): CodeIgniter\CodeIgniter->tryToRouteIt(Object(CodeIgniter\Router\RouteCollection))
#9 C:\AppServ\www\one-router-panelv\vendor\codeigniter4\framework\system\CodeIgniter.php(333): CodeIgniter\CodeIgniter->handleRequest(NULL, Object(Config\Cache), false)
#10 C:\AppServ\www\one-router-panelv\public\index.php(44): CodeIgniter\CodeIgniter->run()
#11 C:\AppServ\www\one-router-panelv\vendor\codeigniter4\framework\system\Commands\Server\rewrite.php(45): require_once('C:\\AppServ\\www\\...')
#12 {main}
CRITICAL - 2021-03-31 00:51:17 --> Call to a member function to_route() on null
#0 C:\AppServ\www\one-router-panelv\app\Views\main.php(42): include()
#1 C:\AppServ\www\one-router-panelv\vendor\codeigniter4\framework\system\View\View.php(220): include('C:\\AppServ\\www\\...')
#2 C:\AppServ\www\one-router-panelv\vendor\codeigniter4\framework\system\View\View.php(222): CodeIgniter\View\View->CodeIgniter\View\{closure}()
#3 C:\AppServ\www\one-router-panelv\vendor\codeigniter4\framework\system\Common.php(1217): CodeIgniter\View\View->render('main', Array, true)
#4 C:\AppServ\www\one-router-panelv\app\Config\AutoRoutes.php(125): view('main', Array)
#5 C:\AppServ\www\one-router-panelv\app\Config\AutoRoutes.php(74): Config\AutoRoutes->toRoutesPost()
#6 C:\AppServ\www\one-router-panelv\app\Config\Routes.php(50): Config\AutoRoutes->toRoute()
#7 C:\AppServ\www\one-router-panelv\vendor\codeigniter4\framework\system\CodeIgniter.php(803): require('C:\\AppServ\\www\\...')
#8 C:\AppServ\www\one-router-panelv\vendor\codeigniter4\framework\system\CodeIgniter.php(385): CodeIgniter\CodeIgniter->tryToRouteIt(Object(CodeIgniter\Router\RouteCollection))
#9 C:\AppServ\www\one-router-panelv\vendor\codeigniter4\framework\system\CodeIgniter.php(333): CodeIgniter\CodeIgniter->handleRequest(NULL, Object(Config\Cache), false)
#10 C:\AppServ\www\one-router-panelv\public\index.php(44): CodeIgniter\CodeIgniter->run()
#11 C:\AppServ\www\one-router-panelv\vendor\codeigniter4\framework\system\Commands\Server\rewrite.php(45): require_once('C:\\AppServ\\www\\...')
#12 {main}
CRITICAL - 2021-03-31 00:52:29 --> Call to a member function to_route() on null
#0 C:\AppServ\www\one-router-panelv\app\Views\main.php(42): include()
#1 C:\AppServ\www\one-router-panelv\vendor\codeigniter4\framework\system\View\View.php(220): include('C:\\AppServ\\www\\...')
#2 C:\AppServ\www\one-router-panelv\vendor\codeigniter4\framework\system\View\View.php(222): CodeIgniter\View\View->CodeIgniter\View\{closure}()
#3 C:\AppServ\www\one-router-panelv\vendor\codeigniter4\framework\system\Common.php(1217): CodeIgniter\View\View->render('main', Array, true)
#4 C:\AppServ\www\one-router-panelv\app\Config\AutoRoutes.php(125): view('main', Array)
#5 C:\AppServ\www\one-router-panelv\app\Config\AutoRoutes.php(74): Config\AutoRoutes->toRoutesPost()
#6 C:\AppServ\www\one-router-panelv\app\Config\Routes.php(50): Config\AutoRoutes->toRoute()
#7 C:\AppServ\www\one-router-panelv\vendor\codeigniter4\framework\system\CodeIgniter.php(803): require('C:\\AppServ\\www\\...')
#8 C:\AppServ\www\one-router-panelv\vendor\codeigniter4\framework\system\CodeIgniter.php(385): CodeIgniter\CodeIgniter->tryToRouteIt(Object(CodeIgniter\Router\RouteCollection))
#9 C:\AppServ\www\one-router-panelv\vendor\codeigniter4\framework\system\CodeIgniter.php(333): CodeIgniter\CodeIgniter->handleRequest(NULL, Object(Config\Cache), false)
#10 C:\AppServ\www\one-router-panelv\public\index.php(44): CodeIgniter\CodeIgniter->run()
#11 C:\AppServ\www\one-router-panelv\vendor\codeigniter4\framework\system\Commands\Server\rewrite.php(45): require_once('C:\\AppServ\\www\\...')
#12 {main}
CRITICAL - 2021-03-31 00:55:12 --> Call to a member function to_route() on null
#0 C:\AppServ\www\one-router-panelv\app\Views\main.php(40): include()
#1 C:\AppServ\www\one-router-panelv\vendor\codeigniter4\framework\system\View\View.php(220): include('C:\\AppServ\\www\\...')
#2 C:\AppServ\www\one-router-panelv\vendor\codeigniter4\framework\system\View\View.php(222): CodeIgniter\View\View->CodeIgniter\View\{closure}()
#3 C:\AppServ\www\one-router-panelv\vendor\codeigniter4\framework\system\Common.php(1217): CodeIgniter\View\View->render('main', Array, true)
#4 C:\AppServ\www\one-router-panelv\app\Config\AutoRoutes.php(125): view('main', Array)
#5 C:\AppServ\www\one-router-panelv\app\Config\AutoRoutes.php(74): Config\AutoRoutes->toRoutesPost()
#6 C:\AppServ\www\one-router-panelv\app\Config\Routes.php(50): Config\AutoRoutes->toRoute()
#7 C:\AppServ\www\one-router-panelv\vendor\codeigniter4\framework\system\CodeIgniter.php(803): require('C:\\AppServ\\www\\...')
#8 C:\AppServ\www\one-router-panelv\vendor\codeigniter4\framework\system\CodeIgniter.php(385): CodeIgniter\CodeIgniter->tryToRouteIt(Object(CodeIgniter\Router\RouteCollection))
#9 C:\AppServ\www\one-router-panelv\vendor\codeigniter4\framework\system\CodeIgniter.php(333): CodeIgniter\CodeIgniter->handleRequest(NULL, Object(Config\Cache), false)
#10 C:\AppServ\www\one-router-panelv\public\index.php(44): CodeIgniter\CodeIgniter->run()
#11 C:\AppServ\www\one-router-panelv\vendor\codeigniter4\framework\system\Commands\Server\rewrite.php(45): require_once('C:\\AppServ\\www\\...')
#12 {main}
CRITICAL - 2021-03-31 00:55:59 --> CodeIgniter\View\View::main(): Failed opening required 'C:\AppServ\www\one-router-panelv\vendor\codeigniter4\framework\system\Config/Pages.php' (include_path='.;C:\php\pear')
#0 [internal function]: CodeIgniter\Debug\Exceptions->shutdownHandler()
#1 {main}
CRITICAL - 2021-03-31 00:57:01 --> CodeIgniter\View\View::main(): Failed opening required 'C:\AppServ\www\one-router-panelv\vendor\codeigniter4\framework\system\Config/Pages.php' (include_path='.;C:\php\pear')
#0 [internal function]: CodeIgniter\Debug\Exceptions->shutdownHandler()
#1 {main}
CRITICAL - 2021-03-31 00:57:44 --> CodeIgniter\View\View::main(): Failed opening required '/./app/Config/Pages.php' (include_path='.;C:\php\pear')
#0 [internal function]: CodeIgniter\Debug\Exceptions->shutdownHandler()
#1 {main}
CRITICAL - 2021-03-31 00:58:11 --> CodeIgniter\View\View::main(): Failed opening required '../Config/Pages.php' (include_path='.;C:\php\pear')
#0 [internal function]: CodeIgniter\Debug\Exceptions->shutdownHandler()
#1 {main}
CRITICAL - 2021-03-31 00:58:55 --> CodeIgniter\View\View::main(): Failed opening required '../Config/Pages.php' (include_path='.;C:\php\pear')
#0 [internal function]: CodeIgniter\Debug\Exceptions->shutdownHandler()
#1 {main}
CRITICAL - 2021-03-31 00:59:26 --> CodeIgniter\View\View::main(): Failed opening required '../Config/Pages.php' (include_path='.;C:\php\pear')
#0 [internal function]: CodeIgniter\Debug\Exceptions->shutdownHandler()
#1 {main}
CRITICAL - 2021-03-31 00:59:39 --> Call to a member function to_route() on null
#0 C:\AppServ\www\one-router-panelv\app\Views\main.php(40): include()
#1 C:\AppServ\www\one-router-panelv\vendor\codeigniter4\framework\system\View\View.php(220): include('C:\\AppServ\\www\\...')
#2 C:\AppServ\www\one-router-panelv\vendor\codeigniter4\framework\system\View\View.php(222): CodeIgniter\View\View->CodeIgniter\View\{closure}()
#3 C:\AppServ\www\one-router-panelv\vendor\codeigniter4\framework\system\Common.php(1217): CodeIgniter\View\View->render('main', Array, true)
#4 C:\AppServ\www\one-router-panelv\app\Config\AutoRoutes.php(125): view('main', Array)
#5 C:\AppServ\www\one-router-panelv\app\Config\AutoRoutes.php(74): Config\AutoRoutes->toRoutesPost()
#6 C:\AppServ\www\one-router-panelv\app\Config\Routes.php(50): Config\AutoRoutes->toRoute()
#7 C:\AppServ\www\one-router-panelv\vendor\codeigniter4\framework\system\CodeIgniter.php(803): require('C:\\AppServ\\www\\...')
#8 C:\AppServ\www\one-router-panelv\vendor\codeigniter4\framework\system\CodeIgniter.php(385): CodeIgniter\CodeIgniter->tryToRouteIt(Object(CodeIgniter\Router\RouteCollection))
#9 C:\AppServ\www\one-router-panelv\vendor\codeigniter4\framework\system\CodeIgniter.php(333): CodeIgniter\CodeIgniter->handleRequest(NULL, Object(Config\Cache), false)
#10 C:\AppServ\www\one-router-panelv\public\index.php(44): CodeIgniter\CodeIgniter->run()
#11 C:\AppServ\www\one-router-panelv\vendor\codeigniter4\framework\system\Commands\Server\rewrite.php(45): require_once('C:\\AppServ\\www\\...')
#12 {main}
CRITICAL - 2021-03-31 01:30:47 --> Maximum execution time of 60 seconds exceeded
#0 [internal function]: CodeIgniter\Debug\Exceptions->shutdownHandler()
#1 {main}
CRITICAL - 2021-03-31 04:13:51 --> Call to undefined function to_route()
#0 C:\AppServ\www\one-router-panelv\app\Views\main.php(36): include()
#1 C:\AppServ\www\one-router-panelv\vendor\codeigniter4\framework\system\View\View.php(220): include('C:\\AppServ\\www\\...')
#2 C:\AppServ\www\one-router-panelv\vendor\codeigniter4\framework\system\View\View.php(222): CodeIgniter\View\View->CodeIgniter\View\{closure}()
#3 C:\AppServ\www\one-router-panelv\vendor\codeigniter4\framework\system\Common.php(1217): CodeIgniter\View\View->render('main', Array, true)
#4 C:\AppServ\www\one-router-panelv\app\Config\AutoRoutes.php(125): view('main', Array)
#5 C:\AppServ\www\one-router-panelv\app\Config\AutoRoutes.php(74): Config\AutoRoutes->toRoutesPost()
#6 C:\AppServ\www\one-router-panelv\app\Config\Routes.php(50): Config\AutoRoutes->toRoute()
#7 C:\AppServ\www\one-router-panelv\vendor\codeigniter4\framework\system\CodeIgniter.php(803): require('C:\\AppServ\\www\\...')
#8 C:\AppServ\www\one-router-panelv\vendor\codeigniter4\framework\system\CodeIgniter.php(385): CodeIgniter\CodeIgniter->tryToRouteIt(Object(CodeIgniter\Router\RouteCollection))
#9 C:\AppServ\www\one-router-panelv\vendor\codeigniter4\framework\system\CodeIgniter.php(333): CodeIgniter\CodeIgniter->handleRequest(NULL, Object(Config\Cache), false)
#10 C:\AppServ\www\one-router-panelv\public\index.php(44): CodeIgniter\CodeIgniter->run()
#11 C:\AppServ\www\one-router-panelv\vendor\codeigniter4\framework\system\Commands\Server\rewrite.php(45): require_once('C:\\AppServ\\www\\...')
#12 {main}
CRITICAL - 2021-03-31 04:14:52 --> Call to undefined function to_route()
#0 C:\AppServ\www\one-router-panelv\app\Views\main.php(36): include()
#1 C:\AppServ\www\one-router-panelv\vendor\codeigniter4\framework\system\View\View.php(220): include('C:\\AppServ\\www\\...')
#2 C:\AppServ\www\one-router-panelv\vendor\codeigniter4\framework\system\View\View.php(222): CodeIgniter\View\View->CodeIgniter\View\{closure}()
#3 C:\AppServ\www\one-router-panelv\vendor\codeigniter4\framework\system\Common.php(1217): CodeIgniter\View\View->render('main', Array, true)
#4 C:\AppServ\www\one-router-panelv\app\Config\AutoRoutes.php(125): view('main', Array)
#5 C:\AppServ\www\one-router-panelv\app\Config\AutoRoutes.php(74): Config\AutoRoutes->toRoutesPost()
#6 C:\AppServ\www\one-router-panelv\app\Config\Routes.php(50): Config\AutoRoutes->toRoute()
#7 C:\AppServ\www\one-router-panelv\vendor\codeigniter4\framework\system\CodeIgniter.php(803): require('C:\\AppServ\\www\\...')
#8 C:\AppServ\www\one-router-panelv\vendor\codeigniter4\framework\system\CodeIgniter.php(385): CodeIgniter\CodeIgniter->tryToRouteIt(Object(CodeIgniter\Router\RouteCollection))
#9 C:\AppServ\www\one-router-panelv\vendor\codeigniter4\framework\system\CodeIgniter.php(333): CodeIgniter\CodeIgniter->handleRequest(NULL, Object(Config\Cache), false)
#10 C:\AppServ\www\one-router-panelv\public\index.php(44): CodeIgniter\CodeIgniter->run()
#11 C:\AppServ\www\one-router-panelv\vendor\codeigniter4\framework\system\Commands\Server\rewrite.php(45): require_once('C:\\AppServ\\www\\...')
#12 {main}
CRITICAL - 2021-03-31 04:15:23 --> Call to undefined function to_route()
#0 C:\AppServ\www\one-router-panelv\app\Views\main.php(36): include()
#1 C:\AppServ\www\one-router-panelv\vendor\codeigniter4\framework\system\View\View.php(220): include('C:\\AppServ\\www\\...')
#2 C:\AppServ\www\one-router-panelv\vendor\codeigniter4\framework\system\View\View.php(222): CodeIgniter\View\View->CodeIgniter\View\{closure}()
#3 C:\AppServ\www\one-router-panelv\vendor\codeigniter4\framework\system\Common.php(1217): CodeIgniter\View\View->render('main', Array, true)
#4 C:\AppServ\www\one-router-panelv\app\Config\AutoRoutes.php(125): view('main', Array)
#5 C:\AppServ\www\one-router-panelv\app\Config\AutoRoutes.php(74): Config\AutoRoutes->toRoutesPost()
#6 C:\AppServ\www\one-router-panelv\app\Config\Routes.php(50): Config\AutoRoutes->toRoute()
#7 C:\AppServ\www\one-router-panelv\vendor\codeigniter4\framework\system\CodeIgniter.php(803): require('C:\\AppServ\\www\\...')
#8 C:\AppServ\www\one-router-panelv\vendor\codeigniter4\framework\system\CodeIgniter.php(385): CodeIgniter\CodeIgniter->tryToRouteIt(Object(CodeIgniter\Router\RouteCollection))
#9 C:\AppServ\www\one-router-panelv\vendor\codeigniter4\framework\system\CodeIgniter.php(333): CodeIgniter\CodeIgniter->handleRequest(NULL, Object(Config\Cache), false)
#10 C:\AppServ\www\one-router-panelv\public\index.php(44): CodeIgniter\CodeIgniter->run()
#11 C:\AppServ\www\one-router-panelv\vendor\codeigniter4\framework\system\Commands\Server\rewrite.php(45): require_once('C:\\AppServ\\www\\...')
#12 {main}
CRITICAL - 2021-03-31 04:17:03 --> CodeIgniter\View\View::main(): Failed opening required 'config/Pages.php' (include_path='.;C:\php\pear')
#0 [internal function]: CodeIgniter\Debug\Exceptions->shutdownHandler()
#1 {main}
CRITICAL - 2021-03-31 04:17:18 --> CodeIgniter\View\View::main(): Failed opening required '../config/Pages.php' (include_path='.;C:\php\pear')
#0 [internal function]: CodeIgniter\Debug\Exceptions->shutdownHandler()
#1 {main}
CRITICAL - 2021-03-31 04:17:52 --> CodeIgniter\View\View::main(): Failed opening required '../Config/Pages.php' (include_path='.;C:\php\pear')
#0 [internal function]: CodeIgniter\Debug\Exceptions->shutdownHandler()
#1 {main}
CRITICAL - 2021-03-31 04:18:45 --> Call to undefined function to_route()
#0 C:\AppServ\www\one-router-panelv\app\Views\main.php(36): include()
#1 C:\AppServ\www\one-router-panelv\vendor\codeigniter4\framework\system\View\View.php(220): include('C:\\AppServ\\www\\...')
#2 C:\AppServ\www\one-router-panelv\vendor\codeigniter4\framework\system\View\View.php(222): CodeIgniter\View\View->CodeIgniter\View\{closure}()
#3 C:\AppServ\www\one-router-panelv\vendor\codeigniter4\framework\system\Common.php(1217): CodeIgniter\View\View->render('main', Array, true)
#4 C:\AppServ\www\one-router-panelv\app\Config\AutoRoutes.php(125): view('main', Array)
#5 C:\AppServ\www\one-router-panelv\app\Config\AutoRoutes.php(74): Config\AutoRoutes->toRoutesPost()
#6 C:\AppServ\www\one-router-panelv\app\Config\Routes.php(50): Config\AutoRoutes->toRoute()
#7 C:\AppServ\www\one-router-panelv\vendor\codeigniter4\framework\system\CodeIgniter.php(803): require('C:\\AppServ\\www\\...')
#8 C:\AppServ\www\one-router-panelv\vendor\codeigniter4\framework\system\CodeIgniter.php(385): CodeIgniter\CodeIgniter->tryToRouteIt(Object(CodeIgniter\Router\RouteCollection))
#9 C:\AppServ\www\one-router-panelv\vendor\codeigniter4\framework\system\CodeIgniter.php(333): CodeIgniter\CodeIgniter->handleRequest(NULL, Object(Config\Cache), false)
#10 C:\AppServ\www\one-router-panelv\public\index.php(44): CodeIgniter\CodeIgniter->run()
#11 C:\AppServ\www\one-router-panelv\vendor\codeigniter4\framework\system\Commands\Server\rewrite.php(45): require_once('C:\\AppServ\\www\\...')
#12 {main}
CRITICAL - 2021-03-31 04:21:41 --> Call to undefined function to_route()
#0 C:\AppServ\www\one-router-panelv\app\Views\main.php(36): include()
#1 C:\AppServ\www\one-router-panelv\vendor\codeigniter4\framework\system\View\View.php(220): include('C:\\AppServ\\www\\...')
#2 C:\AppServ\www\one-router-panelv\vendor\codeigniter4\framework\system\View\View.php(222): CodeIgniter\View\View->CodeIgniter\View\{closure}()
#3 C:\AppServ\www\one-router-panelv\vendor\codeigniter4\framework\system\Common.php(1217): CodeIgniter\View\View->render('main', Array, true)
#4 C:\AppServ\www\one-router-panelv\app\Config\AutoRoutes.php(125): view('main', Array)
#5 C:\AppServ\www\one-router-panelv\app\Config\AutoRoutes.php(74): Config\AutoRoutes->toRoutesPost()
#6 C:\AppServ\www\one-router-panelv\app\Config\Routes.php(50): Config\AutoRoutes->toRoute()
#7 C:\AppServ\www\one-router-panelv\vendor\codeigniter4\framework\system\CodeIgniter.php(803): require('C:\\AppServ\\www\\...')
#8 C:\AppServ\www\one-router-panelv\vendor\codeigniter4\framework\system\CodeIgniter.php(385): CodeIgniter\CodeIgniter->tryToRouteIt(Object(CodeIgniter\Router\RouteCollection))
#9 C:\AppServ\www\one-router-panelv\vendor\codeigniter4\framework\system\CodeIgniter.php(333): CodeIgniter\CodeIgniter->handleRequest(NULL, Object(Config\Cache), false)
#10 C:\AppServ\www\one-router-panelv\public\index.php(44): CodeIgniter\CodeIgniter->run()
#11 C:\AppServ\www\one-router-panelv\vendor\codeigniter4\framework\system\Commands\Server\rewrite.php(45): require_once('C:\\AppServ\\www\\...')
#12 {main}
CRITICAL - 2021-03-31 04:22:56 --> Call to undefined function to_route()
#0 C:\AppServ\www\one-router-panelv\app\Views\main.php(36): include()
#1 C:\AppServ\www\one-router-panelv\vendor\codeigniter4\framework\system\View\View.php(220): include('C:\\AppServ\\www\\...')
#2 C:\AppServ\www\one-router-panelv\vendor\codeigniter4\framework\system\View\View.php(222): CodeIgniter\View\View->CodeIgniter\View\{closure}()
#3 C:\AppServ\www\one-router-panelv\vendor\codeigniter4\framework\system\Common.php(1217): CodeIgniter\View\View->render('main', Array, true)
#4 C:\AppServ\www\one-router-panelv\app\Config\AutoRoutes.php(125): view('main', Array)
#5 C:\AppServ\www\one-router-panelv\app\Config\AutoRoutes.php(74): Config\AutoRoutes->toRoutesPost()
#6 C:\AppServ\www\one-router-panelv\app\Config\Routes.php(50): Config\AutoRoutes->toRoute()
#7 C:\AppServ\www\one-router-panelv\vendor\codeigniter4\framework\system\CodeIgniter.php(803): require('C:\\AppServ\\www\\...')
#8 C:\AppServ\www\one-router-panelv\vendor\codeigniter4\framework\system\CodeIgniter.php(385): CodeIgniter\CodeIgniter->tryToRouteIt(Object(CodeIgniter\Router\RouteCollection))
#9 C:\AppServ\www\one-router-panelv\vendor\codeigniter4\framework\system\CodeIgniter.php(333): CodeIgniter\CodeIgniter->handleRequest(NULL, Object(Config\Cache), false)
#10 C:\AppServ\www\one-router-panelv\public\index.php(44): CodeIgniter\CodeIgniter->run()
#11 C:\AppServ\www\one-router-panelv\vendor\codeigniter4\framework\system\Commands\Server\rewrite.php(45): require_once('C:\\AppServ\\www\\...')
#12 {main}
CRITICAL - 2021-03-31 04:23:33 --> CodeIgniter\View\View::main(): Failed opening required '../Config/Pages.php' (include_path='.;C:\php\pear')
#0 [internal function]: CodeIgniter\Debug\Exceptions->shutdownHandler()
#1 {main}
CRITICAL - 2021-03-31 04:25:06 --> Call to undefined function to_route()
#0 C:\AppServ\www\one-router-panelv\app\Views\main.php(36): include()
#1 C:\AppServ\www\one-router-panelv\vendor\codeigniter4\framework\system\View\View.php(220): include('C:\\AppServ\\www\\...')
#2 C:\AppServ\www\one-router-panelv\vendor\codeigniter4\framework\system\View\View.php(222): CodeIgniter\View\View->CodeIgniter\View\{closure}()
#3 C:\AppServ\www\one-router-panelv\vendor\codeigniter4\framework\system\Common.php(1217): CodeIgniter\View\View->render('main', Array, true)
#4 C:\AppServ\www\one-router-panelv\app\Config\AutoRoutes.php(125): view('main', Array)
#5 C:\AppServ\www\one-router-panelv\app\Config\AutoRoutes.php(74): Config\AutoRoutes->toRoutesPost()
#6 C:\AppServ\www\one-router-panelv\app\Config\Routes.php(50): Config\AutoRoutes->toRoute()
#7 C:\AppServ\www\one-router-panelv\vendor\codeigniter4\framework\system\CodeIgniter.php(803): require('C:\\AppServ\\www\\...')
#8 C:\AppServ\www\one-router-panelv\vendor\codeigniter4\framework\system\CodeIgniter.php(385): CodeIgniter\CodeIgniter->tryToRouteIt(Object(CodeIgniter\Router\RouteCollection))
#9 C:\AppServ\www\one-router-panelv\vendor\codeigniter4\framework\system\CodeIgniter.php(333): CodeIgniter\CodeIgniter->handleRequest(NULL, Object(Config\Cache), false)
#10 C:\AppServ\www\one-router-panelv\public\index.php(44): CodeIgniter\CodeIgniter->run()
#11 C:\AppServ\www\one-router-panelv\vendor\codeigniter4\framework\system\Commands\Server\rewrite.php(45): require_once('C:\\AppServ\\www\\...')
#12 {main}
CRITICAL - 2021-03-31 04:26:53 --> Call to undefined function to_route()
#0 C:\AppServ\www\one-router-panelv\app\Views\main.php(36): include()
#1 C:\AppServ\www\one-router-panelv\vendor\codeigniter4\framework\system\View\View.php(220): include('C:\\AppServ\\www\\...')
#2 C:\AppServ\www\one-router-panelv\vendor\codeigniter4\framework\system\View\View.php(222): CodeIgniter\View\View->CodeIgniter\View\{closure}()
#3 C:\AppServ\www\one-router-panelv\vendor\codeigniter4\framework\system\Common.php(1217): CodeIgniter\View\View->render('main', Array, true)
#4 C:\AppServ\www\one-router-panelv\app\Config\AutoRoutes.php(125): view('main', Array)
#5 C:\AppServ\www\one-router-panelv\app\Config\AutoRoutes.php(74): Config\AutoRoutes->toRoutesPost()
#6 C:\AppServ\www\one-router-panelv\app\Config\Routes.php(50): Config\AutoRoutes->toRoute()
#7 C:\AppServ\www\one-router-panelv\vendor\codeigniter4\framework\system\CodeIgniter.php(803): require('C:\\AppServ\\www\\...')
#8 C:\AppServ\www\one-router-panelv\vendor\codeigniter4\framework\system\CodeIgniter.php(385): CodeIgniter\CodeIgniter->tryToRouteIt(Object(CodeIgniter\Router\RouteCollection))
#9 C:\AppServ\www\one-router-panelv\vendor\codeigniter4\framework\system\CodeIgniter.php(333): CodeIgniter\CodeIgniter->handleRequest(NULL, Object(Config\Cache), false)
#10 C:\AppServ\www\one-router-panelv\public\index.php(44): CodeIgniter\CodeIgniter->run()
#11 C:\AppServ\www\one-router-panelv\vendor\codeigniter4\framework\system\Commands\Server\rewrite.php(45): require_once('C:\\AppServ\\www\\...')
#12 {main}
CRITICAL - 2021-03-31 04:27:17 --> Call to undefined function to_route()
#0 C:\AppServ\www\one-router-panelv\app\Views\main.php(36): include()
#1 C:\AppServ\www\one-router-panelv\vendor\codeigniter4\framework\system\View\View.php(220): include('C:\\AppServ\\www\\...')
#2 C:\AppServ\www\one-router-panelv\vendor\codeigniter4\framework\system\View\View.php(222): CodeIgniter\View\View->CodeIgniter\View\{closure}()
#3 C:\AppServ\www\one-router-panelv\vendor\codeigniter4\framework\system\Common.php(1217): CodeIgniter\View\View->render('main', Array, true)
#4 C:\AppServ\www\one-router-panelv\app\Config\AutoRoutes.php(125): view('main', Array)
#5 C:\AppServ\www\one-router-panelv\app\Config\AutoRoutes.php(74): Config\AutoRoutes->toRoutesPost()
#6 C:\AppServ\www\one-router-panelv\app\Config\Routes.php(50): Config\AutoRoutes->toRoute()
#7 C:\AppServ\www\one-router-panelv\vendor\codeigniter4\framework\system\CodeIgniter.php(803): require('C:\\AppServ\\www\\...')
#8 C:\AppServ\www\one-router-panelv\vendor\codeigniter4\framework\system\CodeIgniter.php(385): CodeIgniter\CodeIgniter->tryToRouteIt(Object(CodeIgniter\Router\RouteCollection))
#9 C:\AppServ\www\one-router-panelv\vendor\codeigniter4\framework\system\CodeIgniter.php(333): CodeIgniter\CodeIgniter->handleRequest(NULL, Object(Config\Cache), false)
#10 C:\AppServ\www\one-router-panelv\public\index.php(44): CodeIgniter\CodeIgniter->run()
#11 C:\AppServ\www\one-router-panelv\vendor\codeigniter4\framework\system\Commands\Server\rewrite.php(45): require_once('C:\\AppServ\\www\\...')
#12 {main}
CRITICAL - 2021-03-31 04:28:03 --> Call to undefined function to_route()
#0 C:\AppServ\www\one-router-panelv\app\Views\main.php(36): include()
#1 C:\AppServ\www\one-router-panelv\vendor\codeigniter4\framework\system\View\View.php(220): include('C:\\AppServ\\www\\...')
#2 C:\AppServ\www\one-router-panelv\vendor\codeigniter4\framework\system\View\View.php(222): CodeIgniter\View\View->CodeIgniter\View\{closure}()
#3 C:\AppServ\www\one-router-panelv\vendor\codeigniter4\framework\system\Common.php(1217): CodeIgniter\View\View->render('main', Array, true)
#4 C:\AppServ\www\one-router-panelv\app\Config\AutoRoutes.php(125): view('main', Array)
#5 C:\AppServ\www\one-router-panelv\app\Config\AutoRoutes.php(74): Config\AutoRoutes->toRoutesPost()
#6 C:\AppServ\www\one-router-panelv\app\Config\Routes.php(50): Config\AutoRoutes->toRoute()
#7 C:\AppServ\www\one-router-panelv\vendor\codeigniter4\framework\system\CodeIgniter.php(803): require('C:\\AppServ\\www\\...')
#8 C:\AppServ\www\one-router-panelv\vendor\codeigniter4\framework\system\CodeIgniter.php(385): CodeIgniter\CodeIgniter->tryToRouteIt(Object(CodeIgniter\Router\RouteCollection))
#9 C:\AppServ\www\one-router-panelv\vendor\codeigniter4\framework\system\CodeIgniter.php(333): CodeIgniter\CodeIgniter->handleRequest(NULL, Object(Config\Cache), false)
#10 C:\AppServ\www\one-router-panelv\public\index.php(44): CodeIgniter\CodeIgniter->run()
#11 C:\AppServ\www\one-router-panelv\vendor\codeigniter4\framework\system\Commands\Server\rewrite.php(45): require_once('C:\\AppServ\\www\\...')
#12 {main}
CRITICAL - 2021-03-31 04:31:19 --> Call to undefined function to_route()
#0 C:\AppServ\www\one-router-panelv\app\Views\main.php(36): include()
#1 C:\AppServ\www\one-router-panelv\vendor\codeigniter4\framework\system\View\View.php(220): include('C:\\AppServ\\www\\...')
#2 C:\AppServ\www\one-router-panelv\vendor\codeigniter4\framework\system\View\View.php(222): CodeIgniter\View\View->CodeIgniter\View\{closure}()
#3 C:\AppServ\www\one-router-panelv\vendor\codeigniter4\framework\system\Common.php(1217): CodeIgniter\View\View->render('main', Array, true)
#4 C:\AppServ\www\one-router-panelv\app\Config\AutoRoutes.php(125): view('main', Array)
#5 C:\AppServ\www\one-router-panelv\app\Config\AutoRoutes.php(74): Config\AutoRoutes->toRoutesPost()
#6 C:\AppServ\www\one-router-panelv\app\Config\Routes.php(50): Config\AutoRoutes->toRoute()
#7 C:\AppServ\www\one-router-panelv\vendor\codeigniter4\framework\system\CodeIgniter.php(803): require('C:\\AppServ\\www\\...')
#8 C:\AppServ\www\one-router-panelv\vendor\codeigniter4\framework\system\CodeIgniter.php(385): CodeIgniter\CodeIgniter->tryToRouteIt(Object(CodeIgniter\Router\RouteCollection))
#9 C:\AppServ\www\one-router-panelv\vendor\codeigniter4\framework\system\CodeIgniter.php(333): CodeIgniter\CodeIgniter->handleRequest(NULL, Object(Config\Cache), false)
#10 C:\AppServ\www\one-router-panelv\public\index.php(44): CodeIgniter\CodeIgniter->run()
#11 C:\AppServ\www\one-router-panelv\vendor\codeigniter4\framework\system\Commands\Server\rewrite.php(45): require_once('C:\\AppServ\\www\\...')
#12 {main}
CRITICAL - 2021-03-31 04:35:24 --> Call to undefined function to_route()
#0 C:\AppServ\www\one-router-panelv\app\Views\main.php(36): include()
#1 C:\AppServ\www\one-router-panelv\vendor\codeigniter4\framework\system\View\View.php(220): include('C:\\AppServ\\www\\...')
#2 C:\AppServ\www\one-router-panelv\vendor\codeigniter4\framework\system\View\View.php(222): CodeIgniter\View\View->CodeIgniter\View\{closure}()
#3 C:\AppServ\www\one-router-panelv\vendor\codeigniter4\framework\system\Common.php(1217): CodeIgniter\View\View->render('main', Array, true)
#4 C:\AppServ\www\one-router-panelv\app\Config\AutoRoutes.php(125): view('main', Array)
#5 C:\AppServ\www\one-router-panelv\app\Config\AutoRoutes.php(74): Config\AutoRoutes->toRoutesPost()
#6 C:\AppServ\www\one-router-panelv\app\Config\Routes.php(50): Config\AutoRoutes->toRoute()
#7 C:\AppServ\www\one-router-panelv\vendor\codeigniter4\framework\system\CodeIgniter.php(803): require('C:\\AppServ\\www\\...')
#8 C:\AppServ\www\one-router-panelv\vendor\codeigniter4\framework\system\CodeIgniter.php(385): CodeIgniter\CodeIgniter->tryToRouteIt(Object(CodeIgniter\Router\RouteCollection))
#9 C:\AppServ\www\one-router-panelv\vendor\codeigniter4\framework\system\CodeIgniter.php(333): CodeIgniter\CodeIgniter->handleRequest(NULL, Object(Config\Cache), false)
#10 C:\AppServ\www\one-router-panelv\public\index.php(44): CodeIgniter\CodeIgniter->run()
#11 C:\AppServ\www\one-router-panelv\vendor\codeigniter4\framework\system\Commands\Server\rewrite.php(45): require_once('C:\\AppServ\\www\\...')
#12 {main}
CRITICAL - 2021-03-31 04:37:24 --> Call to undefined function Pages()
#0 C:\AppServ\www\one-router-panelv\app\Views\main.php(36): include()
#1 C:\AppServ\www\one-router-panelv\vendor\codeigniter4\framework\system\View\View.php(220): include('C:\\AppServ\\www\\...')
#2 C:\AppServ\www\one-router-panelv\vendor\codeigniter4\framework\system\View\View.php(222): CodeIgniter\View\View->CodeIgniter\View\{closure}()
#3 C:\AppServ\www\one-router-panelv\vendor\codeigniter4\framework\system\Common.php(1217): CodeIgniter\View\View->render('main', Array, true)
#4 C:\AppServ\www\one-router-panelv\app\Config\AutoRoutes.php(125): view('main', Array)
#5 C:\AppServ\www\one-router-panelv\app\Config\AutoRoutes.php(74): Config\AutoRoutes->toRoutesPost()
#6 C:\AppServ\www\one-router-panelv\app\Config\Routes.php(50): Config\AutoRoutes->toRoute()
#7 C:\AppServ\www\one-router-panelv\vendor\codeigniter4\framework\system\CodeIgniter.php(803): require('C:\\AppServ\\www\\...')
#8 C:\AppServ\www\one-router-panelv\vendor\codeigniter4\framework\system\CodeIgniter.php(385): CodeIgniter\CodeIgniter->tryToRouteIt(Object(CodeIgniter\Router\RouteCollection))
#9 C:\AppServ\www\one-router-panelv\vendor\codeigniter4\framework\system\CodeIgniter.php(333): CodeIgniter\CodeIgniter->handleRequest(NULL, Object(Config\Cache), false)
#10 C:\AppServ\www\one-router-panelv\public\index.php(44): CodeIgniter\CodeIgniter->run()
#11 C:\AppServ\www\one-router-panelv\vendor\codeigniter4\framework\system\Commands\Server\rewrite.php(45): require_once('C:\\AppServ\\www\\...')
#12 {main}
CRITICAL - 2021-03-31 04:39:18 --> Call to a member function to_route() on null
#0 C:\AppServ\www\one-router-panelv\app\Views\main.php(36): include()
#1 C:\AppServ\www\one-router-panelv\vendor\codeigniter4\framework\system\View\View.php(220): include('C:\\AppServ\\www\\...')
#2 C:\AppServ\www\one-router-panelv\vendor\codeigniter4\framework\system\View\View.php(222): CodeIgniter\View\View->CodeIgniter\View\{closure}()
#3 C:\AppServ\www\one-router-panelv\vendor\codeigniter4\framework\system\Common.php(1217): CodeIgniter\View\View->render('main', Array, true)
#4 C:\AppServ\www\one-router-panelv\app\Config\AutoRoutes.php(125): view('main', Array)
#5 C:\AppServ\www\one-router-panelv\app\Config\AutoRoutes.php(74): Config\AutoRoutes->toRoutesPost()
#6 C:\AppServ\www\one-router-panelv\app\Config\Routes.php(50): Config\AutoRoutes->toRoute()
#7 C:\AppServ\www\one-router-panelv\vendor\codeigniter4\framework\system\CodeIgniter.php(803): require('C:\\AppServ\\www\\...')
#8 C:\AppServ\www\one-router-panelv\vendor\codeigniter4\framework\system\CodeIgniter.php(385): CodeIgniter\CodeIgniter->tryToRouteIt(Object(CodeIgniter\Router\RouteCollection))
#9 C:\AppServ\www\one-router-panelv\vendor\codeigniter4\framework\system\CodeIgniter.php(333): CodeIgniter\CodeIgniter->handleRequest(NULL, Object(Config\Cache), false)
#10 C:\AppServ\www\one-router-panelv\public\index.php(44): CodeIgniter\CodeIgniter->run()
#11 C:\AppServ\www\one-router-panelv\vendor\codeigniter4\framework\system\Commands\Server\rewrite.php(45): require_once('C:\\AppServ\\www\\...')
#12 {main}
CRITICAL - 2021-03-31 04:43:21 --> Constants may only evaluate to scalar values, arrays or resources
#0 [internal function]: CodeIgniter\Debug\Exceptions->errorHandler(2, 'Constants may o...', 'C:\\AppServ\\www\\...', 14, Array)
#1 C:\AppServ\www\one-router-panelv\app\Config\Pages.php(14): define('PAGES', Object(Config\Pages))
#2 C:\AppServ\www\one-router-panelv\vendor\codeigniter4\framework\system\Autoloader\Autoloader.php(294): include_once('C:\\AppServ\\www\\...')
#3 C:\AppServ\www\one-router-panelv\vendor\codeigniter4\framework\system\Autoloader\Autoloader.php(246): CodeIgniter\Autoloader\Autoloader->includeFile('C:\\AppServ\\www\\...')
#4 C:\AppServ\www\one-router-panelv\vendor\codeigniter4\framework\system\Autoloader\Autoloader.php(228): CodeIgniter\Autoloader\Autoloader->loadInNamespace('Config\\PAGES')
#5 [internal function]: CodeIgniter\Autoloader\Autoloader->loadClass('PAGES')
#6 C:\AppServ\www\one-router-panelv\app\Views\incl\sidebar.php(56): spl_autoload_call('PAGES')
#7 C:\AppServ\www\one-router-panelv\app\Views\main.php(36): include('C:\\AppServ\\www\\...')
#8 C:\AppServ\www\one-router-panelv\vendor\codeigniter4\framework\system\View\View.php(220): include('C:\\AppServ\\www\\...')
#9 C:\AppServ\www\one-router-panelv\vendor\codeigniter4\framework\system\View\View.php(222): CodeIgniter\View\View->CodeIgniter\View\{closure}()
#10 C:\AppServ\www\one-router-panelv\vendor\codeigniter4\framework\system\Common.php(1217): CodeIgniter\View\View->render('main', Array, true)
#11 C:\AppServ\www\one-router-panelv\app\Config\AutoRoutes.php(125): view('main', Array)
#12 C:\AppServ\www\one-router-panelv\app\Config\AutoRoutes.php(74): Config\AutoRoutes->toRoutesPost()
#13 C:\AppServ\www\one-router-panelv\app\Config\Routes.php(50): Config\AutoRoutes->toRoute()
#14 C:\AppServ\www\one-router-panelv\vendor\codeigniter4\framework\system\CodeIgniter.php(803): require('C:\\AppServ\\www\\...')
#15 C:\AppServ\www\one-router-panelv\vendor\codeigniter4\framework\system\CodeIgniter.php(385): CodeIgniter\CodeIgniter->tryToRouteIt(Object(CodeIgniter\Router\RouteCollection))
#16 C:\AppServ\www\one-router-panelv\vendor\codeigniter4\framework\system\CodeIgniter.php(333): CodeIgniter\CodeIgniter->handleRequest(NULL, Object(Config\Cache), false)
#17 C:\AppServ\www\one-router-panelv\public\index.php(44): CodeIgniter\CodeIgniter->run()
#18 C:\AppServ\www\one-router-panelv\vendor\codeigniter4\framework\system\Commands\Server\rewrite.php(45): require_once('C:\\AppServ\\www\\...')
#19 {main}
CRITICAL - 2021-03-31 04:44:45 --> Call to undefined function PAGES()
#0 C:\AppServ\www\one-router-panelv\app\Views\main.php(36): include()
#1 C:\AppServ\www\one-router-panelv\vendor\codeigniter4\framework\system\View\View.php(220): include('C:\\AppServ\\www\\...')
#2 C:\AppServ\www\one-router-panelv\vendor\codeigniter4\framework\system\View\View.php(222): CodeIgniter\View\View->CodeIgniter\View\{closure}()
#3 C:\AppServ\www\one-router-panelv\vendor\codeigniter4\framework\system\Common.php(1217): CodeIgniter\View\View->render('main', Array, true)
#4 C:\AppServ\www\one-router-panelv\app\Config\AutoRoutes.php(125): view('main', Array)
#5 C:\AppServ\www\one-router-panelv\app\Config\AutoRoutes.php(74): Config\AutoRoutes->toRoutesPost()
#6 C:\AppServ\www\one-router-panelv\app\Config\Routes.php(50): Config\AutoRoutes->toRoute()
#7 C:\AppServ\www\one-router-panelv\vendor\codeigniter4\framework\system\CodeIgniter.php(803): require('C:\\AppServ\\www\\...')
#8 C:\AppServ\www\one-router-panelv\vendor\codeigniter4\framework\system\CodeIgniter.php(385): CodeIgniter\CodeIgniter->tryToRouteIt(Object(CodeIgniter\Router\RouteCollection))
#9 C:\AppServ\www\one-router-panelv\vendor\codeigniter4\framework\system\CodeIgniter.php(333): CodeIgniter\CodeIgniter->handleRequest(NULL, Object(Config\Cache), false)
#10 C:\AppServ\www\one-router-panelv\public\index.php(44): CodeIgniter\CodeIgniter->run()
#11 C:\AppServ\www\one-router-panelv\vendor\codeigniter4\framework\system\Commands\Server\rewrite.php(45): require_once('C:\\AppServ\\www\\...')
#12 {main}
CRITICAL - 2021-03-31 04:46:54 --> Constants may only evaluate to scalar values, arrays or resources
#0 [internal function]: CodeIgniter\Debug\Exceptions->errorHandler(2, 'Constants may o...', 'C:\\AppServ\\www\\...', 14, Array)
#1 C:\AppServ\www\one-router-panelv\app\Config\Pages.php(14): define('PAGES', Object(Config\Pages))
#2 C:\AppServ\www\one-router-panelv\vendor\codeigniter4\framework\system\Autoloader\Autoloader.php(294): include_once('C:\\AppServ\\www\\...')
#3 C:\AppServ\www\one-router-panelv\vendor\codeigniter4\framework\system\Autoloader\Autoloader.php(246): CodeIgniter\Autoloader\Autoloader->includeFile('C:\\AppServ\\www\\...')
#4 C:\AppServ\www\one-router-panelv\vendor\codeigniter4\framework\system\Autoloader\Autoloader.php(228): CodeIgniter\Autoloader\Autoloader->loadInNamespace('Config\\PAGES')
#5 [internal function]: CodeIgniter\Autoloader\Autoloader->loadClass('PAGES')
#6 C:\AppServ\www\one-router-panelv\app\Views\incl\sidebar.php(56): spl_autoload_call('PAGES')
#7 C:\AppServ\www\one-router-panelv\app\Views\main.php(36): include('C:\\AppServ\\www\\...')
#8 C:\AppServ\www\one-router-panelv\vendor\codeigniter4\framework\system\View\View.php(220): include('C:\\AppServ\\www\\...')
#9 C:\AppServ\www\one-router-panelv\vendor\codeigniter4\framework\system\View\View.php(222): CodeIgniter\View\View->CodeIgniter\View\{closure}()
#10 C:\AppServ\www\one-router-panelv\vendor\codeigniter4\framework\system\Common.php(1217): CodeIgniter\View\View->render('main', Array, true)
#11 C:\AppServ\www\one-router-panelv\app\Config\AutoRoutes.php(125): view('main', Array)
#12 C:\AppServ\www\one-router-panelv\app\Config\AutoRoutes.php(74): Config\AutoRoutes->toRoutesPost()
#13 C:\AppServ\www\one-router-panelv\app\Config\Routes.php(50): Config\AutoRoutes->toRoute()
#14 C:\AppServ\www\one-router-panelv\vendor\codeigniter4\framework\system\CodeIgniter.php(803): require('C:\\AppServ\\www\\...')
#15 C:\AppServ\www\one-router-panelv\vendor\codeigniter4\framework\system\CodeIgniter.php(385): CodeIgniter\CodeIgniter->tryToRouteIt(Object(CodeIgniter\Router\RouteCollection))
#16 C:\AppServ\www\one-router-panelv\vendor\codeigniter4\framework\system\CodeIgniter.php(333): CodeIgniter\CodeIgniter->handleRequest(NULL, Object(Config\Cache), false)
#17 C:\AppServ\www\one-router-panelv\public\index.php(44): CodeIgniter\CodeIgniter->run()
#18 C:\AppServ\www\one-router-panelv\vendor\codeigniter4\framework\system\Commands\Server\rewrite.php(45): require_once('C:\\AppServ\\www\\...')
#19 {main}
CRITICAL - 2021-03-31 04:51:09 --> Call to undefined function PAGES()
#0 C:\AppServ\www\one-router-panelv\app\Views\main.php(36): include()
#1 C:\AppServ\www\one-router-panelv\vendor\codeigniter4\framework\system\View\View.php(220): include('C:\\AppServ\\www\\...')
#2 C:\AppServ\www\one-router-panelv\vendor\codeigniter4\framework\system\View\View.php(222): CodeIgniter\View\View->CodeIgniter\View\{closure}()
#3 C:\AppServ\www\one-router-panelv\vendor\codeigniter4\framework\system\Common.php(1217): CodeIgniter\View\View->render('main', Array, true)
#4 C:\AppServ\www\one-router-panelv\app\Config\AutoRoutes.php(125): view('main', Array)
#5 C:\AppServ\www\one-router-panelv\app\Config\AutoRoutes.php(74): Config\AutoRoutes->toRoutesPost()
#6 C:\AppServ\www\one-router-panelv\app\Config\Routes.php(50): Config\AutoRoutes->toRoute()
#7 C:\AppServ\www\one-router-panelv\vendor\codeigniter4\framework\system\CodeIgniter.php(803): require('C:\\AppServ\\www\\...')
#8 C:\AppServ\www\one-router-panelv\vendor\codeigniter4\framework\system\CodeIgniter.php(385): CodeIgniter\CodeIgniter->tryToRouteIt(Object(CodeIgniter\Router\RouteCollection))
#9 C:\AppServ\www\one-router-panelv\vendor\codeigniter4\framework\system\CodeIgniter.php(333): CodeIgniter\CodeIgniter->handleRequest(NULL, Object(Config\Cache), false)
#10 C:\AppServ\www\one-router-panelv\public\index.php(44): CodeIgniter\CodeIgniter->run()
#11 C:\AppServ\www\one-router-panelv\vendor\codeigniter4\framework\system\Commands\Server\rewrite.php(45): require_once('C:\\AppServ\\www\\...')
#12 {main}
CRITICAL - 2021-03-31 04:59:02 --> Class 'PAGES' not found
#0 C:\AppServ\www\one-router-panelv\app\Views\main.php(36): include()
#1 C:\AppServ\www\one-router-panelv\vendor\codeigniter4\framework\system\View\View.php(220): include('C:\\AppServ\\www\\...')
#2 C:\AppServ\www\one-router-panelv\vendor\codeigniter4\framework\system\View\View.php(222): CodeIgniter\View\View->CodeIgniter\View\{closure}()
#3 C:\AppServ\www\one-router-panelv\vendor\codeigniter4\framework\system\Common.php(1217): CodeIgniter\View\View->render('main', Array, true)
#4 C:\AppServ\www\one-router-panelv\app\Config\AutoRoutes.php(125): view('main', Array)
#5 C:\AppServ\www\one-router-panelv\app\Config\AutoRoutes.php(74): Config\AutoRoutes->toRoutesPost()
#6 C:\AppServ\www\one-router-panelv\app\Config\Routes.php(50): Config\AutoRoutes->toRoute()
#7 C:\AppServ\www\one-router-panelv\vendor\codeigniter4\framework\system\CodeIgniter.php(803): require('C:\\AppServ\\www\\...')
#8 C:\AppServ\www\one-router-panelv\vendor\codeigniter4\framework\system\CodeIgniter.php(385): CodeIgniter\CodeIgniter->tryToRouteIt(Object(CodeIgniter\Router\RouteCollection))
#9 C:\AppServ\www\one-router-panelv\vendor\codeigniter4\framework\system\CodeIgniter.php(333): CodeIgniter\CodeIgniter->handleRequest(NULL, Object(Config\Cache), false)
#10 C:\AppServ\www\one-router-panelv\public\index.php(44): CodeIgniter\CodeIgniter->run()
#11 C:\AppServ\www\one-router-panelv\vendor\codeigniter4\framework\system\Commands\Server\rewrite.php(45): require_once('C:\\AppServ\\www\\...')
#12 {main}
CRITICAL - 2021-03-31 05:01:06 --> Class 'PAGES' not found
#0 C:\AppServ\www\one-router-panelv\app\Views\main.php(36): include()
#1 C:\AppServ\www\one-router-panelv\vendor\codeigniter4\framework\system\View\View.php(220): include('C:\\AppServ\\www\\...')
#2 C:\AppServ\www\one-router-panelv\vendor\codeigniter4\framework\system\View\View.php(222): CodeIgniter\View\View->CodeIgniter\View\{closure}()
#3 C:\AppServ\www\one-router-panelv\vendor\codeigniter4\framework\system\Common.php(1217): CodeIgniter\View\View->render('main', Array, true)
#4 C:\AppServ\www\one-router-panelv\app\Config\AutoRoutes.php(125): view('main', Array)
#5 C:\AppServ\www\one-router-panelv\app\Config\AutoRoutes.php(74): Config\AutoRoutes->toRoutesPost()
#6 C:\AppServ\www\one-router-panelv\app\Config\Routes.php(50): Config\AutoRoutes->toRoute()
#7 C:\AppServ\www\one-router-panelv\vendor\codeigniter4\framework\system\CodeIgniter.php(803): require('C:\\AppServ\\www\\...')
#8 C:\AppServ\www\one-router-panelv\vendor\codeigniter4\framework\system\CodeIgniter.php(385): CodeIgniter\CodeIgniter->tryToRouteIt(Object(CodeIgniter\Router\RouteCollection))
#9 C:\AppServ\www\one-router-panelv\vendor\codeigniter4\framework\system\CodeIgniter.php(333): CodeIgniter\CodeIgniter->handleRequest(NULL, Object(Config\Cache), false)
#10 C:\AppServ\www\one-router-panelv\public\index.php(44): CodeIgniter\CodeIgniter->run()
#11 C:\AppServ\www\one-router-panelv\vendor\codeigniter4\framework\system\Commands\Server\rewrite.php(45): require_once('C:\\AppServ\\www\\...')
#12 {main}
CRITICAL - 2021-03-31 05:09:25 --> Class name must be a valid object or a string
#0 C:\AppServ\www\one-router-panelv\app\Views\main.php(36): include()
#1 C:\AppServ\www\one-router-panelv\vendor\codeigniter4\framework\system\View\View.php(220): include('C:\\AppServ\\www\\...')
#2 C:\AppServ\www\one-router-panelv\vendor\codeigniter4\framework\system\View\View.php(222): CodeIgniter\View\View->CodeIgniter\View\{closure}()
#3 C:\AppServ\www\one-router-panelv\vendor\codeigniter4\framework\system\Common.php(1217): CodeIgniter\View\View->render('main', Array, true)
#4 C:\AppServ\www\one-router-panelv\app\Config\AutoRoutes.php(125): view('main', Array)
#5 C:\AppServ\www\one-router-panelv\app\Config\AutoRoutes.php(74): Config\AutoRoutes->toRoutesPost()
#6 C:\AppServ\www\one-router-panelv\app\Config\Routes.php(50): Config\AutoRoutes->toRoute()
#7 C:\AppServ\www\one-router-panelv\vendor\codeigniter4\framework\system\CodeIgniter.php(803): require('C:\\AppServ\\www\\...')
#8 C:\AppServ\www\one-router-panelv\vendor\codeigniter4\framework\system\CodeIgniter.php(385): CodeIgniter\CodeIgniter->tryToRouteIt(Object(CodeIgniter\Router\RouteCollection))
#9 C:\AppServ\www\one-router-panelv\vendor\codeigniter4\framework\system\CodeIgniter.php(333): CodeIgniter\CodeIgniter->handleRequest(NULL, Object(Config\Cache), false)
#10 C:\AppServ\www\one-router-panelv\public\index.php(44): CodeIgniter\CodeIgniter->run()
#11 C:\AppServ\www\one-router-panelv\vendor\codeigniter4\framework\system\Commands\Server\rewrite.php(45): require_once('C:\\AppServ\\www\\...')
#12 {main}
CRITICAL - 2021-03-31 05:09:55 --> Call to a member function routes() on null
#0 C:\AppServ\www\one-router-panelv\app\Views\main.php(36): include()
#1 C:\AppServ\www\one-router-panelv\vendor\codeigniter4\framework\system\View\View.php(220): include('C:\\AppServ\\www\\...')
#2 C:\AppServ\www\one-router-panelv\vendor\codeigniter4\framework\system\View\View.php(222): CodeIgniter\View\View->CodeIgniter\View\{closure}()
#3 C:\AppServ\www\one-router-panelv\vendor\codeigniter4\framework\system\Common.php(1217): CodeIgniter\View\View->render('main', Array, true)
#4 C:\AppServ\www\one-router-panelv\app\Config\AutoRoutes.php(125): view('main', Array)
#5 C:\AppServ\www\one-router-panelv\app\Config\AutoRoutes.php(74): Config\AutoRoutes->toRoutesPost()
#6 C:\AppServ\www\one-router-panelv\app\Config\Routes.php(50): Config\AutoRoutes->toRoute()
#7 C:\AppServ\www\one-router-panelv\vendor\codeigniter4\framework\system\CodeIgniter.php(803): require('C:\\AppServ\\www\\...')
#8 C:\AppServ\www\one-router-panelv\vendor\codeigniter4\framework\system\CodeIgniter.php(385): CodeIgniter\CodeIgniter->tryToRouteIt(Object(CodeIgniter\Router\RouteCollection))
#9 C:\AppServ\www\one-router-panelv\vendor\codeigniter4\framework\system\CodeIgniter.php(333): CodeIgniter\CodeIgniter->handleRequest(NULL, Object(Config\Cache), false)
#10 C:\AppServ\www\one-router-panelv\public\index.php(44): CodeIgniter\CodeIgniter->run()
#11 C:\AppServ\www\one-router-panelv\vendor\codeigniter4\framework\system\Commands\Server\rewrite.php(45): require_once('C:\\AppServ\\www\\...')
#12 {main}
CRITICAL - 2021-03-31 05:10:53 --> Class name must be a valid object or a string
#0 C:\AppServ\www\one-router-panelv\vendor\codeigniter4\framework\system\View\View.php(220): include()
#1 C:\AppServ\www\one-router-panelv\vendor\codeigniter4\framework\system\View\View.php(222): CodeIgniter\View\View->CodeIgniter\View\{closure}()
#2 C:\AppServ\www\one-router-panelv\vendor\codeigniter4\framework\system\Common.php(1217): CodeIgniter\View\View->render('main', Array, true)
#3 C:\AppServ\www\one-router-panelv\app\Config\AutoRoutes.php(125): view('main', Array)
#4 C:\AppServ\www\one-router-panelv\app\Config\AutoRoutes.php(74): Config\AutoRoutes->toRoutesPost()
#5 C:\AppServ\www\one-router-panelv\app\Config\Routes.php(50): Config\AutoRoutes->toRoute()
#6 C:\AppServ\www\one-router-panelv\vendor\codeigniter4\framework\system\CodeIgniter.php(803): require('C:\\AppServ\\www\\...')
#7 C:\AppServ\www\one-router-panelv\vendor\codeigniter4\framework\system\CodeIgniter.php(385): CodeIgniter\CodeIgniter->tryToRouteIt(Object(CodeIgniter\Router\RouteCollection))
#8 C:\AppServ\www\one-router-panelv\vendor\codeigniter4\framework\system\CodeIgniter.php(333): CodeIgniter\CodeIgniter->handleRequest(NULL, Object(Config\Cache), false)
#9 C:\AppServ\www\one-router-panelv\public\index.php(44): CodeIgniter\CodeIgniter->run()
#10 C:\AppServ\www\one-router-panelv\vendor\codeigniter4\framework\system\Commands\Server\rewrite.php(45): require_once('C:\\AppServ\\www\\...')
#11 {main}
CRITICAL - 2021-03-31 05:11:20 --> Class name must be a valid object or a string
#0 C:\AppServ\www\one-router-panelv\vendor\codeigniter4\framework\system\View\View.php(220): include()
#1 C:\AppServ\www\one-router-panelv\vendor\codeigniter4\framework\system\View\View.php(222): CodeIgniter\View\View->CodeIgniter\View\{closure}()
#2 C:\AppServ\www\one-router-panelv\vendor\codeigniter4\framework\system\Common.php(1217): CodeIgniter\View\View->render('main', Array, true)
#3 C:\AppServ\www\one-router-panelv\app\Config\AutoRoutes.php(125): view('main', Array)
#4 C:\AppServ\www\one-router-panelv\app\Config\AutoRoutes.php(74): Config\AutoRoutes->toRoutesPost()
#5 C:\AppServ\www\one-router-panelv\app\Config\Routes.php(50): Config\AutoRoutes->toRoute()
#6 C:\AppServ\www\one-router-panelv\vendor\codeigniter4\framework\system\CodeIgniter.php(803): require('C:\\AppServ\\www\\...')
#7 C:\AppServ\www\one-router-panelv\vendor\codeigniter4\framework\system\CodeIgniter.php(385): CodeIgniter\CodeIgniter->tryToRouteIt(Object(CodeIgniter\Router\RouteCollection))
#8 C:\AppServ\www\one-router-panelv\vendor\codeigniter4\framework\system\CodeIgniter.php(333): CodeIgniter\CodeIgniter->handleRequest(NULL, Object(Config\Cache), false)
#9 C:\AppServ\www\one-router-panelv\public\index.php(44): CodeIgniter\CodeIgniter->run()
#10 C:\AppServ\www\one-router-panelv\vendor\codeigniter4\framework\system\Commands\Server\rewrite.php(45): require_once('C:\\AppServ\\www\\...')
#11 {main}
CRITICAL - 2021-03-31 05:12:00 --> Class name must be a valid object or a string
#0 C:\AppServ\www\one-router-panelv\vendor\codeigniter4\framework\system\View\View.php(220): include()
#1 C:\AppServ\www\one-router-panelv\vendor\codeigniter4\framework\system\View\View.php(222): CodeIgniter\View\View->CodeIgniter\View\{closure}()
#2 C:\AppServ\www\one-router-panelv\vendor\codeigniter4\framework\system\Common.php(1217): CodeIgniter\View\View->render('main', Array, true)
#3 C:\AppServ\www\one-router-panelv\app\Config\AutoRoutes.php(125): view('main', Array)
#4 C:\AppServ\www\one-router-panelv\app\Config\AutoRoutes.php(74): Config\AutoRoutes->toRoutesPost()
#5 C:\AppServ\www\one-router-panelv\app\Config\Routes.php(50): Config\AutoRoutes->toRoute()
#6 C:\AppServ\www\one-router-panelv\vendor\codeigniter4\framework\system\CodeIgniter.php(803): require('C:\\AppServ\\www\\...')
#7 C:\AppServ\www\one-router-panelv\vendor\codeigniter4\framework\system\CodeIgniter.php(385): CodeIgniter\CodeIgniter->tryToRouteIt(Object(CodeIgniter\Router\RouteCollection))
#8 C:\AppServ\www\one-router-panelv\vendor\codeigniter4\framework\system\CodeIgniter.php(333): CodeIgniter\CodeIgniter->handleRequest(NULL, Object(Config\Cache), false)
#9 C:\AppServ\www\one-router-panelv\public\index.php(44): CodeIgniter\CodeIgniter->run()
#10 C:\AppServ\www\one-router-panelv\vendor\codeigniter4\framework\system\Commands\Server\rewrite.php(45): require_once('C:\\AppServ\\www\\...')
#11 {main}
CRITICAL - 2021-03-31 05:12:57 --> CodeIgniter\View\View::main(): Failed opening required '../Config/Pages' (include_path='.;C:\php\pear')
#0 [internal function]: CodeIgniter\Debug\Exceptions->shutdownHandler()
#1 {main}
CRITICAL - 2021-03-31 05:13:07 --> CodeIgniter\View\View::main(): Failed opening required '../Config/Pages.php' (include_path='.;C:\php\pear')
#0 [internal function]: CodeIgniter\Debug\Exceptions->shutdownHandler()
#1 {main}
CRITICAL - 2021-03-31 05:53:54 --> Use of undefined constant base_url - assumed 'base_url' (this will throw an Error in a future version of PHP)
#0 C:\AppServ\www\one-router-panelv\app\Config\Pages.php(25): CodeIgniter\Debug\Exceptions->errorHandler(2, 'Use of undefine...', 'C:\\AppServ\\www\\...', 25, Array)
#1 C:\AppServ\www\one-router-panelv\app\Views\incl\sidebar.php(56): Config\Pages::route('/', Array)
#2 C:\AppServ\www\one-router-panelv\app\Views\main.php(37): include('C:\\AppServ\\www\\...')
#3 C:\AppServ\www\one-router-panelv\vendor\codeigniter4\framework\system\View\View.php(220): include('C:\\AppServ\\www\\...')
#4 C:\AppServ\www\one-router-panelv\vendor\codeigniter4\framework\system\View\View.php(222): CodeIgniter\View\View->CodeIgniter\View\{closure}()
#5 C:\AppServ\www\one-router-panelv\vendor\codeigniter4\framework\system\Common.php(1217): CodeIgniter\View\View->render('main', Array, true)
#6 C:\AppServ\www\one-router-panelv\app\Config\AutoRoutes.php(125): view('main', Array)
#7 C:\AppServ\www\one-router-panelv\app\Config\AutoRoutes.php(74): Config\AutoRoutes->toRoutesPost()
#8 C:\AppServ\www\one-router-panelv\app\Config\Routes.php(54): Config\AutoRoutes->toRoute()
#9 C:\AppServ\www\one-router-panelv\vendor\codeigniter4\framework\system\CodeIgniter.php(803): require('C:\\AppServ\\www\\...')
#10 C:\AppServ\www\one-router-panelv\vendor\codeigniter4\framework\system\CodeIgniter.php(385): CodeIgniter\CodeIgniter->tryToRouteIt(Object(CodeIgniter\Router\RouteCollection))
#11 C:\AppServ\www\one-router-panelv\vendor\codeigniter4\framework\system\CodeIgniter.php(333): CodeIgniter\CodeIgniter->handleRequest(NULL, Object(Config\Cache), false)
#12 C:\AppServ\www\one-router-panelv\public\index.php(44): CodeIgniter\CodeIgniter->run()
#13 C:\AppServ\www\one-router-panelv\vendor\codeigniter4\framework\system\Commands\Server\rewrite.php(45): require_once('C:\\AppServ\\www\\...')
#14 {main}
CRITICAL - 2021-03-31 20:20:01 --> Call to undefined function route()
#0 C:\AppServ\www\one-router-panelv\app\Views\main.php(32): include()
#1 C:\AppServ\www\one-router-panelv\vendor\codeigniter4\framework\system\View\View.php(220): include('C:\\AppServ\\www\\...')
#2 C:\AppServ\www\one-router-panelv\vendor\codeigniter4\framework\system\View\View.php(222): CodeIgniter\View\View->CodeIgniter\View\{closure}()
#3 C:\AppServ\www\one-router-panelv\vendor\codeigniter4\framework\system\Common.php(1217): CodeIgniter\View\View->render('main', Array, true)
#4 C:\AppServ\www\one-router-panelv\app\Config\AutoRoutes.php(125): view('main', Array)
#5 C:\AppServ\www\one-router-panelv\app\Config\AutoRoutes.php(74): Config\AutoRoutes->toRoutesPost()
#6 C:\AppServ\www\one-router-panelv\app\Config\Routes.php(54): Config\AutoRoutes->toRoute()
#7 C:\AppServ\www\one-router-panelv\vendor\codeigniter4\framework\system\CodeIgniter.php(803): require('C:\\AppServ\\www\\...')
#8 C:\AppServ\www\one-router-panelv\vendor\codeigniter4\framework\system\CodeIgniter.php(385): CodeIgniter\CodeIgniter->tryToRouteIt(Object(CodeIgniter\Router\RouteCollection))
#9 C:\AppServ\www\one-router-panelv\vendor\codeigniter4\framework\system\CodeIgniter.php(333): CodeIgniter\CodeIgniter->handleRequest(NULL, Object(Config\Cache), false)
#10 C:\AppServ\www\one-router-panelv\public\index.php(44): CodeIgniter\CodeIgniter->run()
#11 C:\AppServ\www\one-router-panelv\vendor\codeigniter4\framework\system\Commands\Server\rewrite.php(45): require_once('C:\\AppServ\\www\\...')
#12 {main}
CRITICAL - 2021-03-31 20:20:31 --> Call to undefined function route()
#0 C:\AppServ\www\one-router-panelv\app\Views\main.php(32): include()
#1 C:\AppServ\www\one-router-panelv\vendor\codeigniter4\framework\system\View\View.php(220): include('C:\\AppServ\\www\\...')
#2 C:\AppServ\www\one-router-panelv\vendor\codeigniter4\framework\system\View\View.php(222): CodeIgniter\View\View->CodeIgniter\View\{closure}()
#3 C:\AppServ\www\one-router-panelv\vendor\codeigniter4\framework\system\Common.php(1217): CodeIgniter\View\View->render('main', Array, true)
#4 C:\AppServ\www\one-router-panelv\app\Config\AutoRoutes.php(125): view('main', Array)
#5 C:\AppServ\www\one-router-panelv\app\Config\AutoRoutes.php(74): Config\AutoRoutes->toRoutesPost()
#6 C:\AppServ\www\one-router-panelv\app\Config\Routes.php(54): Config\AutoRoutes->toRoute()
#7 C:\AppServ\www\one-router-panelv\vendor\codeigniter4\framework\system\CodeIgniter.php(803): require('C:\\AppServ\\www\\...')
#8 C:\AppServ\www\one-router-panelv\vendor\codeigniter4\framework\system\CodeIgniter.php(385): CodeIgniter\CodeIgniter->tryToRouteIt(Object(CodeIgniter\Router\RouteCollection))
#9 C:\AppServ\www\one-router-panelv\vendor\codeigniter4\framework\system\CodeIgniter.php(333): CodeIgniter\CodeIgniter->handleRequest(NULL, Object(Config\Cache), false)
#10 C:\AppServ\www\one-router-panelv\public\index.php(44): CodeIgniter\CodeIgniter->run()
#11 C:\AppServ\www\one-router-panelv\vendor\codeigniter4\framework\system\Commands\Server\rewrite.php(45): require_once('C:\\AppServ\\www\\...')
#12 {main}
CRITICAL - 2021-03-31 20:21:29 --> Call to undefined function route()
#0 C:\AppServ\www\one-router-panelv\app\Views\main.php(32): include()
#1 C:\AppServ\www\one-router-panelv\vendor\codeigniter4\framework\system\View\View.php(220): include('C:\\AppServ\\www\\...')
#2 C:\AppServ\www\one-router-panelv\vendor\codeigniter4\framework\system\View\View.php(222): CodeIgniter\View\View->CodeIgniter\View\{closure}()
#3 C:\AppServ\www\one-router-panelv\vendor\codeigniter4\framework\system\Common.php(1217): CodeIgniter\View\View->render('main', Array, true)
#4 C:\AppServ\www\one-router-panelv\app\Config\AutoRoutes.php(125): view('main', Array)
#5 C:\AppServ\www\one-router-panelv\app\Config\AutoRoutes.php(74): Config\AutoRoutes->toRoutesPost()
#6 C:\AppServ\www\one-router-panelv\app\Config\Routes.php(54): Config\AutoRoutes->toRoute()
#7 C:\AppServ\www\one-router-panelv\vendor\codeigniter4\framework\system\CodeIgniter.php(803): require('C:\\AppServ\\www\\...')
#8 C:\AppServ\www\one-router-panelv\vendor\codeigniter4\framework\system\CodeIgniter.php(385): CodeIgniter\CodeIgniter->tryToRouteIt(Object(CodeIgniter\Router\RouteCollection))
#9 C:\AppServ\www\one-router-panelv\vendor\codeigniter4\framework\system\CodeIgniter.php(333): CodeIgniter\CodeIgniter->handleRequest(NULL, Object(Config\Cache), false)
#10 C:\AppServ\www\one-router-panelv\public\index.php(44): CodeIgniter\CodeIgniter->run()
#11 C:\AppServ\www\one-router-panelv\vendor\codeigniter4\framework\system\Commands\Server\rewrite.php(45): require_once('C:\\AppServ\\www\\...')
#12 {main}
CRITICAL - 2021-03-31 20:29:57 --> Too few arguments to function Config\Pages::route(), 1 passed in C:\AppServ\www\one-router-panelv\app\Views\incl\sidebar.php on line 56 and exactly 2 expected
#0 C:\AppServ\www\one-router-panelv\app\Views\incl\sidebar.php(56): Config\Pages::route('a')
#1 C:\AppServ\www\one-router-panelv\app\Views\main.php(38): include('C:\\AppServ\\www\\...')
#2 C:\AppServ\www\one-router-panelv\vendor\codeigniter4\framework\system\View\View.php(220): include('C:\\AppServ\\www\\...')
#3 C:\AppServ\www\one-router-panelv\vendor\codeigniter4\framework\system\View\View.php(222): CodeIgniter\View\View->CodeIgniter\View\{closure}()
#4 C:\AppServ\www\one-router-panelv\vendor\codeigniter4\framework\system\Common.php(1217): CodeIgniter\View\View->render('main', Array, true)
#5 C:\AppServ\www\one-router-panelv\app\Config\AutoRoutes.php(125): view('main', Array)
#6 C:\AppServ\www\one-router-panelv\app\Config\AutoRoutes.php(74): Config\AutoRoutes->toRoutesPost()
#7 C:\AppServ\www\one-router-panelv\app\Config\Routes.php(54): Config\AutoRoutes->toRoute()
#8 C:\AppServ\www\one-router-panelv\vendor\codeigniter4\framework\system\CodeIgniter.php(803): require('C:\\AppServ\\www\\...')
#9 C:\AppServ\www\one-router-panelv\vendor\codeigniter4\framework\system\CodeIgniter.php(385): CodeIgniter\CodeIgniter->tryToRouteIt(Object(CodeIgniter\Router\RouteCollection))
#10 C:\AppServ\www\one-router-panelv\vendor\codeigniter4\framework\system\CodeIgniter.php(333): CodeIgniter\CodeIgniter->handleRequest(NULL, Object(Config\Cache), false)
#11 C:\AppServ\www\one-router-panelv\public\index.php(44): CodeIgniter\CodeIgniter->run()
#12 C:\AppServ\www\one-router-panelv\vendor\codeigniter4\framework\system\Commands\Server\rewrite.php(45): require_once('C:\\AppServ\\www\\...')
#13 {main}
CRITICAL - 2021-03-31 20:30:25 --> Too few arguments to function Config\Pages::route(), 1 passed in C:\AppServ\www\one-router-panelv\app\Views\incl\sidebar.php on line 56 and exactly 2 expected
#0 C:\AppServ\www\one-router-panelv\app\Views\incl\sidebar.php(56): Config\Pages::route('a')
#1 C:\AppServ\www\one-router-panelv\app\Views\main.php(38): include('C:\\AppServ\\www\\...')
#2 C:\AppServ\www\one-router-panelv\vendor\codeigniter4\framework\system\View\View.php(220): include('C:\\AppServ\\www\\...')
#3 C:\AppServ\www\one-router-panelv\vendor\codeigniter4\framework\system\View\View.php(222): CodeIgniter\View\View->CodeIgniter\View\{closure}()
#4 C:\AppServ\www\one-router-panelv\vendor\codeigniter4\framework\system\Common.php(1217): CodeIgniter\View\View->render('main', Array, true)
#5 C:\AppServ\www\one-router-panelv\app\Config\AutoRoutes.php(125): view('main', Array)
#6 C:\AppServ\www\one-router-panelv\app\Config\AutoRoutes.php(74): Config\AutoRoutes->toRoutesPost()
#7 C:\AppServ\www\one-router-panelv\app\Config\Routes.php(54): Config\AutoRoutes->toRoute()
#8 C:\AppServ\www\one-router-panelv\vendor\codeigniter4\framework\system\CodeIgniter.php(803): require('C:\\AppServ\\www\\...')
#9 C:\AppServ\www\one-router-panelv\vendor\codeigniter4\framework\system\CodeIgniter.php(385): CodeIgniter\CodeIgniter->tryToRouteIt(Object(CodeIgniter\Router\RouteCollection))
#10 C:\AppServ\www\one-router-panelv\vendor\codeigniter4\framework\system\CodeIgniter.php(333): CodeIgniter\CodeIgniter->handleRequest(NULL, Object(Config\Cache), false)
#11 C:\AppServ\www\one-router-panelv\public\index.php(44): CodeIgniter\CodeIgniter->run()
#12 C:\AppServ\www\one-router-panelv\vendor\codeigniter4\framework\system\Commands\Server\rewrite.php(45): require_once('C:\\AppServ\\www\\...')
#13 {main}
CRITICAL - 2021-03-31 20:38:33 --> Argument 3 passed to GuzzleHttp\Client::request() must be of the type array, null given, called in C:\AppServ\www\one-router-panelv\app\Config\Pages.php on line 23
#0 C:\AppServ\www\one-router-panelv\app\Config\Pages.php(23): GuzzleHttp\Client->request('POST', '/', NULL)
#1 C:\AppServ\www\one-router-panelv\app\Views\incl\sidebar.php(56): Config\Pages::route('/', NULL)
#2 C:\AppServ\www\one-router-panelv\app\Views\main.php(38): include('C:\\AppServ\\www\\...')
#3 C:\AppServ\www\one-router-panelv\vendor\codeigniter4\framework\system\View\View.php(220): include('C:\\AppServ\\www\\...')
#4 C:\AppServ\www\one-router-panelv\vendor\codeigniter4\framework\system\View\View.php(222): CodeIgniter\View\View->CodeIgniter\View\{closure}()
#5 C:\AppServ\www\one-router-panelv\vendor\codeigniter4\framework\system\Common.php(1217): CodeIgniter\View\View->render('main', Array, true)
#6 C:\AppServ\www\one-router-panelv\app\Config\AutoRoutes.php(125): view('main', Array)
#7 C:\AppServ\www\one-router-panelv\app\Config\AutoRoutes.php(74): Config\AutoRoutes->toRoutesPost()
#8 C:\AppServ\www\one-router-panelv\app\Config\Routes.php(54): Config\AutoRoutes->toRoute()
#9 C:\AppServ\www\one-router-panelv\vendor\codeigniter4\framework\system\CodeIgniter.php(803): require('C:\\AppServ\\www\\...')
#10 C:\AppServ\www\one-router-panelv\vendor\codeigniter4\framework\system\CodeIgniter.php(385): CodeIgniter\CodeIgniter->tryToRouteIt(Object(CodeIgniter\Router\RouteCollection))
#11 C:\AppServ\www\one-router-panelv\vendor\codeigniter4\framework\system\CodeIgniter.php(333): CodeIgniter\CodeIgniter->handleRequest(NULL, Object(Config\Cache), false)
#12 C:\AppServ\www\one-router-panelv\public\index.php(44): CodeIgniter\CodeIgniter->run()
#13 C:\AppServ\www\one-router-panelv\vendor\codeigniter4\framework\system\Commands\Server\rewrite.php(45): require_once('C:\\AppServ\\www\\...')
#14 {main}
CRITICAL - 2021-03-31 20:41:03 --> Argument 3 passed to GuzzleHttp\Client::request() must be of the type array, null given, called in C:\AppServ\www\one-router-panelv\app\Config\Pages.php on line 23
#0 C:\AppServ\www\one-router-panelv\app\Config\Pages.php(23): GuzzleHttp\Client->request('POST', 'http://localhos...', NULL)
#1 C:\AppServ\www\one-router-panelv\app\Views\incl\sidebar.php(56): Config\Pages::route('/', NULL)
#2 C:\AppServ\www\one-router-panelv\app\Views\main.php(38): include('C:\\AppServ\\www\\...')
#3 C:\AppServ\www\one-router-panelv\vendor\codeigniter4\framework\system\View\View.php(220): include('C:\\AppServ\\www\\...')
#4 C:\AppServ\www\one-router-panelv\vendor\codeigniter4\framework\system\View\View.php(222): CodeIgniter\View\View->CodeIgniter\View\{closure}()
#5 C:\AppServ\www\one-router-panelv\vendor\codeigniter4\framework\system\Common.php(1217): CodeIgniter\View\View->render('main', Array, true)
#6 C:\AppServ\www\one-router-panelv\app\Config\AutoRoutes.php(125): view('main', Array)
#7 C:\AppServ\www\one-router-panelv\app\Config\AutoRoutes.php(74): Config\AutoRoutes->toRoutesPost()
#8 C:\AppServ\www\one-router-panelv\app\Config\Routes.php(54): Config\AutoRoutes->toRoute()
#9 C:\AppServ\www\one-router-panelv\vendor\codeigniter4\framework\system\CodeIgniter.php(803): require('C:\\AppServ\\www\\...')
#10 C:\AppServ\www\one-router-panelv\vendor\codeigniter4\framework\system\CodeIgniter.php(385): CodeIgniter\CodeIgniter->tryToRouteIt(Object(CodeIgniter\Router\RouteCollection))
#11 C:\AppServ\www\one-router-panelv\vendor\codeigniter4\framework\system\CodeIgniter.php(333): CodeIgniter\CodeIgniter->handleRequest(NULL, Object(Config\Cache), false)
#12 C:\AppServ\www\one-router-panelv\public\index.php(44): CodeIgniter\CodeIgniter->run()
#13 C:\AppServ\www\one-router-panelv\vendor\codeigniter4\framework\system\Commands\Server\rewrite.php(45): require_once('C:\\AppServ\\www\\...')
#14 {main}
CRITICAL - 2021-03-31 21:21:01 --> 3 : 
#0 C:\AppServ\www\one-router-panelv\vendor\codeigniter4\framework\system\HTTP\CURLRequest.php(805): CodeIgniter\HTTP\Exceptions\HTTPException::forCurlError('3', '')
#1 C:\AppServ\www\one-router-panelv\vendor\codeigniter4\framework\system\HTTP\CURLRequest.php(418): CodeIgniter\HTTP\CURLRequest->sendRequest(Array)
#2 C:\AppServ\www\one-router-panelv\vendor\codeigniter4\framework\system\HTTP\CURLRequest.php(127): CodeIgniter\HTTP\CURLRequest->send('GET', 'http://')
#3 C:\AppServ\www\one-router-panelv\app\Config\Pages.php(18): CodeIgniter\HTTP\CURLRequest->request('GET', 'http://', Array)
#4 C:\AppServ\www\one-router-panelv\app\Views\incl\sidebar.php(56): Config\Pages::route('', Array)
#5 C:\AppServ\www\one-router-panelv\app\Views\main.php(38): include('C:\\AppServ\\www\\...')
#6 C:\AppServ\www\one-router-panelv\vendor\codeigniter4\framework\system\View\View.php(220): include('C:\\AppServ\\www\\...')
#7 C:\AppServ\www\one-router-panelv\vendor\codeigniter4\framework\system\View\View.php(222): CodeIgniter\View\View->CodeIgniter\View\{closure}()
#8 C:\AppServ\www\one-router-panelv\vendor\codeigniter4\framework\system\Common.php(1217): CodeIgniter\View\View->render('main', Array, true)
#9 C:\AppServ\www\one-router-panelv\app\Config\AutoRoutes.php(125): view('main', Array)
#10 C:\AppServ\www\one-router-panelv\app\Config\AutoRoutes.php(74): Config\AutoRoutes->toRoutesPost()
#11 C:\AppServ\www\one-router-panelv\app\Config\Routes.php(54): Config\AutoRoutes->toRoute()
#12 C:\AppServ\www\one-router-panelv\vendor\codeigniter4\framework\system\CodeIgniter.php(803): require('C:\\AppServ\\www\\...')
#13 C:\AppServ\www\one-router-panelv\vendor\codeigniter4\framework\system\CodeIgniter.php(385): CodeIgniter\CodeIgniter->tryToRouteIt(Object(CodeIgniter\Router\RouteCollection))
#14 C:\AppServ\www\one-router-panelv\vendor\codeigniter4\framework\system\CodeIgniter.php(333): CodeIgniter\CodeIgniter->handleRequest(NULL, Object(Config\Cache), false)
#15 C:\AppServ\www\one-router-panelv\public\index.php(44): CodeIgniter\CodeIgniter->run()
#16 C:\AppServ\www\one-router-panelv\vendor\codeigniter4\framework\system\Commands\Server\rewrite.php(45): require_once('C:\\AppServ\\www\\...')
#17 {main}
CRITICAL - 2021-03-31 21:21:27 --> 3 : 
#0 C:\AppServ\www\one-router-panelv\vendor\codeigniter4\framework\system\HTTP\CURLRequest.php(805): CodeIgniter\HTTP\Exceptions\HTTPException::forCurlError('3', '')
#1 C:\AppServ\www\one-router-panelv\vendor\codeigniter4\framework\system\HTTP\CURLRequest.php(418): CodeIgniter\HTTP\CURLRequest->sendRequest(Array)
#2 C:\AppServ\www\one-router-panelv\vendor\codeigniter4\framework\system\HTTP\CURLRequest.php(127): CodeIgniter\HTTP\CURLRequest->send('POST', 'http://')
#3 C:\AppServ\www\one-router-panelv\app\Config\Pages.php(18): CodeIgniter\HTTP\CURLRequest->request('POST', 'http://', Array)
#4 C:\AppServ\www\one-router-panelv\app\Views\incl\sidebar.php(56): Config\Pages::route('/', Array)
#5 C:\AppServ\www\one-router-panelv\app\Views\main.php(38): include('C:\\AppServ\\www\\...')
#6 C:\AppServ\www\one-router-panelv\vendor\codeigniter4\framework\system\View\View.php(220): include('C:\\AppServ\\www\\...')
#7 C:\AppServ\www\one-router-panelv\vendor\codeigniter4\framework\system\View\View.php(222): CodeIgniter\View\View->CodeIgniter\View\{closure}()
#8 C:\AppServ\www\one-router-panelv\vendor\codeigniter4\framework\system\Common.php(1217): CodeIgniter\View\View->render('main', Array, true)
#9 C:\AppServ\www\one-router-panelv\app\Config\AutoRoutes.php(125): view('main', Array)
#10 C:\AppServ\www\one-router-panelv\app\Config\AutoRoutes.php(74): Config\AutoRoutes->toRoutesPost()
#11 C:\AppServ\www\one-router-panelv\app\Config\Routes.php(54): Config\AutoRoutes->toRoute()
#12 C:\AppServ\www\one-router-panelv\vendor\codeigniter4\framework\system\CodeIgniter.php(803): require('C:\\AppServ\\www\\...')
#13 C:\AppServ\www\one-router-panelv\vendor\codeigniter4\framework\system\CodeIgniter.php(385): CodeIgniter\CodeIgniter->tryToRouteIt(Object(CodeIgniter\Router\RouteCollection))
#14 C:\AppServ\www\one-router-panelv\vendor\codeigniter4\framework\system\CodeIgniter.php(333): CodeIgniter\CodeIgniter->handleRequest(NULL, Object(Config\Cache), false)
#15 C:\AppServ\www\one-router-panelv\public\index.php(44): CodeIgniter\CodeIgniter->run()
#16 C:\AppServ\www\one-router-panelv\vendor\codeigniter4\framework\system\Commands\Server\rewrite.php(45): require_once('C:\\AppServ\\www\\...')
#17 {main}
CRITICAL - 2021-03-31 21:27:58 --> preg_match(): Unknown modifier '3'
#0 [internal function]: CodeIgniter\Debug\Exceptions->errorHandler(2, 'preg_match(): U...', 'C:\\AppServ\\www\\...', 409, Array)
#1 C:\AppServ\www\one-router-panelv\vendor\codeigniter4\framework\system\Router\Router.php(409): preg_match('#^%3Cscript%20t...', '<script type='t...', NULL)
#2 C:\AppServ\www\one-router-panelv\vendor\codeigniter4\framework\system\Router\Router.php(152): CodeIgniter\Router\Router->checkRoutes('<script type='t...')
#3 C:\AppServ\www\one-router-panelv\vendor\codeigniter4\framework\system\CodeIgniter.php(816): CodeIgniter\Router\Router->handle('<script type='t...')
#4 C:\AppServ\www\one-router-panelv\vendor\codeigniter4\framework\system\CodeIgniter.php(385): CodeIgniter\CodeIgniter->tryToRouteIt(Object(CodeIgniter\Router\RouteCollection))
#5 C:\AppServ\www\one-router-panelv\vendor\codeigniter4\framework\system\CodeIgniter.php(333): CodeIgniter\CodeIgniter->handleRequest(NULL, Object(Config\Cache), false)
#6 C:\AppServ\www\one-router-panelv\public\index.php(44): CodeIgniter\CodeIgniter->run()
#7 C:\AppServ\www\one-router-panelv\vendor\codeigniter4\framework\system\Commands\Server\rewrite.php(45): require_once('C:\\AppServ\\www\\...')
#8 {main}
CRITICAL - 2021-03-31 21:31:16 --> preg_match(): Unknown modifier '3'
#0 [internal function]: CodeIgniter\Debug\Exceptions->errorHandler(2, 'preg_match(): U...', 'C:\\AppServ\\www\\...', 409, Array)
#1 C:\AppServ\www\one-router-panelv\vendor\codeigniter4\framework\system\Router\Router.php(409): preg_match('#^%3Cscript%20t...', '<script type='t...', NULL)
#2 C:\AppServ\www\one-router-panelv\vendor\codeigniter4\framework\system\Router\Router.php(152): CodeIgniter\Router\Router->checkRoutes('<script type='t...')
#3 C:\AppServ\www\one-router-panelv\vendor\codeigniter4\framework\system\CodeIgniter.php(816): CodeIgniter\Router\Router->handle('<script type='t...')
#4 C:\AppServ\www\one-router-panelv\vendor\codeigniter4\framework\system\CodeIgniter.php(385): CodeIgniter\CodeIgniter->tryToRouteIt(Object(CodeIgniter\Router\RouteCollection))
#5 C:\AppServ\www\one-router-panelv\vendor\codeigniter4\framework\system\CodeIgniter.php(333): CodeIgniter\CodeIgniter->handleRequest(NULL, Object(Config\Cache), false)
#6 C:\AppServ\www\one-router-panelv\public\index.php(44): CodeIgniter\CodeIgniter->run()
#7 C:\AppServ\www\one-router-panelv\vendor\codeigniter4\framework\system\Commands\Server\rewrite.php(45): require_once('C:\\AppServ\\www\\...')
#8 {main}
CRITICAL - 2021-03-31 21:31:57 --> preg_match(): Unknown modifier '3'
#0 [internal function]: CodeIgniter\Debug\Exceptions->errorHandler(2, 'preg_match(): U...', 'C:\\AppServ\\www\\...', 409, Array)
#1 C:\AppServ\www\one-router-panelv\vendor\codeigniter4\framework\system\Router\Router.php(409): preg_match('#^%3Cscript%20t...', '<script type='t...', NULL)
#2 C:\AppServ\www\one-router-panelv\vendor\codeigniter4\framework\system\Router\Router.php(152): CodeIgniter\Router\Router->checkRoutes('<script type='t...')
#3 C:\AppServ\www\one-router-panelv\vendor\codeigniter4\framework\system\CodeIgniter.php(816): CodeIgniter\Router\Router->handle('<script type='t...')
#4 C:\AppServ\www\one-router-panelv\vendor\codeigniter4\framework\system\CodeIgniter.php(385): CodeIgniter\CodeIgniter->tryToRouteIt(Object(CodeIgniter\Router\RouteCollection))
#5 C:\AppServ\www\one-router-panelv\vendor\codeigniter4\framework\system\CodeIgniter.php(333): CodeIgniter\CodeIgniter->handleRequest(NULL, Object(Config\Cache), false)
#6 C:\AppServ\www\one-router-panelv\public\index.php(44): CodeIgniter\CodeIgniter->run()
#7 C:\AppServ\www\one-router-panelv\vendor\codeigniter4\framework\system\Commands\Server\rewrite.php(45): require_once('C:\\AppServ\\www\\...')
#8 {main}
CRITICAL - 2021-03-31 21:32:30 --> preg_match(): Unknown modifier '3'
#0 [internal function]: CodeIgniter\Debug\Exceptions->errorHandler(2, 'preg_match(): U...', 'C:\\AppServ\\www\\...', 409, Array)
#1 C:\AppServ\www\one-router-panelv\vendor\codeigniter4\framework\system\Router\Router.php(409): preg_match('#^%3Cscript%20t...', '<script type='t...', NULL)
#2 C:\AppServ\www\one-router-panelv\vendor\codeigniter4\framework\system\Router\Router.php(152): CodeIgniter\Router\Router->checkRoutes('<script type='t...')
#3 C:\AppServ\www\one-router-panelv\vendor\codeigniter4\framework\system\CodeIgniter.php(816): CodeIgniter\Router\Router->handle('<script type='t...')
#4 C:\AppServ\www\one-router-panelv\vendor\codeigniter4\framework\system\CodeIgniter.php(385): CodeIgniter\CodeIgniter->tryToRouteIt(Object(CodeIgniter\Router\RouteCollection))
#5 C:\AppServ\www\one-router-panelv\vendor\codeigniter4\framework\system\CodeIgniter.php(333): CodeIgniter\CodeIgniter->handleRequest(NULL, Object(Config\Cache), false)
#6 C:\AppServ\www\one-router-panelv\public\index.php(44): CodeIgniter\CodeIgniter->run()
#7 C:\AppServ\www\one-router-panelv\vendor\codeigniter4\framework\system\Commands\Server\rewrite.php(45): require_once('C:\\AppServ\\www\\...')
#8 {main}
CRITICAL - 2021-03-31 21:33:23 --> preg_match(): Unknown modifier '3'
#0 [internal function]: CodeIgniter\Debug\Exceptions->errorHandler(2, 'preg_match(): U...', 'C:\\AppServ\\www\\...', 409, Array)
#1 C:\AppServ\www\one-router-panelv\vendor\codeigniter4\framework\system\Router\Router.php(409): preg_match('#^%3Cscript%20t...', '<script type='t...', NULL)
#2 C:\AppServ\www\one-router-panelv\vendor\codeigniter4\framework\system\Router\Router.php(152): CodeIgniter\Router\Router->checkRoutes('<script type='t...')
#3 C:\AppServ\www\one-router-panelv\vendor\codeigniter4\framework\system\CodeIgniter.php(816): CodeIgniter\Router\Router->handle('<script type='t...')
#4 C:\AppServ\www\one-router-panelv\vendor\codeigniter4\framework\system\CodeIgniter.php(385): CodeIgniter\CodeIgniter->tryToRouteIt(Object(CodeIgniter\Router\RouteCollection))
#5 C:\AppServ\www\one-router-panelv\vendor\codeigniter4\framework\system\CodeIgniter.php(333): CodeIgniter\CodeIgniter->handleRequest(NULL, Object(Config\Cache), false)
#6 C:\AppServ\www\one-router-panelv\public\index.php(44): CodeIgniter\CodeIgniter->run()
#7 C:\AppServ\www\one-router-panelv\vendor\codeigniter4\framework\system\Commands\Server\rewrite.php(45): require_once('C:\\AppServ\\www\\...')
#8 {main}
CRITICAL - 2021-03-31 21:38:11 --> preg_match(): Unknown modifier '3'
#0 [internal function]: CodeIgniter\Debug\Exceptions->errorHandler(2, 'preg_match(): U...', 'C:\\AppServ\\www\\...', 409, Array)
#1 C:\AppServ\www\one-router-panelv\vendor\codeigniter4\framework\system\Router\Router.php(409): preg_match('#^%3Cscript%20t...', '<script type='t...', NULL)
#2 C:\AppServ\www\one-router-panelv\vendor\codeigniter4\framework\system\Router\Router.php(152): CodeIgniter\Router\Router->checkRoutes('<script type='t...')
#3 C:\AppServ\www\one-router-panelv\vendor\codeigniter4\framework\system\CodeIgniter.php(816): CodeIgniter\Router\Router->handle('<script type='t...')
#4 C:\AppServ\www\one-router-panelv\vendor\codeigniter4\framework\system\CodeIgniter.php(385): CodeIgniter\CodeIgniter->tryToRouteIt(Object(CodeIgniter\Router\RouteCollection))
#5 C:\AppServ\www\one-router-panelv\vendor\codeigniter4\framework\system\CodeIgniter.php(333): CodeIgniter\CodeIgniter->handleRequest(NULL, Object(Config\Cache), false)
#6 C:\AppServ\www\one-router-panelv\public\index.php(44): CodeIgniter\CodeIgniter->run()
#7 C:\AppServ\www\one-router-panelv\vendor\codeigniter4\framework\system\Commands\Server\rewrite.php(45): require_once('C:\\AppServ\\www\\...')
#8 {main}
CRITICAL - 2021-03-31 22:49:30 --> strpos() expects parameter 1 to be string, array given
#0 [internal function]: CodeIgniter\Debug\Exceptions->errorHandler(2, 'strpos() expect...', 'C:\\AppServ\\www\\...', 78, Array)
#1 C:\AppServ\www\one-router-panelv\app\Config\AutoRoutes.php(78): strpos(Array, '/')
#2 C:\AppServ\www\one-router-panelv\app\Config\Routes.php(57): Config\AutoRoutes->toRoute()
#3 C:\AppServ\www\one-router-panelv\vendor\codeigniter4\framework\system\CodeIgniter.php(803): require('C:\\AppServ\\www\\...')
#4 C:\AppServ\www\one-router-panelv\vendor\codeigniter4\framework\system\CodeIgniter.php(385): CodeIgniter\CodeIgniter->tryToRouteIt(Object(CodeIgniter\Router\RouteCollection))
#5 C:\AppServ\www\one-router-panelv\vendor\codeigniter4\framework\system\CodeIgniter.php(333): CodeIgniter\CodeIgniter->handleRequest(NULL, Object(Config\Cache), false)
#6 C:\AppServ\www\one-router-panelv\public\index.php(44): CodeIgniter\CodeIgniter->run()
#7 C:\AppServ\www\one-router-panelv\vendor\codeigniter4\framework\system\Commands\Server\rewrite.php(45): require_once('C:\\AppServ\\www\\...')
#8 {main}
CRITICAL - 2021-03-31 22:50:10 --> strpos() expects parameter 1 to be string, array given
#0 [internal function]: CodeIgniter\Debug\Exceptions->errorHandler(2, 'strpos() expect...', 'C:\\AppServ\\www\\...', 78, Array)
#1 C:\AppServ\www\one-router-panelv\app\Config\AutoRoutes.php(78): strpos(Array, '/')
#2 C:\AppServ\www\one-router-panelv\app\Config\Routes.php(57): Config\AutoRoutes->toRoute()
#3 C:\AppServ\www\one-router-panelv\vendor\codeigniter4\framework\system\CodeIgniter.php(803): require('C:\\AppServ\\www\\...')
#4 C:\AppServ\www\one-router-panelv\vendor\codeigniter4\framework\system\CodeIgniter.php(385): CodeIgniter\CodeIgniter->tryToRouteIt(Object(CodeIgniter\Router\RouteCollection))
#5 C:\AppServ\www\one-router-panelv\vendor\codeigniter4\framework\system\CodeIgniter.php(333): CodeIgniter\CodeIgniter->handleRequest(NULL, Object(Config\Cache), false)
#6 C:\AppServ\www\one-router-panelv\public\index.php(44): CodeIgniter\CodeIgniter->run()
#7 C:\AppServ\www\one-router-panelv\vendor\codeigniter4\framework\system\Commands\Server\rewrite.php(45): require_once('C:\\AppServ\\www\\...')
#8 {main}
CRITICAL - 2021-03-31 22:51:02 --> strpos() expects parameter 1 to be string, array given
#0 [internal function]: CodeIgniter\Debug\Exceptions->errorHandler(2, 'strpos() expect...', 'C:\\AppServ\\www\\...', 78, Array)
#1 C:\AppServ\www\one-router-panelv\app\Config\AutoRoutes.php(78): strpos(Array, '/')
#2 C:\AppServ\www\one-router-panelv\app\Config\Routes.php(57): Config\AutoRoutes->toRoute()
#3 C:\AppServ\www\one-router-panelv\vendor\codeigniter4\framework\system\CodeIgniter.php(803): require('C:\\AppServ\\www\\...')
#4 C:\AppServ\www\one-router-panelv\vendor\codeigniter4\framework\system\CodeIgniter.php(385): CodeIgniter\CodeIgniter->tryToRouteIt(Object(CodeIgniter\Router\RouteCollection))
#5 C:\AppServ\www\one-router-panelv\vendor\codeigniter4\framework\system\CodeIgniter.php(333): CodeIgniter\CodeIgniter->handleRequest(NULL, Object(Config\Cache), false)
#6 C:\AppServ\www\one-router-panelv\public\index.php(44): CodeIgniter\CodeIgniter->run()
#7 C:\AppServ\www\one-router-panelv\vendor\codeigniter4\framework\system\Commands\Server\rewrite.php(45): require_once('C:\\AppServ\\www\\...')
#8 {main}
CRITICAL - 2021-03-31 22:52:47 --> strpos() expects parameter 1 to be string, array given
#0 [internal function]: CodeIgniter\Debug\Exceptions->errorHandler(2, 'strpos() expect...', 'C:\\AppServ\\www\\...', 78, Array)
#1 C:\AppServ\www\one-router-panelv\app\Config\AutoRoutes.php(78): strpos(Array, '/')
#2 C:\AppServ\www\one-router-panelv\app\Config\Routes.php(57): Config\AutoRoutes->toRoute()
#3 C:\AppServ\www\one-router-panelv\vendor\codeigniter4\framework\system\CodeIgniter.php(803): require('C:\\AppServ\\www\\...')
#4 C:\AppServ\www\one-router-panelv\vendor\codeigniter4\framework\system\CodeIgniter.php(385): CodeIgniter\CodeIgniter->tryToRouteIt(Object(CodeIgniter\Router\RouteCollection))
#5 C:\AppServ\www\one-router-panelv\vendor\codeigniter4\framework\system\CodeIgniter.php(333): CodeIgniter\CodeIgniter->handleRequest(NULL, Object(Config\Cache), false)
#6 C:\AppServ\www\one-router-panelv\public\index.php(44): CodeIgniter\CodeIgniter->run()
#7 C:\AppServ\www\one-router-panelv\vendor\codeigniter4\framework\system\Commands\Server\rewrite.php(45): require_once('C:\\AppServ\\www\\...')
#8 {main}
CRITICAL - 2021-03-31 22:59:51 --> Call to undefined function Config\isArray()
#0 C:\AppServ\www\one-router-panelv\app\Config\Routes.php(57): Config\AutoRoutes->toRoute()
#1 C:\AppServ\www\one-router-panelv\vendor\codeigniter4\framework\system\CodeIgniter.php(803): require('C:\\AppServ\\www\\...')
#2 C:\AppServ\www\one-router-panelv\vendor\codeigniter4\framework\system\CodeIgniter.php(385): CodeIgniter\CodeIgniter->tryToRouteIt(Object(CodeIgniter\Router\RouteCollection))
#3 C:\AppServ\www\one-router-panelv\vendor\codeigniter4\framework\system\CodeIgniter.php(333): CodeIgniter\CodeIgniter->handleRequest(NULL, Object(Config\Cache), false)
#4 C:\AppServ\www\one-router-panelv\public\index.php(44): CodeIgniter\CodeIgniter->run()
#5 C:\AppServ\www\one-router-panelv\vendor\codeigniter4\framework\system\Commands\Server\rewrite.php(45): require_once('C:\\AppServ\\www\\...')
#6 {main}
CRITICAL - 2021-03-31 23:09:01 --> include(pages\.php): failed to open stream: No such file or directory
#0 C:\AppServ\www\one-router-panelv\app\Views\main.php(53): CodeIgniter\Debug\Exceptions->errorHandler(2, 'include(pages\\....', 'C:\\AppServ\\www\\...', 53, Array)
#1 C:\AppServ\www\one-router-panelv\app\Views\main.php(53): include()
#2 C:\AppServ\www\one-router-panelv\vendor\codeigniter4\framework\system\View\View.php(220): include('C:\\AppServ\\www\\...')
#3 C:\AppServ\www\one-router-panelv\vendor\codeigniter4\framework\system\View\View.php(222): CodeIgniter\View\View->CodeIgniter\View\{closure}()
#4 C:\AppServ\www\one-router-panelv\vendor\codeigniter4\framework\system\Common.php(1217): CodeIgniter\View\View->render('main', Array, true)
#5 C:\AppServ\www\one-router-panelv\app\Config\AutoRoutes.php(136): view('main', Array)
#6 C:\AppServ\www\one-router-panelv\app\Config\AutoRoutes.php(91): Config\AutoRoutes->toRoutesPost()
#7 C:\AppServ\www\one-router-panelv\app\Config\Routes.php(57): Config\AutoRoutes->toRoute()
#8 C:\AppServ\www\one-router-panelv\vendor\codeigniter4\framework\system\CodeIgniter.php(803): require('C:\\AppServ\\www\\...')
#9 C:\AppServ\www\one-router-panelv\vendor\codeigniter4\framework\system\CodeIgniter.php(385): CodeIgniter\CodeIgniter->tryToRouteIt(Object(CodeIgniter\Router\RouteCollection))
#10 C:\AppServ\www\one-router-panelv\vendor\codeigniter4\framework\system\CodeIgniter.php(333): CodeIgniter\CodeIgniter->handleRequest(NULL, Object(Config\Cache), false)
#11 C:\AppServ\www\one-router-panelv\public\index.php(44): CodeIgniter\CodeIgniter->run()
#12 C:\AppServ\www\one-router-panelv\vendor\codeigniter4\framework\system\Commands\Server\rewrite.php(45): require_once('C:\\AppServ\\www\\...')
#13 {main}
