CRITICAL - 2021-04-01 00:44:18 --> session_destroy(): Trying to destroy uninitialized session
#0 [internal function]: CodeIgniter\Debug\Exceptions->errorHandler(2, 'session_destroy...', 'C:\\AppServ\\www\\...', 39, Array)
#1 C:\AppServ\www\one-router-panelv\app\Config\AutoRoutes.php(39): session_destroy()
#2 C:\AppServ\www\one-router-panelv\app\Config\Routes.php(57): Config\AutoRoutes->toRoute()
#3 C:\AppServ\www\one-router-panelv\vendor\codeigniter4\framework\system\CodeIgniter.php(803): require('C:\\AppServ\\www\\...')
#4 C:\AppServ\www\one-router-panelv\vendor\codeigniter4\framework\system\CodeIgniter.php(385): CodeIgniter\CodeIgniter->tryToRouteIt(Object(CodeIgniter\Router\RouteCollection))
#5 C:\AppServ\www\one-router-panelv\vendor\codeigniter4\framework\system\CodeIgniter.php(333): CodeIgniter\CodeIgniter->handleRequest(NULL, Object(Config\Cache), false)
#6 C:\AppServ\www\one-router-panelv\public\index.php(44): CodeIgniter\CodeIgniter->run()
#7 C:\AppServ\www\one-router-panelv\vendor\codeigniter4\framework\system\Commands\Server\rewrite.php(45): require_once('C:\\AppServ\\www\\...')
#8 {main}
CRITICAL - 2021-04-01 00:44:23 --> session_destroy(): Trying to destroy uninitialized session
#0 [internal function]: CodeIgniter\Debug\Exceptions->errorHandler(2, 'session_destroy...', 'C:\\AppServ\\www\\...', 39, Array)
#1 C:\AppServ\www\one-router-panelv\app\Config\AutoRoutes.php(39): session_destroy()
#2 C:\AppServ\www\one-router-panelv\app\Config\Routes.php(57): Config\AutoRoutes->toRoute()
#3 C:\AppServ\www\one-router-panelv\vendor\codeigniter4\framework\system\CodeIgniter.php(803): require('C:\\AppServ\\www\\...')
#4 C:\AppServ\www\one-router-panelv\vendor\codeigniter4\framework\system\CodeIgniter.php(385): CodeIgniter\CodeIgniter->tryToRouteIt(Object(CodeIgniter\Router\RouteCollection))
#5 C:\AppServ\www\one-router-panelv\vendor\codeigniter4\framework\system\CodeIgniter.php(333): CodeIgniter\CodeIgniter->handleRequest(NULL, Object(Config\Cache), false)
#6 C:\AppServ\www\one-router-panelv\public\index.php(44): CodeIgniter\CodeIgniter->run()
#7 C:\AppServ\www\one-router-panelv\vendor\codeigniter4\framework\system\Commands\Server\rewrite.php(45): require_once('C:\\AppServ\\www\\...')
#8 {main}
CRITICAL - 2021-04-01 00:46:19 --> Call to a member function destroy() on null
#0 C:\AppServ\www\one-router-panelv\app\Config\Routes.php(57): Config\AutoRoutes->toRoute()
#1 C:\AppServ\www\one-router-panelv\vendor\codeigniter4\framework\system\CodeIgniter.php(803): require('C:\\AppServ\\www\\...')
#2 C:\AppServ\www\one-router-panelv\vendor\codeigniter4\framework\system\CodeIgniter.php(385): CodeIgniter\CodeIgniter->tryToRouteIt(Object(CodeIgniter\Router\RouteCollection))
#3 C:\AppServ\www\one-router-panelv\vendor\codeigniter4\framework\system\CodeIgniter.php(333): CodeIgniter\CodeIgniter->handleRequest(NULL, Object(Config\Cache), false)
#4 C:\AppServ\www\one-router-panelv\public\index.php(44): CodeIgniter\CodeIgniter->run()
#5 C:\AppServ\www\one-router-panelv\vendor\codeigniter4\framework\system\Commands\Server\rewrite.php(45): require_once('C:\\AppServ\\www\\...')
#6 {main}
CRITICAL - 2021-04-01 00:47:27 --> session_destroy(): Trying to destroy uninitialized session
#0 [internal function]: CodeIgniter\Debug\Exceptions->errorHandler(2, 'session_destroy...', 'C:\\AppServ\\www\\...', 464, Array)
#1 C:\AppServ\www\one-router-panelv\vendor\codeigniter4\framework\system\Session\Session.php(464): session_destroy()
#2 C:\AppServ\www\one-router-panelv\app\Config\AutoRoutes.php(41): CodeIgniter\Session\Session->destroy()
#3 C:\AppServ\www\one-router-panelv\app\Config\Routes.php(57): Config\AutoRoutes->toRoute()
#4 C:\AppServ\www\one-router-panelv\vendor\codeigniter4\framework\system\Router\RouteCollection.php(396): include('C:\\AppServ\\www\\...')
#5 C:\AppServ\www\one-router-panelv\vendor\codeigniter4\framework\system\Router\RouteCollection.php(502): CodeIgniter\Router\RouteCollection->discoverRoutes()
#6 C:\AppServ\www\one-router-panelv\vendor\codeigniter4\framework\system\Router\Router.php(373): CodeIgniter\Router\RouteCollection->getRoutes('get')
#7 C:\AppServ\www\one-router-panelv\vendor\codeigniter4\framework\system\Router\Router.php(152): CodeIgniter\Router\Router->checkRoutes('/')
#8 C:\AppServ\www\one-router-panelv\vendor\codeigniter4\framework\system\CodeIgniter.php(816): CodeIgniter\Router\Router->handle('/')
#9 C:\AppServ\www\one-router-panelv\vendor\codeigniter4\framework\system\CodeIgniter.php(385): CodeIgniter\CodeIgniter->tryToRouteIt(Object(CodeIgniter\Router\RouteCollection))
#10 C:\AppServ\www\one-router-panelv\vendor\codeigniter4\framework\system\CodeIgniter.php(333): CodeIgniter\CodeIgniter->handleRequest(NULL, Object(Config\Cache), false)
#11 C:\AppServ\www\one-router-panelv\public\index.php(44): CodeIgniter\CodeIgniter->run()
#12 C:\AppServ\www\one-router-panelv\vendor\codeigniter4\framework\system\Commands\Server\rewrite.php(45): require_once('C:\\AppServ\\www\\...')
#13 {main}
CRITICAL - 2021-04-01 00:47:33 --> session_destroy(): Trying to destroy uninitialized session
#0 [internal function]: CodeIgniter\Debug\Exceptions->errorHandler(2, 'session_destroy...', 'C:\\AppServ\\www\\...', 464, Array)
#1 C:\AppServ\www\one-router-panelv\vendor\codeigniter4\framework\system\Session\Session.php(464): session_destroy()
#2 C:\AppServ\www\one-router-panelv\app\Config\AutoRoutes.php(41): CodeIgniter\Session\Session->destroy()
#3 C:\AppServ\www\one-router-panelv\app\Config\Routes.php(57): Config\AutoRoutes->toRoute()
#4 C:\AppServ\www\one-router-panelv\vendor\codeigniter4\framework\system\Router\RouteCollection.php(396): include('C:\\AppServ\\www\\...')
#5 C:\AppServ\www\one-router-panelv\vendor\codeigniter4\framework\system\Router\RouteCollection.php(502): CodeIgniter\Router\RouteCollection->discoverRoutes()
#6 C:\AppServ\www\one-router-panelv\vendor\codeigniter4\framework\system\Router\Router.php(373): CodeIgniter\Router\RouteCollection->getRoutes('get')
#7 C:\AppServ\www\one-router-panelv\vendor\codeigniter4\framework\system\Router\Router.php(152): CodeIgniter\Router\Router->checkRoutes('/')
#8 C:\AppServ\www\one-router-panelv\vendor\codeigniter4\framework\system\CodeIgniter.php(816): CodeIgniter\Router\Router->handle('/')
#9 C:\AppServ\www\one-router-panelv\vendor\codeigniter4\framework\system\CodeIgniter.php(385): CodeIgniter\CodeIgniter->tryToRouteIt(Object(CodeIgniter\Router\RouteCollection))
#10 C:\AppServ\www\one-router-panelv\vendor\codeigniter4\framework\system\CodeIgniter.php(333): CodeIgniter\CodeIgniter->handleRequest(NULL, Object(Config\Cache), false)
#11 C:\AppServ\www\one-router-panelv\public\index.php(44): CodeIgniter\CodeIgniter->run()
#12 C:\AppServ\www\one-router-panelv\vendor\codeigniter4\framework\system\Commands\Server\rewrite.php(45): require_once('C:\\AppServ\\www\\...')
#13 {main}
CRITICAL - 2021-04-01 00:47:48 --> session_destroy(): Trying to destroy uninitialized session
#0 [internal function]: CodeIgniter\Debug\Exceptions->errorHandler(2, 'session_destroy...', 'C:\\AppServ\\www\\...', 464, Array)
#1 C:\AppServ\www\one-router-panelv\vendor\codeigniter4\framework\system\Session\Session.php(464): session_destroy()
#2 C:\AppServ\www\one-router-panelv\app\Config\AutoRoutes.php(41): CodeIgniter\Session\Session->destroy()
#3 C:\AppServ\www\one-router-panelv\app\Config\Routes.php(57): Config\AutoRoutes->toRoute()
#4 C:\AppServ\www\one-router-panelv\vendor\codeigniter4\framework\system\Router\RouteCollection.php(396): include('C:\\AppServ\\www\\...')
#5 C:\AppServ\www\one-router-panelv\vendor\codeigniter4\framework\system\Router\RouteCollection.php(502): CodeIgniter\Router\RouteCollection->discoverRoutes()
#6 C:\AppServ\www\one-router-panelv\vendor\codeigniter4\framework\system\Router\Router.php(373): CodeIgniter\Router\RouteCollection->getRoutes('get')
#7 C:\AppServ\www\one-router-panelv\vendor\codeigniter4\framework\system\Router\Router.php(152): CodeIgniter\Router\Router->checkRoutes('/')
#8 C:\AppServ\www\one-router-panelv\vendor\codeigniter4\framework\system\CodeIgniter.php(816): CodeIgniter\Router\Router->handle('/')
#9 C:\AppServ\www\one-router-panelv\vendor\codeigniter4\framework\system\CodeIgniter.php(385): CodeIgniter\CodeIgniter->tryToRouteIt(Object(CodeIgniter\Router\RouteCollection))
#10 C:\AppServ\www\one-router-panelv\vendor\codeigniter4\framework\system\CodeIgniter.php(333): CodeIgniter\CodeIgniter->handleRequest(NULL, Object(Config\Cache), false)
#11 C:\AppServ\www\one-router-panelv\public\index.php(44): CodeIgniter\CodeIgniter->run()
#12 C:\AppServ\www\one-router-panelv\vendor\codeigniter4\framework\system\Commands\Server\rewrite.php(45): require_once('C:\\AppServ\\www\\...')
#13 {main}
CRITICAL - 2021-04-01 00:53:16 --> session_destroy(): Trying to destroy uninitialized session
#0 [internal function]: CodeIgniter\Debug\Exceptions->errorHandler(2, 'session_destroy...', 'C:\\AppServ\\www\\...', 41, Array)
#1 C:\AppServ\www\one-router-panelv\app\Config\AutoRoutes.php(41): session_destroy()
#2 C:\AppServ\www\one-router-panelv\app\Config\Routes.php(57): Config\AutoRoutes->toRoute()
#3 C:\AppServ\www\one-router-panelv\vendor\codeigniter4\framework\system\CodeIgniter.php(803): require('C:\\AppServ\\www\\...')
#4 C:\AppServ\www\one-router-panelv\vendor\codeigniter4\framework\system\CodeIgniter.php(385): CodeIgniter\CodeIgniter->tryToRouteIt(Object(CodeIgniter\Router\RouteCollection))
#5 C:\AppServ\www\one-router-panelv\vendor\codeigniter4\framework\system\CodeIgniter.php(333): CodeIgniter\CodeIgniter->handleRequest(NULL, Object(Config\Cache), false)
#6 C:\AppServ\www\one-router-panelv\public\index.php(44): CodeIgniter\CodeIgniter->run()
#7 C:\AppServ\www\one-router-panelv\vendor\codeigniter4\framework\system\Commands\Server\rewrite.php(45): require_once('C:\\AppServ\\www\\...')
#8 {main}
CRITICAL - 2021-04-01 00:54:08 --> Namespace declaration statement has to be the very first statement or after any declare call in the script
#0 [internal function]: CodeIgniter\Debug\Exceptions->shutdownHandler()
#1 {main}
CRITICAL - 2021-04-01 00:54:57 --> session_destroy(): Trying to destroy uninitialized session
#0 [internal function]: CodeIgniter\Debug\Exceptions->errorHandler(2, 'session_destroy...', 'C:\\AppServ\\www\\...', 42, Array)
#1 C:\AppServ\www\one-router-panelv\app\Config\AutoRoutes.php(42): session_destroy()
#2 C:\AppServ\www\one-router-panelv\app\Config\Routes.php(57): Config\AutoRoutes->toRoute()
#3 C:\AppServ\www\one-router-panelv\vendor\codeigniter4\framework\system\CodeIgniter.php(803): require('C:\\AppServ\\www\\...')
#4 C:\AppServ\www\one-router-panelv\vendor\codeigniter4\framework\system\CodeIgniter.php(385): CodeIgniter\CodeIgniter->tryToRouteIt(Object(CodeIgniter\Router\RouteCollection))
#5 C:\AppServ\www\one-router-panelv\vendor\codeigniter4\framework\system\CodeIgniter.php(333): CodeIgniter\CodeIgniter->handleRequest(NULL, Object(Config\Cache), false)
#6 C:\AppServ\www\one-router-panelv\public\index.php(44): CodeIgniter\CodeIgniter->run()
#7 C:\AppServ\www\one-router-panelv\vendor\codeigniter4\framework\system\Commands\Server\rewrite.php(45): require_once('C:\\AppServ\\www\\...')
#8 {main}
CRITICAL - 2021-04-01 00:55:00 --> session_destroy(): Trying to destroy uninitialized session
#0 [internal function]: CodeIgniter\Debug\Exceptions->errorHandler(2, 'session_destroy...', 'C:\\AppServ\\www\\...', 42, Array)
#1 C:\AppServ\www\one-router-panelv\app\Config\AutoRoutes.php(42): session_destroy()
#2 C:\AppServ\www\one-router-panelv\app\Config\Routes.php(57): Config\AutoRoutes->toRoute()
#3 C:\AppServ\www\one-router-panelv\vendor\codeigniter4\framework\system\CodeIgniter.php(803): require('C:\\AppServ\\www\\...')
#4 C:\AppServ\www\one-router-panelv\vendor\codeigniter4\framework\system\CodeIgniter.php(385): CodeIgniter\CodeIgniter->tryToRouteIt(Object(CodeIgniter\Router\RouteCollection))
#5 C:\AppServ\www\one-router-panelv\vendor\codeigniter4\framework\system\CodeIgniter.php(333): CodeIgniter\CodeIgniter->handleRequest(NULL, Object(Config\Cache), false)
#6 C:\AppServ\www\one-router-panelv\public\index.php(44): CodeIgniter\CodeIgniter->run()
#7 C:\AppServ\www\one-router-panelv\vendor\codeigniter4\framework\system\Commands\Server\rewrite.php(45): require_once('C:\\AppServ\\www\\...')
#8 {main}
CRITICAL - 2021-04-01 01:09:49 --> syntax error, unexpected '->' (T_OBJECT_OPERATOR)
#0 C:\AppServ\www\one-router-panelv\vendor\codeigniter4\framework\system\Autoloader\Autoloader.php(265): CodeIgniter\Autoloader\Autoloader->includeFile('C:\\AppServ\\www\\...')
#1 C:\AppServ\www\one-router-panelv\vendor\codeigniter4\framework\system\Autoloader\Autoloader.php(228): CodeIgniter\Autoloader\Autoloader->loadInNamespace('Config\\AutoRout...')
#2 [internal function]: CodeIgniter\Autoloader\Autoloader->loadClass('Config\\AutoRout...')
#3 C:\AppServ\www\one-router-panelv\app\Config\Routes.php(56): spl_autoload_call('Config\\AutoRout...')
#4 C:\AppServ\www\one-router-panelv\vendor\codeigniter4\framework\system\CodeIgniter.php(803): require('C:\\AppServ\\www\\...')
#5 C:\AppServ\www\one-router-panelv\vendor\codeigniter4\framework\system\CodeIgniter.php(385): CodeIgniter\CodeIgniter->tryToRouteIt(Object(CodeIgniter\Router\RouteCollection))
#6 C:\AppServ\www\one-router-panelv\vendor\codeigniter4\framework\system\CodeIgniter.php(333): CodeIgniter\CodeIgniter->handleRequest(NULL, Object(Config\Cache), false)
#7 C:\AppServ\www\one-router-panelv\public\index.php(44): CodeIgniter\CodeIgniter->run()
#8 C:\AppServ\www\one-router-panelv\vendor\codeigniter4\framework\system\Commands\Server\rewrite.php(45): require_once('C:\\AppServ\\www\\...')
#9 {main}
CRITICAL - 2021-04-01 01:23:35 --> Class 'Config\AutoRoutes' not found
#0 C:\AppServ\www\one-router-panelv\vendor\codeigniter4\framework\system\CodeIgniter.php(803): require()
#1 C:\AppServ\www\one-router-panelv\vendor\codeigniter4\framework\system\CodeIgniter.php(385): CodeIgniter\CodeIgniter->tryToRouteIt(Object(CodeIgniter\Router\RouteCollection))
#2 C:\AppServ\www\one-router-panelv\vendor\codeigniter4\framework\system\CodeIgniter.php(333): CodeIgniter\CodeIgniter->handleRequest(NULL, Object(Config\Cache), false)
#3 C:\AppServ\www\one-router-panelv\public\index.php(44): CodeIgniter\CodeIgniter->run()
#4 C:\AppServ\www\one-router-panelv\vendor\codeigniter4\framework\system\Commands\Server\rewrite.php(45): require_once('C:\\AppServ\\www\\...')
#5 {main}
CRITICAL - 2021-04-01 01:44:55 --> Call to a member function route() on null
#0 C:\AppServ\www\one-router-panelv\app\Views\main.php(32): include()
#1 C:\AppServ\www\one-router-panelv\vendor\codeigniter4\framework\system\View\View.php(220): include('C:\\AppServ\\www\\...')
#2 C:\AppServ\www\one-router-panelv\vendor\codeigniter4\framework\system\View\View.php(222): CodeIgniter\View\View->CodeIgniter\View\{closure}()
#3 C:\AppServ\www\one-router-panelv\vendor\codeigniter4\framework\system\Common.php(1217): CodeIgniter\View\View->render('main', Array, true)
#4 C:\AppServ\www\one-router-panelv\app\Config\AutoRoutes.php(157): view('main', Array)
#5 C:\AppServ\www\one-router-panelv\app\Config\AutoRoutes.php(76): Config\AutoRoutes->toRoutesPost()
#6 C:\AppServ\www\one-router-panelv\app\Config\Routes.php(57): Config\AutoRoutes->toRoute()
#7 C:\AppServ\www\one-router-panelv\vendor\codeigniter4\framework\system\CodeIgniter.php(803): require('C:\\AppServ\\www\\...')
#8 C:\AppServ\www\one-router-panelv\vendor\codeigniter4\framework\system\CodeIgniter.php(385): CodeIgniter\CodeIgniter->tryToRouteIt(Object(CodeIgniter\Router\RouteCollection))
#9 C:\AppServ\www\one-router-panelv\vendor\codeigniter4\framework\system\CodeIgniter.php(333): CodeIgniter\CodeIgniter->handleRequest(NULL, Object(Config\Cache), false)
#10 C:\AppServ\www\one-router-panelv\public\index.php(44): CodeIgniter\CodeIgniter->run()
#11 C:\AppServ\www\one-router-panelv\vendor\codeigniter4\framework\system\Commands\Server\rewrite.php(45): require_once('C:\\AppServ\\www\\...')
#12 {main}
CRITICAL - 2021-04-01 01:46:56 --> Call to a member function route() on null
#0 C:\AppServ\www\one-router-panelv\app\Views\main.php(32): include()
#1 C:\AppServ\www\one-router-panelv\vendor\codeigniter4\framework\system\View\View.php(220): include('C:\\AppServ\\www\\...')
#2 C:\AppServ\www\one-router-panelv\vendor\codeigniter4\framework\system\View\View.php(222): CodeIgniter\View\View->CodeIgniter\View\{closure}()
#3 C:\AppServ\www\one-router-panelv\vendor\codeigniter4\framework\system\Common.php(1217): CodeIgniter\View\View->render('main', Array, true)
#4 C:\AppServ\www\one-router-panelv\app\Config\AutoRoutes.php(157): view('main', Array)
#5 C:\AppServ\www\one-router-panelv\app\Config\AutoRoutes.php(76): Config\AutoRoutes->toRoutesPost()
#6 C:\AppServ\www\one-router-panelv\app\Config\Routes.php(57): Config\AutoRoutes->toRoute()
#7 C:\AppServ\www\one-router-panelv\vendor\codeigniter4\framework\system\CodeIgniter.php(803): require('C:\\AppServ\\www\\...')
#8 C:\AppServ\www\one-router-panelv\vendor\codeigniter4\framework\system\CodeIgniter.php(385): CodeIgniter\CodeIgniter->tryToRouteIt(Object(CodeIgniter\Router\RouteCollection))
#9 C:\AppServ\www\one-router-panelv\vendor\codeigniter4\framework\system\CodeIgniter.php(333): CodeIgniter\CodeIgniter->handleRequest(NULL, Object(Config\Cache), false)
#10 C:\AppServ\www\one-router-panelv\public\index.php(44): CodeIgniter\CodeIgniter->run()
#11 C:\AppServ\www\one-router-panelv\vendor\codeigniter4\framework\system\Commands\Server\rewrite.php(45): require_once('C:\\AppServ\\www\\...')
#12 {main}
CRITICAL - 2021-04-01 01:48:17 --> Call to a member function route() on null
#0 C:\AppServ\www\one-router-panelv\app\Views\main.php(32): include()
#1 C:\AppServ\www\one-router-panelv\vendor\codeigniter4\framework\system\View\View.php(220): include('C:\\AppServ\\www\\...')
#2 C:\AppServ\www\one-router-panelv\vendor\codeigniter4\framework\system\View\View.php(222): CodeIgniter\View\View->CodeIgniter\View\{closure}()
#3 C:\AppServ\www\one-router-panelv\vendor\codeigniter4\framework\system\Common.php(1217): CodeIgniter\View\View->render('main', Array, true)
#4 C:\AppServ\www\one-router-panelv\app\Config\AutoRoutes.php(157): view('main', Array)
#5 C:\AppServ\www\one-router-panelv\app\Config\AutoRoutes.php(103): Config\AutoRoutes->toRoutesPost()
#6 C:\AppServ\www\one-router-panelv\app\Config\Routes.php(57): Config\AutoRoutes->toRoute()
#7 C:\AppServ\www\one-router-panelv\vendor\codeigniter4\framework\system\CodeIgniter.php(803): require('C:\\AppServ\\www\\...')
#8 C:\AppServ\www\one-router-panelv\vendor\codeigniter4\framework\system\CodeIgniter.php(385): CodeIgniter\CodeIgniter->tryToRouteIt(Object(CodeIgniter\Router\RouteCollection))
#9 C:\AppServ\www\one-router-panelv\vendor\codeigniter4\framework\system\CodeIgniter.php(333): CodeIgniter\CodeIgniter->handleRequest(NULL, Object(Config\Cache), false)
#10 C:\AppServ\www\one-router-panelv\public\index.php(44): CodeIgniter\CodeIgniter->run()
#11 C:\AppServ\www\one-router-panelv\vendor\codeigniter4\framework\system\Commands\Server\rewrite.php(45): require_once('C:\\AppServ\\www\\...')
#12 {main}
CRITICAL - 2021-04-01 01:48:54 --> Call to a member function route() on null
#0 C:\AppServ\www\one-router-panelv\app\Views\main.php(32): include()
#1 C:\AppServ\www\one-router-panelv\vendor\codeigniter4\framework\system\View\View.php(220): include('C:\\AppServ\\www\\...')
#2 C:\AppServ\www\one-router-panelv\vendor\codeigniter4\framework\system\View\View.php(222): CodeIgniter\View\View->CodeIgniter\View\{closure}()
#3 C:\AppServ\www\one-router-panelv\vendor\codeigniter4\framework\system\Common.php(1217): CodeIgniter\View\View->render('main', Array, true)
#4 C:\AppServ\www\one-router-panelv\app\Config\AutoRoutes.php(157): view('main', Array)
#5 C:\AppServ\www\one-router-panelv\app\Config\AutoRoutes.php(76): Config\AutoRoutes->toRoutesPost()
#6 C:\AppServ\www\one-router-panelv\app\Config\Routes.php(57): Config\AutoRoutes->toRoute()
#7 C:\AppServ\www\one-router-panelv\vendor\codeigniter4\framework\system\CodeIgniter.php(803): require('C:\\AppServ\\www\\...')
#8 C:\AppServ\www\one-router-panelv\vendor\codeigniter4\framework\system\CodeIgniter.php(385): CodeIgniter\CodeIgniter->tryToRouteIt(Object(CodeIgniter\Router\RouteCollection))
#9 C:\AppServ\www\one-router-panelv\vendor\codeigniter4\framework\system\CodeIgniter.php(333): CodeIgniter\CodeIgniter->handleRequest(NULL, Object(Config\Cache), false)
#10 C:\AppServ\www\one-router-panelv\public\index.php(44): CodeIgniter\CodeIgniter->run()
#11 C:\AppServ\www\one-router-panelv\vendor\codeigniter4\framework\system\Commands\Server\rewrite.php(45): require_once('C:\\AppServ\\www\\...')
#12 {main}
CRITICAL - 2021-04-01 01:50:13 --> Call to a member function route() on null
#0 C:\AppServ\www\one-router-panelv\app\Views\main.php(32): include()
#1 C:\AppServ\www\one-router-panelv\vendor\codeigniter4\framework\system\View\View.php(220): include('C:\\AppServ\\www\\...')
#2 C:\AppServ\www\one-router-panelv\vendor\codeigniter4\framework\system\View\View.php(222): CodeIgniter\View\View->CodeIgniter\View\{closure}()
#3 C:\AppServ\www\one-router-panelv\vendor\codeigniter4\framework\system\Common.php(1217): CodeIgniter\View\View->render('main', Array, true)
#4 C:\AppServ\www\one-router-panelv\app\Config\AutoRoutes.php(157): view('main', Array)
#5 C:\AppServ\www\one-router-panelv\app\Config\AutoRoutes.php(76): Config\AutoRoutes->toRoutesPost()
#6 C:\AppServ\www\one-router-panelv\app\Config\Routes.php(57): Config\AutoRoutes->toRoute()
#7 C:\AppServ\www\one-router-panelv\vendor\codeigniter4\framework\system\CodeIgniter.php(803): require('C:\\AppServ\\www\\...')
#8 C:\AppServ\www\one-router-panelv\vendor\codeigniter4\framework\system\CodeIgniter.php(385): CodeIgniter\CodeIgniter->tryToRouteIt(Object(CodeIgniter\Router\RouteCollection))
#9 C:\AppServ\www\one-router-panelv\vendor\codeigniter4\framework\system\CodeIgniter.php(333): CodeIgniter\CodeIgniter->handleRequest(NULL, Object(Config\Cache), false)
#10 C:\AppServ\www\one-router-panelv\public\index.php(44): CodeIgniter\CodeIgniter->run()
#11 C:\AppServ\www\one-router-panelv\vendor\codeigniter4\framework\system\Commands\Server\rewrite.php(45): require_once('C:\\AppServ\\www\\...')
#12 {main}
CRITICAL - 2021-04-01 04:41:40 --> cURL error 7: Failed to connect to 192.168.100.100 port 8081: Connection refused (see https://curl.haxx.se/libcurl/c/libcurl-errors.html) for http://192.168.100.100:8081/findurl
#0 C:\AppServ\www\one-router-panelv\vendor\guzzlehttp\guzzle\src\Handler\CurlFactory.php(158): GuzzleHttp\Handler\CurlFactory::createRejection(Object(GuzzleHttp\Handler\EasyHandle), Array)
#1 C:\AppServ\www\one-router-panelv\vendor\guzzlehttp\guzzle\src\Handler\CurlFactory.php(110): GuzzleHttp\Handler\CurlFactory::finishError(Object(GuzzleHttp\Handler\CurlHandler), Object(GuzzleHttp\Handler\EasyHandle), Object(GuzzleHttp\Handler\CurlFactory))
#2 C:\AppServ\www\one-router-panelv\vendor\guzzlehttp\guzzle\src\Handler\CurlHandler.php(47): GuzzleHttp\Handler\CurlFactory::finish(Object(GuzzleHttp\Handler\CurlHandler), Object(GuzzleHttp\Handler\EasyHandle), Object(GuzzleHttp\Handler\CurlFactory))
#3 C:\AppServ\www\one-router-panelv\vendor\guzzlehttp\guzzle\src\Handler\Proxy.php(28): GuzzleHttp\Handler\CurlHandler->__invoke(Object(GuzzleHttp\Psr7\Request), Array)
#4 C:\AppServ\www\one-router-panelv\vendor\guzzlehttp\guzzle\src\Handler\Proxy.php(48): GuzzleHttp\Handler\Proxy::GuzzleHttp\Handler\{closure}(Object(GuzzleHttp\Psr7\Request), Array)
#5 C:\AppServ\www\one-router-panelv\vendor\guzzlehttp\guzzle\src\PrepareBodyMiddleware.php(64): GuzzleHttp\Handler\Proxy::GuzzleHttp\Handler\{closure}(Object(GuzzleHttp\Psr7\Request), Array)
#6 C:\AppServ\www\one-router-panelv\vendor\guzzlehttp\guzzle\src\Middleware.php(31): GuzzleHttp\PrepareBodyMiddleware->__invoke(Object(GuzzleHttp\Psr7\Request), Array)
#7 C:\AppServ\www\one-router-panelv\vendor\guzzlehttp\guzzle\src\RedirectMiddleware.php(71): GuzzleHttp\Middleware::GuzzleHttp\{closure}(Object(GuzzleHttp\Psr7\Request), Array)
#8 C:\AppServ\www\one-router-panelv\vendor\guzzlehttp\guzzle\src\Middleware.php(63): GuzzleHttp\RedirectMiddleware->__invoke(Object(GuzzleHttp\Psr7\Request), Array)
#9 C:\AppServ\www\one-router-panelv\vendor\guzzlehttp\guzzle\src\HandlerStack.php(75): GuzzleHttp\Middleware::GuzzleHttp\{closure}(Object(GuzzleHttp\Psr7\Request), Array)
#10 C:\AppServ\www\one-router-panelv\vendor\guzzlehttp\guzzle\src\Client.php(331): GuzzleHttp\HandlerStack->__invoke(Object(GuzzleHttp\Psr7\Request), Array)
#11 C:\AppServ\www\one-router-panelv\vendor\guzzlehttp\guzzle\src\Client.php(168): GuzzleHttp\Client->transfer(Object(GuzzleHttp\Psr7\Request), Array)
#12 C:\AppServ\www\one-router-panelv\vendor\guzzlehttp\guzzle\src\Client.php(187): GuzzleHttp\Client->requestAsync('POST', Object(GuzzleHttp\Psr7\Uri), Array)
#13 C:\AppServ\www\one-router-panelv\app\Config\RestApi.php(26): GuzzleHttp\Client->request('POST', 'http://192.168....', Array)
#14 C:\AppServ\www\one-router-panelv\app\Config\AutoRoutes.php(176): Config\RestApi->findUrls('')
#15 C:\AppServ\www\one-router-panelv\app\Config\AutoRoutes.php(56): Config\AutoRoutes->findURL('')
#16 C:\AppServ\www\one-router-panelv\app\Config\Routes.php(57): Config\AutoRoutes->toRoute()
#17 C:\AppServ\www\one-router-panelv\vendor\codeigniter4\framework\system\CodeIgniter.php(803): require('C:\\AppServ\\www\\...')
#18 C:\AppServ\www\one-router-panelv\vendor\codeigniter4\framework\system\CodeIgniter.php(385): CodeIgniter\CodeIgniter->tryToRouteIt(Object(CodeIgniter\Router\RouteCollection))
#19 C:\AppServ\www\one-router-panelv\vendor\codeigniter4\framework\system\CodeIgniter.php(333): CodeIgniter\CodeIgniter->handleRequest(NULL, Object(Config\Cache), false)
#20 C:\AppServ\www\one-router-panelv\vendor\codeigniter4\framework\system\CLI\Console.php(61): CodeIgniter\CodeIgniter->run()
#21 C:\AppServ\www\one-router-panelv\spark(66): CodeIgniter\CLI\Console->run()
#22 {main}
CRITICAL - 2021-04-01 04:49:41 --> Illegal string offset 'barang'
#0 C:\AppServ\www\one-router-panelv\app\Views\pages\barang\barang.php(32): CodeIgniter\Debug\Exceptions->errorHandler(2, 'Illegal string ...', 'C:\\AppServ\\www\\...', 32, Array)
#1 C:\AppServ\www\one-router-panelv\app\Views\main.php(53): include('C:\\AppServ\\www\\...')
#2 C:\AppServ\www\one-router-panelv\vendor\codeigniter4\framework\system\View\View.php(220): include('C:\\AppServ\\www\\...')
#3 C:\AppServ\www\one-router-panelv\vendor\codeigniter4\framework\system\View\View.php(222): CodeIgniter\View\View->CodeIgniter\View\{closure}()
#4 C:\AppServ\www\one-router-panelv\vendor\codeigniter4\framework\system\Common.php(1217): CodeIgniter\View\View->render('main', Array, true)
#5 C:\AppServ\www\one-router-panelv\app\Config\AutoRoutes.php(171): view('main', Array)
#6 C:\AppServ\www\one-router-panelv\app\Config\AutoRoutes.php(116): Config\AutoRoutes->toRoutesPost()
#7 C:\AppServ\www\one-router-panelv\app\Config\Routes.php(57): Config\AutoRoutes->toRoute()
#8 C:\AppServ\www\one-router-panelv\vendor\codeigniter4\framework\system\CodeIgniter.php(803): require('C:\\AppServ\\www\\...')
#9 C:\AppServ\www\one-router-panelv\vendor\codeigniter4\framework\system\CodeIgniter.php(385): CodeIgniter\CodeIgniter->tryToRouteIt(Object(CodeIgniter\Router\RouteCollection))
#10 C:\AppServ\www\one-router-panelv\vendor\codeigniter4\framework\system\CodeIgniter.php(333): CodeIgniter\CodeIgniter->handleRequest(NULL, Object(Config\Cache), false)
#11 C:\AppServ\www\one-router-panelv\public\index.php(44): CodeIgniter\CodeIgniter->run()
#12 C:\AppServ\www\one-router-panelv\vendor\codeigniter4\framework\system\Commands\Server\rewrite.php(45): require_once('C:\\AppServ\\www\\...')
#13 {main}
CRITICAL - 2021-04-01 05:01:05 --> Object of class Config\AutoRoutes could not be converted to string
#0 C:\AppServ\www\one-router-panelv\app\Config\AutoRoutes.php(113): CodeIgniter\Debug\Exceptions->errorHandler(4096, 'Object of class...', 'C:\\AppServ\\www\\...', 113, Array)
#1 C:\AppServ\www\one-router-panelv\app\Config\Routes.php(57): Config\AutoRoutes->toRoute()
#2 C:\AppServ\www\one-router-panelv\vendor\codeigniter4\framework\system\CodeIgniter.php(803): require('C:\\AppServ\\www\\...')
#3 C:\AppServ\www\one-router-panelv\vendor\codeigniter4\framework\system\CodeIgniter.php(385): CodeIgniter\CodeIgniter->tryToRouteIt(Object(CodeIgniter\Router\RouteCollection))
#4 C:\AppServ\www\one-router-panelv\vendor\codeigniter4\framework\system\CodeIgniter.php(333): CodeIgniter\CodeIgniter->handleRequest(NULL, Object(Config\Cache), false)
#5 C:\AppServ\www\one-router-panelv\public\index.php(44): CodeIgniter\CodeIgniter->run()
#6 C:\AppServ\www\one-router-panelv\vendor\codeigniter4\framework\system\Commands\Server\rewrite.php(45): require_once('C:\\AppServ\\www\\...')
#7 {main}
CRITICAL - 2021-04-01 05:02:01 --> Object of class Config\AutoRoutes could not be converted to string
#0 C:\AppServ\www\one-router-panelv\app\Config\AutoRoutes.php(113): CodeIgniter\Debug\Exceptions->errorHandler(4096, 'Object of class...', 'C:\\AppServ\\www\\...', 113, Array)
#1 C:\AppServ\www\one-router-panelv\app\Config\Routes.php(57): Config\AutoRoutes->toRoute()
#2 C:\AppServ\www\one-router-panelv\vendor\codeigniter4\framework\system\CodeIgniter.php(803): require('C:\\AppServ\\www\\...')
#3 C:\AppServ\www\one-router-panelv\vendor\codeigniter4\framework\system\CodeIgniter.php(385): CodeIgniter\CodeIgniter->tryToRouteIt(Object(CodeIgniter\Router\RouteCollection))
#4 C:\AppServ\www\one-router-panelv\vendor\codeigniter4\framework\system\CodeIgniter.php(333): CodeIgniter\CodeIgniter->handleRequest(NULL, Object(Config\Cache), false)
#5 C:\AppServ\www\one-router-panelv\public\index.php(44): CodeIgniter\CodeIgniter->run()
#6 C:\AppServ\www\one-router-panelv\vendor\codeigniter4\framework\system\Commands\Server\rewrite.php(45): require_once('C:\\AppServ\\www\\...')
#7 {main}
CRITICAL - 2021-04-01 05:04:08 --> syntax error, unexpected '.', expecting identifier (T_STRING) or variable (T_VARIABLE) or '{' or '$'
#0 C:\AppServ\www\one-router-panelv\vendor\codeigniter4\framework\system\Autoloader\Autoloader.php(265): CodeIgniter\Autoloader\Autoloader->includeFile('C:\\AppServ\\www\\...')
#1 C:\AppServ\www\one-router-panelv\vendor\codeigniter4\framework\system\Autoloader\Autoloader.php(228): CodeIgniter\Autoloader\Autoloader->loadInNamespace('Config\\AutoRout...')
#2 [internal function]: CodeIgniter\Autoloader\Autoloader->loadClass('Config\\AutoRout...')
#3 C:\AppServ\www\one-router-panelv\app\Config\Routes.php(56): spl_autoload_call('Config\\AutoRout...')
#4 C:\AppServ\www\one-router-panelv\vendor\codeigniter4\framework\system\CodeIgniter.php(803): require('C:\\AppServ\\www\\...')
#5 C:\AppServ\www\one-router-panelv\vendor\codeigniter4\framework\system\CodeIgniter.php(385): CodeIgniter\CodeIgniter->tryToRouteIt(Object(CodeIgniter\Router\RouteCollection))
#6 C:\AppServ\www\one-router-panelv\vendor\codeigniter4\framework\system\CodeIgniter.php(333): CodeIgniter\CodeIgniter->handleRequest(NULL, Object(Config\Cache), false)
#7 C:\AppServ\www\one-router-panelv\public\index.php(44): CodeIgniter\CodeIgniter->run()
#8 C:\AppServ\www\one-router-panelv\vendor\codeigniter4\framework\system\Commands\Server\rewrite.php(45): require_once('C:\\AppServ\\www\\...')
#9 {main}
CRITICAL - 2021-04-01 05:04:38 --> Illegal string offset 'barang'
#0 C:\AppServ\www\one-router-panelv\app\Views\pages\barang\barang.php(32): CodeIgniter\Debug\Exceptions->errorHandler(2, 'Illegal string ...', 'C:\\AppServ\\www\\...', 32, Array)
#1 C:\AppServ\www\one-router-panelv\app\Views\main.php(53): include('C:\\AppServ\\www\\...')
#2 C:\AppServ\www\one-router-panelv\vendor\codeigniter4\framework\system\View\View.php(220): include('C:\\AppServ\\www\\...')
#3 C:\AppServ\www\one-router-panelv\vendor\codeigniter4\framework\system\View\View.php(222): CodeIgniter\View\View->CodeIgniter\View\{closure}()
#4 C:\AppServ\www\one-router-panelv\vendor\codeigniter4\framework\system\Common.php(1217): CodeIgniter\View\View->render('main', Array, true)
#5 C:\AppServ\www\one-router-panelv\app\Config\AutoRoutes.php(171): view('main', Array)
#6 C:\AppServ\www\one-router-panelv\app\Config\AutoRoutes.php(116): Config\AutoRoutes->toRoutesPost()
#7 C:\AppServ\www\one-router-panelv\app\Config\Routes.php(57): Config\AutoRoutes->toRoute()
#8 C:\AppServ\www\one-router-panelv\vendor\codeigniter4\framework\system\CodeIgniter.php(803): require('C:\\AppServ\\www\\...')
#9 C:\AppServ\www\one-router-panelv\vendor\codeigniter4\framework\system\CodeIgniter.php(385): CodeIgniter\CodeIgniter->tryToRouteIt(Object(CodeIgniter\Router\RouteCollection))
#10 C:\AppServ\www\one-router-panelv\vendor\codeigniter4\framework\system\CodeIgniter.php(333): CodeIgniter\CodeIgniter->handleRequest(NULL, Object(Config\Cache), false)
#11 C:\AppServ\www\one-router-panelv\public\index.php(44): CodeIgniter\CodeIgniter->run()
#12 C:\AppServ\www\one-router-panelv\vendor\codeigniter4\framework\system\Commands\Server\rewrite.php(45): require_once('C:\\AppServ\\www\\...')
#13 {main}
CRITICAL - 2021-04-01 05:05:14 --> Illegal string offset 'barang'
#0 C:\AppServ\www\one-router-panelv\app\Views\pages\barang\barang.php(32): CodeIgniter\Debug\Exceptions->errorHandler(2, 'Illegal string ...', 'C:\\AppServ\\www\\...', 32, Array)
#1 C:\AppServ\www\one-router-panelv\app\Views\main.php(53): include('C:\\AppServ\\www\\...')
#2 C:\AppServ\www\one-router-panelv\vendor\codeigniter4\framework\system\View\View.php(220): include('C:\\AppServ\\www\\...')
#3 C:\AppServ\www\one-router-panelv\vendor\codeigniter4\framework\system\View\View.php(222): CodeIgniter\View\View->CodeIgniter\View\{closure}()
#4 C:\AppServ\www\one-router-panelv\vendor\codeigniter4\framework\system\Common.php(1217): CodeIgniter\View\View->render('main', Array, true)
#5 C:\AppServ\www\one-router-panelv\app\Config\AutoRoutes.php(171): view('main', Array)
#6 C:\AppServ\www\one-router-panelv\app\Config\AutoRoutes.php(116): Config\AutoRoutes->toRoutesPost()
#7 C:\AppServ\www\one-router-panelv\app\Config\Routes.php(57): Config\AutoRoutes->toRoute()
#8 C:\AppServ\www\one-router-panelv\vendor\codeigniter4\framework\system\CodeIgniter.php(803): require('C:\\AppServ\\www\\...')
#9 C:\AppServ\www\one-router-panelv\vendor\codeigniter4\framework\system\CodeIgniter.php(385): CodeIgniter\CodeIgniter->tryToRouteIt(Object(CodeIgniter\Router\RouteCollection))
#10 C:\AppServ\www\one-router-panelv\vendor\codeigniter4\framework\system\CodeIgniter.php(333): CodeIgniter\CodeIgniter->handleRequest(NULL, Object(Config\Cache), false)
#11 C:\AppServ\www\one-router-panelv\public\index.php(44): CodeIgniter\CodeIgniter->run()
#12 C:\AppServ\www\one-router-panelv\vendor\codeigniter4\framework\system\Commands\Server\rewrite.php(45): require_once('C:\\AppServ\\www\\...')
#13 {main}
CRITICAL - 2021-04-01 05:05:19 --> Illegal string offset 'barang'
#0 C:\AppServ\www\one-router-panelv\app\Views\pages\barang\barang.php(32): CodeIgniter\Debug\Exceptions->errorHandler(2, 'Illegal string ...', 'C:\\AppServ\\www\\...', 32, Array)
#1 C:\AppServ\www\one-router-panelv\app\Views\main.php(53): include('C:\\AppServ\\www\\...')
#2 C:\AppServ\www\one-router-panelv\vendor\codeigniter4\framework\system\View\View.php(220): include('C:\\AppServ\\www\\...')
#3 C:\AppServ\www\one-router-panelv\vendor\codeigniter4\framework\system\View\View.php(222): CodeIgniter\View\View->CodeIgniter\View\{closure}()
#4 C:\AppServ\www\one-router-panelv\vendor\codeigniter4\framework\system\Common.php(1217): CodeIgniter\View\View->render('main', Array, true)
#5 C:\AppServ\www\one-router-panelv\app\Config\AutoRoutes.php(171): view('main', Array)
#6 C:\AppServ\www\one-router-panelv\app\Config\AutoRoutes.php(116): Config\AutoRoutes->toRoutesPost()
#7 C:\AppServ\www\one-router-panelv\app\Config\Routes.php(57): Config\AutoRoutes->toRoute()
#8 C:\AppServ\www\one-router-panelv\vendor\codeigniter4\framework\system\CodeIgniter.php(803): require('C:\\AppServ\\www\\...')
#9 C:\AppServ\www\one-router-panelv\vendor\codeigniter4\framework\system\CodeIgniter.php(385): CodeIgniter\CodeIgniter->tryToRouteIt(Object(CodeIgniter\Router\RouteCollection))
#10 C:\AppServ\www\one-router-panelv\vendor\codeigniter4\framework\system\CodeIgniter.php(333): CodeIgniter\CodeIgniter->handleRequest(NULL, Object(Config\Cache), false)
#11 C:\AppServ\www\one-router-panelv\public\index.php(44): CodeIgniter\CodeIgniter->run()
#12 C:\AppServ\www\one-router-panelv\vendor\codeigniter4\framework\system\Commands\Server\rewrite.php(45): require_once('C:\\AppServ\\www\\...')
#13 {main}
CRITICAL - 2021-04-01 05:06:10 --> Using $this when not in object context
#0 C:\AppServ\www\one-router-panelv\app\Config\AutoRoutes.php(113): Config\RestApi::barang('')
#1 C:\AppServ\www\one-router-panelv\app\Config\Routes.php(57): Config\AutoRoutes->toRoute()
#2 C:\AppServ\www\one-router-panelv\vendor\codeigniter4\framework\system\CodeIgniter.php(803): require('C:\\AppServ\\www\\...')
#3 C:\AppServ\www\one-router-panelv\vendor\codeigniter4\framework\system\CodeIgniter.php(385): CodeIgniter\CodeIgniter->tryToRouteIt(Object(CodeIgniter\Router\RouteCollection))
#4 C:\AppServ\www\one-router-panelv\vendor\codeigniter4\framework\system\CodeIgniter.php(333): CodeIgniter\CodeIgniter->handleRequest(NULL, Object(Config\Cache), false)
#5 C:\AppServ\www\one-router-panelv\public\index.php(44): CodeIgniter\CodeIgniter->run()
#6 C:\AppServ\www\one-router-panelv\vendor\codeigniter4\framework\system\Commands\Server\rewrite.php(45): require_once('C:\\AppServ\\www\\...')
#7 {main}
CRITICAL - 2021-04-01 05:06:49 --> Illegal string offset 'barang'
#0 C:\AppServ\www\one-router-panelv\app\Views\pages\barang\barang.php(32): CodeIgniter\Debug\Exceptions->errorHandler(2, 'Illegal string ...', 'C:\\AppServ\\www\\...', 32, Array)
#1 C:\AppServ\www\one-router-panelv\app\Views\main.php(53): include('C:\\AppServ\\www\\...')
#2 C:\AppServ\www\one-router-panelv\vendor\codeigniter4\framework\system\View\View.php(220): include('C:\\AppServ\\www\\...')
#3 C:\AppServ\www\one-router-panelv\vendor\codeigniter4\framework\system\View\View.php(222): CodeIgniter\View\View->CodeIgniter\View\{closure}()
#4 C:\AppServ\www\one-router-panelv\vendor\codeigniter4\framework\system\Common.php(1217): CodeIgniter\View\View->render('main', Array, true)
#5 C:\AppServ\www\one-router-panelv\app\Config\AutoRoutes.php(172): view('main', Array)
#6 C:\AppServ\www\one-router-panelv\app\Config\AutoRoutes.php(117): Config\AutoRoutes->toRoutesPost()
#7 C:\AppServ\www\one-router-panelv\app\Config\Routes.php(57): Config\AutoRoutes->toRoute()
#8 C:\AppServ\www\one-router-panelv\vendor\codeigniter4\framework\system\CodeIgniter.php(803): require('C:\\AppServ\\www\\...')
#9 C:\AppServ\www\one-router-panelv\vendor\codeigniter4\framework\system\CodeIgniter.php(385): CodeIgniter\CodeIgniter->tryToRouteIt(Object(CodeIgniter\Router\RouteCollection))
#10 C:\AppServ\www\one-router-panelv\vendor\codeigniter4\framework\system\CodeIgniter.php(333): CodeIgniter\CodeIgniter->handleRequest(NULL, Object(Config\Cache), false)
#11 C:\AppServ\www\one-router-panelv\public\index.php(44): CodeIgniter\CodeIgniter->run()
#12 C:\AppServ\www\one-router-panelv\vendor\codeigniter4\framework\system\Commands\Server\rewrite.php(45): require_once('C:\\AppServ\\www\\...')
#13 {main}
CRITICAL - 2021-04-01 05:07:14 --> Illegal string offset 'barang'
#0 C:\AppServ\www\one-router-panelv\app\Views\pages\barang\barang.php(32): CodeIgniter\Debug\Exceptions->errorHandler(2, 'Illegal string ...', 'C:\\AppServ\\www\\...', 32, Array)
#1 C:\AppServ\www\one-router-panelv\app\Views\main.php(53): include('C:\\AppServ\\www\\...')
#2 C:\AppServ\www\one-router-panelv\vendor\codeigniter4\framework\system\View\View.php(220): include('C:\\AppServ\\www\\...')
#3 C:\AppServ\www\one-router-panelv\vendor\codeigniter4\framework\system\View\View.php(222): CodeIgniter\View\View->CodeIgniter\View\{closure}()
#4 C:\AppServ\www\one-router-panelv\vendor\codeigniter4\framework\system\Common.php(1217): CodeIgniter\View\View->render('main', Array, true)
#5 C:\AppServ\www\one-router-panelv\app\Config\AutoRoutes.php(172): view('main', Array)
#6 C:\AppServ\www\one-router-panelv\app\Config\AutoRoutes.php(117): Config\AutoRoutes->toRoutesPost()
#7 C:\AppServ\www\one-router-panelv\app\Config\Routes.php(57): Config\AutoRoutes->toRoute()
#8 C:\AppServ\www\one-router-panelv\vendor\codeigniter4\framework\system\CodeIgniter.php(803): require('C:\\AppServ\\www\\...')
#9 C:\AppServ\www\one-router-panelv\vendor\codeigniter4\framework\system\CodeIgniter.php(385): CodeIgniter\CodeIgniter->tryToRouteIt(Object(CodeIgniter\Router\RouteCollection))
#10 C:\AppServ\www\one-router-panelv\vendor\codeigniter4\framework\system\CodeIgniter.php(333): CodeIgniter\CodeIgniter->handleRequest(NULL, Object(Config\Cache), false)
#11 C:\AppServ\www\one-router-panelv\public\index.php(44): CodeIgniter\CodeIgniter->run()
#12 C:\AppServ\www\one-router-panelv\vendor\codeigniter4\framework\system\Commands\Server\rewrite.php(45): require_once('C:\\AppServ\\www\\...')
#13 {main}
CRITICAL - 2021-04-01 05:10:09 --> Argument 3 passed to GuzzleHttp\Client::request() must be of the type array, object given, called in C:\AppServ\www\one-router-panelv\app\Config\RestApi.php on line 69
#0 C:\AppServ\www\one-router-panelv\app\Config\RestApi.php(69): GuzzleHttp\Client->request('POST', 'http://192.168....', Object(GuzzleHttp\Psr7\Stream))
#1 C:\AppServ\www\one-router-panelv\app\Config\AutoRoutes.php(114): Config\RestApi->barang('')
#2 C:\AppServ\www\one-router-panelv\app\Config\Routes.php(57): Config\AutoRoutes->toRoute()
#3 C:\AppServ\www\one-router-panelv\vendor\codeigniter4\framework\system\CodeIgniter.php(803): require('C:\\AppServ\\www\\...')
#4 C:\AppServ\www\one-router-panelv\vendor\codeigniter4\framework\system\CodeIgniter.php(385): CodeIgniter\CodeIgniter->tryToRouteIt(Object(CodeIgniter\Router\RouteCollection))
#5 C:\AppServ\www\one-router-panelv\vendor\codeigniter4\framework\system\CodeIgniter.php(333): CodeIgniter\CodeIgniter->handleRequest(NULL, Object(Config\Cache), false)
#6 C:\AppServ\www\one-router-panelv\public\index.php(44): CodeIgniter\CodeIgniter->run()
#7 C:\AppServ\www\one-router-panelv\vendor\codeigniter4\framework\system\Commands\Server\rewrite.php(45): require_once('C:\\AppServ\\www\\...')
#8 {main}
CRITICAL - 2021-04-01 05:11:44 --> Illegal string offset 'barang'
#0 C:\AppServ\www\one-router-panelv\app\Views\pages\barang\barang.php(32): CodeIgniter\Debug\Exceptions->errorHandler(2, 'Illegal string ...', 'C:\\AppServ\\www\\...', 32, Array)
#1 C:\AppServ\www\one-router-panelv\app\Views\main.php(53): include('C:\\AppServ\\www\\...')
#2 C:\AppServ\www\one-router-panelv\vendor\codeigniter4\framework\system\View\View.php(220): include('C:\\AppServ\\www\\...')
#3 C:\AppServ\www\one-router-panelv\vendor\codeigniter4\framework\system\View\View.php(222): CodeIgniter\View\View->CodeIgniter\View\{closure}()
#4 C:\AppServ\www\one-router-panelv\vendor\codeigniter4\framework\system\Common.php(1217): CodeIgniter\View\View->render('main', Array, true)
#5 C:\AppServ\www\one-router-panelv\app\Config\AutoRoutes.php(172): view('main', Array)
#6 C:\AppServ\www\one-router-panelv\app\Config\AutoRoutes.php(117): Config\AutoRoutes->toRoutesPost()
#7 C:\AppServ\www\one-router-panelv\app\Config\Routes.php(57): Config\AutoRoutes->toRoute()
#8 C:\AppServ\www\one-router-panelv\vendor\codeigniter4\framework\system\CodeIgniter.php(803): require('C:\\AppServ\\www\\...')
#9 C:\AppServ\www\one-router-panelv\vendor\codeigniter4\framework\system\CodeIgniter.php(385): CodeIgniter\CodeIgniter->tryToRouteIt(Object(CodeIgniter\Router\RouteCollection))
#10 C:\AppServ\www\one-router-panelv\vendor\codeigniter4\framework\system\CodeIgniter.php(333): CodeIgniter\CodeIgniter->handleRequest(NULL, Object(Config\Cache), false)
#11 C:\AppServ\www\one-router-panelv\public\index.php(44): CodeIgniter\CodeIgniter->run()
#12 C:\AppServ\www\one-router-panelv\vendor\codeigniter4\framework\system\Commands\Server\rewrite.php(45): require_once('C:\\AppServ\\www\\...')
#13 {main}
CRITICAL - 2021-04-01 05:12:39 --> Illegal string offset 'barang'
#0 C:\AppServ\www\one-router-panelv\app\Views\pages\barang\barang.php(32): CodeIgniter\Debug\Exceptions->errorHandler(2, 'Illegal string ...', 'C:\\AppServ\\www\\...', 32, Array)
#1 C:\AppServ\www\one-router-panelv\app\Views\main.php(53): include('C:\\AppServ\\www\\...')
#2 C:\AppServ\www\one-router-panelv\vendor\codeigniter4\framework\system\View\View.php(220): include('C:\\AppServ\\www\\...')
#3 C:\AppServ\www\one-router-panelv\vendor\codeigniter4\framework\system\View\View.php(222): CodeIgniter\View\View->CodeIgniter\View\{closure}()
#4 C:\AppServ\www\one-router-panelv\vendor\codeigniter4\framework\system\Common.php(1217): CodeIgniter\View\View->render('main', Array, true)
#5 C:\AppServ\www\one-router-panelv\app\Config\AutoRoutes.php(172): view('main', Array)
#6 C:\AppServ\www\one-router-panelv\app\Config\AutoRoutes.php(117): Config\AutoRoutes->toRoutesPost()
#7 C:\AppServ\www\one-router-panelv\app\Config\Routes.php(57): Config\AutoRoutes->toRoute()
#8 C:\AppServ\www\one-router-panelv\vendor\codeigniter4\framework\system\CodeIgniter.php(803): require('C:\\AppServ\\www\\...')
#9 C:\AppServ\www\one-router-panelv\vendor\codeigniter4\framework\system\CodeIgniter.php(385): CodeIgniter\CodeIgniter->tryToRouteIt(Object(CodeIgniter\Router\RouteCollection))
#10 C:\AppServ\www\one-router-panelv\vendor\codeigniter4\framework\system\CodeIgniter.php(333): CodeIgniter\CodeIgniter->handleRequest(NULL, Object(Config\Cache), false)
#11 C:\AppServ\www\one-router-panelv\public\index.php(44): CodeIgniter\CodeIgniter->run()
#12 C:\AppServ\www\one-router-panelv\vendor\codeigniter4\framework\system\Commands\Server\rewrite.php(45): require_once('C:\\AppServ\\www\\...')
#13 {main}
CRITICAL - 2021-04-01 05:14:09 --> Illegal string offset 'barang'
#0 C:\AppServ\www\one-router-panelv\app\Views\pages\barang\barang.php(32): CodeIgniter\Debug\Exceptions->errorHandler(2, 'Illegal string ...', 'C:\\AppServ\\www\\...', 32, Array)
#1 C:\AppServ\www\one-router-panelv\app\Views\main.php(53): include('C:\\AppServ\\www\\...')
#2 C:\AppServ\www\one-router-panelv\vendor\codeigniter4\framework\system\View\View.php(220): include('C:\\AppServ\\www\\...')
#3 C:\AppServ\www\one-router-panelv\vendor\codeigniter4\framework\system\View\View.php(222): CodeIgniter\View\View->CodeIgniter\View\{closure}()
#4 C:\AppServ\www\one-router-panelv\vendor\codeigniter4\framework\system\Common.php(1217): CodeIgniter\View\View->render('main', Array, true)
#5 C:\AppServ\www\one-router-panelv\app\Config\AutoRoutes.php(172): view('main', Array)
#6 C:\AppServ\www\one-router-panelv\app\Config\AutoRoutes.php(117): Config\AutoRoutes->toRoutesPost()
#7 C:\AppServ\www\one-router-panelv\app\Config\Routes.php(57): Config\AutoRoutes->toRoute()
#8 C:\AppServ\www\one-router-panelv\vendor\codeigniter4\framework\system\CodeIgniter.php(803): require('C:\\AppServ\\www\\...')
#9 C:\AppServ\www\one-router-panelv\vendor\codeigniter4\framework\system\CodeIgniter.php(385): CodeIgniter\CodeIgniter->tryToRouteIt(Object(CodeIgniter\Router\RouteCollection))
#10 C:\AppServ\www\one-router-panelv\vendor\codeigniter4\framework\system\CodeIgniter.php(333): CodeIgniter\CodeIgniter->handleRequest(NULL, Object(Config\Cache), false)
#11 C:\AppServ\www\one-router-panelv\public\index.php(44): CodeIgniter\CodeIgniter->run()
#12 C:\AppServ\www\one-router-panelv\vendor\codeigniter4\framework\system\Commands\Server\rewrite.php(45): require_once('C:\\AppServ\\www\\...')
#13 {main}
CRITICAL - 2021-04-01 05:14:27 --> Illegal string offset 'barang'
#0 C:\AppServ\www\one-router-panelv\app\Views\pages\barang\barang.php(32): CodeIgniter\Debug\Exceptions->errorHandler(2, 'Illegal string ...', 'C:\\AppServ\\www\\...', 32, Array)
#1 C:\AppServ\www\one-router-panelv\app\Views\main.php(53): include('C:\\AppServ\\www\\...')
#2 C:\AppServ\www\one-router-panelv\vendor\codeigniter4\framework\system\View\View.php(220): include('C:\\AppServ\\www\\...')
#3 C:\AppServ\www\one-router-panelv\vendor\codeigniter4\framework\system\View\View.php(222): CodeIgniter\View\View->CodeIgniter\View\{closure}()
#4 C:\AppServ\www\one-router-panelv\vendor\codeigniter4\framework\system\Common.php(1217): CodeIgniter\View\View->render('main', Array, true)
#5 C:\AppServ\www\one-router-panelv\app\Config\AutoRoutes.php(172): view('main', Array)
#6 C:\AppServ\www\one-router-panelv\app\Config\AutoRoutes.php(117): Config\AutoRoutes->toRoutesPost()
#7 C:\AppServ\www\one-router-panelv\app\Config\Routes.php(57): Config\AutoRoutes->toRoute()
#8 C:\AppServ\www\one-router-panelv\vendor\codeigniter4\framework\system\CodeIgniter.php(803): require('C:\\AppServ\\www\\...')
#9 C:\AppServ\www\one-router-panelv\vendor\codeigniter4\framework\system\CodeIgniter.php(385): CodeIgniter\CodeIgniter->tryToRouteIt(Object(CodeIgniter\Router\RouteCollection))
#10 C:\AppServ\www\one-router-panelv\vendor\codeigniter4\framework\system\CodeIgniter.php(333): CodeIgniter\CodeIgniter->handleRequest(NULL, Object(Config\Cache), false)
#11 C:\AppServ\www\one-router-panelv\public\index.php(44): CodeIgniter\CodeIgniter->run()
#12 C:\AppServ\www\one-router-panelv\vendor\codeigniter4\framework\system\Commands\Server\rewrite.php(45): require_once('C:\\AppServ\\www\\...')
#13 {main}
CRITICAL - 2021-04-01 05:15:22 --> Illegal string offset 'barang'
#0 C:\AppServ\www\one-router-panelv\app\Views\pages\barang\barang.php(32): CodeIgniter\Debug\Exceptions->errorHandler(2, 'Illegal string ...', 'C:\\AppServ\\www\\...', 32, Array)
#1 C:\AppServ\www\one-router-panelv\app\Views\main.php(53): include('C:\\AppServ\\www\\...')
#2 C:\AppServ\www\one-router-panelv\vendor\codeigniter4\framework\system\View\View.php(220): include('C:\\AppServ\\www\\...')
#3 C:\AppServ\www\one-router-panelv\vendor\codeigniter4\framework\system\View\View.php(222): CodeIgniter\View\View->CodeIgniter\View\{closure}()
#4 C:\AppServ\www\one-router-panelv\vendor\codeigniter4\framework\system\Common.php(1217): CodeIgniter\View\View->render('main', Array, true)
#5 C:\AppServ\www\one-router-panelv\app\Config\AutoRoutes.php(172): view('main', Array)
#6 C:\AppServ\www\one-router-panelv\app\Config\AutoRoutes.php(117): Config\AutoRoutes->toRoutesPost()
#7 C:\AppServ\www\one-router-panelv\app\Config\Routes.php(57): Config\AutoRoutes->toRoute()
#8 C:\AppServ\www\one-router-panelv\vendor\codeigniter4\framework\system\CodeIgniter.php(803): require('C:\\AppServ\\www\\...')
#9 C:\AppServ\www\one-router-panelv\vendor\codeigniter4\framework\system\CodeIgniter.php(385): CodeIgniter\CodeIgniter->tryToRouteIt(Object(CodeIgniter\Router\RouteCollection))
#10 C:\AppServ\www\one-router-panelv\vendor\codeigniter4\framework\system\CodeIgniter.php(333): CodeIgniter\CodeIgniter->handleRequest(NULL, Object(Config\Cache), false)
#11 C:\AppServ\www\one-router-panelv\public\index.php(44): CodeIgniter\CodeIgniter->run()
#12 C:\AppServ\www\one-router-panelv\vendor\codeigniter4\framework\system\Commands\Server\rewrite.php(45): require_once('C:\\AppServ\\www\\...')
#13 {main}
CRITICAL - 2021-04-01 05:16:57 --> Illegal string offset 'barang'
#0 C:\AppServ\www\one-router-panelv\app\Views\pages\barang\barang.php(32): CodeIgniter\Debug\Exceptions->errorHandler(2, 'Illegal string ...', 'C:\\AppServ\\www\\...', 32, Array)
#1 C:\AppServ\www\one-router-panelv\app\Views\main.php(53): include('C:\\AppServ\\www\\...')
#2 C:\AppServ\www\one-router-panelv\vendor\codeigniter4\framework\system\View\View.php(220): include('C:\\AppServ\\www\\...')
#3 C:\AppServ\www\one-router-panelv\vendor\codeigniter4\framework\system\View\View.php(222): CodeIgniter\View\View->CodeIgniter\View\{closure}()
#4 C:\AppServ\www\one-router-panelv\vendor\codeigniter4\framework\system\Common.php(1217): CodeIgniter\View\View->render('main', Array, true)
#5 C:\AppServ\www\one-router-panelv\app\Config\AutoRoutes.php(172): view('main', Array)
#6 C:\AppServ\www\one-router-panelv\app\Config\AutoRoutes.php(117): Config\AutoRoutes->toRoutesPost()
#7 C:\AppServ\www\one-router-panelv\app\Config\Routes.php(57): Config\AutoRoutes->toRoute()
#8 C:\AppServ\www\one-router-panelv\vendor\codeigniter4\framework\system\CodeIgniter.php(803): require('C:\\AppServ\\www\\...')
#9 C:\AppServ\www\one-router-panelv\vendor\codeigniter4\framework\system\CodeIgniter.php(385): CodeIgniter\CodeIgniter->tryToRouteIt(Object(CodeIgniter\Router\RouteCollection))
#10 C:\AppServ\www\one-router-panelv\vendor\codeigniter4\framework\system\CodeIgniter.php(333): CodeIgniter\CodeIgniter->handleRequest(NULL, Object(Config\Cache), false)
#11 C:\AppServ\www\one-router-panelv\public\index.php(44): CodeIgniter\CodeIgniter->run()
#12 C:\AppServ\www\one-router-panelv\vendor\codeigniter4\framework\system\Commands\Server\rewrite.php(45): require_once('C:\\AppServ\\www\\...')
#13 {main}
CRITICAL - 2021-04-01 05:18:29 --> Illegal string offset 'barang'
#0 C:\AppServ\www\one-router-panelv\app\Views\pages\barang\barang.php(32): CodeIgniter\Debug\Exceptions->errorHandler(2, 'Illegal string ...', 'C:\\AppServ\\www\\...', 32, Array)
#1 C:\AppServ\www\one-router-panelv\app\Views\main.php(53): include('C:\\AppServ\\www\\...')
#2 C:\AppServ\www\one-router-panelv\vendor\codeigniter4\framework\system\View\View.php(220): include('C:\\AppServ\\www\\...')
#3 C:\AppServ\www\one-router-panelv\vendor\codeigniter4\framework\system\View\View.php(222): CodeIgniter\View\View->CodeIgniter\View\{closure}()
#4 C:\AppServ\www\one-router-panelv\vendor\codeigniter4\framework\system\Common.php(1217): CodeIgniter\View\View->render('main', Array, true)
#5 C:\AppServ\www\one-router-panelv\app\Config\AutoRoutes.php(172): view('main', Array)
#6 C:\AppServ\www\one-router-panelv\app\Config\AutoRoutes.php(117): Config\AutoRoutes->toRoutesPost()
#7 C:\AppServ\www\one-router-panelv\app\Config\Routes.php(57): Config\AutoRoutes->toRoute()
#8 C:\AppServ\www\one-router-panelv\vendor\codeigniter4\framework\system\CodeIgniter.php(803): require('C:\\AppServ\\www\\...')
#9 C:\AppServ\www\one-router-panelv\vendor\codeigniter4\framework\system\CodeIgniter.php(385): CodeIgniter\CodeIgniter->tryToRouteIt(Object(CodeIgniter\Router\RouteCollection))
#10 C:\AppServ\www\one-router-panelv\vendor\codeigniter4\framework\system\CodeIgniter.php(333): CodeIgniter\CodeIgniter->handleRequest(NULL, Object(Config\Cache), false)
#11 C:\AppServ\www\one-router-panelv\public\index.php(44): CodeIgniter\CodeIgniter->run()
#12 C:\AppServ\www\one-router-panelv\vendor\codeigniter4\framework\system\Commands\Server\rewrite.php(45): require_once('C:\\AppServ\\www\\...')
#13 {main}
CRITICAL - 2021-04-01 05:19:28 --> Illegal string offset 'barang'
#0 C:\AppServ\www\one-router-panelv\app\Views\pages\barang\barang.php(32): CodeIgniter\Debug\Exceptions->errorHandler(2, 'Illegal string ...', 'C:\\AppServ\\www\\...', 32, Array)
#1 C:\AppServ\www\one-router-panelv\app\Views\main.php(53): include('C:\\AppServ\\www\\...')
#2 C:\AppServ\www\one-router-panelv\vendor\codeigniter4\framework\system\View\View.php(220): include('C:\\AppServ\\www\\...')
#3 C:\AppServ\www\one-router-panelv\vendor\codeigniter4\framework\system\View\View.php(222): CodeIgniter\View\View->CodeIgniter\View\{closure}()
#4 C:\AppServ\www\one-router-panelv\vendor\codeigniter4\framework\system\Common.php(1217): CodeIgniter\View\View->render('main', Array, true)
#5 C:\AppServ\www\one-router-panelv\app\Config\AutoRoutes.php(172): view('main', Array)
#6 C:\AppServ\www\one-router-panelv\app\Config\AutoRoutes.php(117): Config\AutoRoutes->toRoutesPost()
#7 C:\AppServ\www\one-router-panelv\app\Config\Routes.php(57): Config\AutoRoutes->toRoute()
#8 C:\AppServ\www\one-router-panelv\vendor\codeigniter4\framework\system\CodeIgniter.php(803): require('C:\\AppServ\\www\\...')
#9 C:\AppServ\www\one-router-panelv\vendor\codeigniter4\framework\system\CodeIgniter.php(385): CodeIgniter\CodeIgniter->tryToRouteIt(Object(CodeIgniter\Router\RouteCollection))
#10 C:\AppServ\www\one-router-panelv\vendor\codeigniter4\framework\system\CodeIgniter.php(333): CodeIgniter\CodeIgniter->handleRequest(NULL, Object(Config\Cache), false)
#11 C:\AppServ\www\one-router-panelv\public\index.php(44): CodeIgniter\CodeIgniter->run()
#12 C:\AppServ\www\one-router-panelv\vendor\codeigniter4\framework\system\Commands\Server\rewrite.php(45): require_once('C:\\AppServ\\www\\...')
#13 {main}
CRITICAL - 2021-04-01 05:20:31 --> Illegal string offset 'barang'
#0 C:\AppServ\www\one-router-panelv\app\Views\pages\barang\barang.php(32): CodeIgniter\Debug\Exceptions->errorHandler(2, 'Illegal string ...', 'C:\\AppServ\\www\\...', 32, Array)
#1 C:\AppServ\www\one-router-panelv\app\Views\main.php(53): include('C:\\AppServ\\www\\...')
#2 C:\AppServ\www\one-router-panelv\vendor\codeigniter4\framework\system\View\View.php(220): include('C:\\AppServ\\www\\...')
#3 C:\AppServ\www\one-router-panelv\vendor\codeigniter4\framework\system\View\View.php(222): CodeIgniter\View\View->CodeIgniter\View\{closure}()
#4 C:\AppServ\www\one-router-panelv\vendor\codeigniter4\framework\system\Common.php(1217): CodeIgniter\View\View->render('main', Array, true)
#5 C:\AppServ\www\one-router-panelv\app\Config\AutoRoutes.php(172): view('main', Array)
#6 C:\AppServ\www\one-router-panelv\app\Config\AutoRoutes.php(117): Config\AutoRoutes->toRoutesPost()
#7 C:\AppServ\www\one-router-panelv\app\Config\Routes.php(57): Config\AutoRoutes->toRoute()
#8 C:\AppServ\www\one-router-panelv\vendor\codeigniter4\framework\system\CodeIgniter.php(803): require('C:\\AppServ\\www\\...')
#9 C:\AppServ\www\one-router-panelv\vendor\codeigniter4\framework\system\CodeIgniter.php(385): CodeIgniter\CodeIgniter->tryToRouteIt(Object(CodeIgniter\Router\RouteCollection))
#10 C:\AppServ\www\one-router-panelv\vendor\codeigniter4\framework\system\CodeIgniter.php(333): CodeIgniter\CodeIgniter->handleRequest(NULL, Object(Config\Cache), false)
#11 C:\AppServ\www\one-router-panelv\public\index.php(44): CodeIgniter\CodeIgniter->run()
#12 C:\AppServ\www\one-router-panelv\vendor\codeigniter4\framework\system\Commands\Server\rewrite.php(45): require_once('C:\\AppServ\\www\\...')
#13 {main}
CRITICAL - 2021-04-01 05:21:37 --> Illegal string offset 'barang'
#0 C:\AppServ\www\one-router-panelv\app\Views\pages\barang\barang.php(32): CodeIgniter\Debug\Exceptions->errorHandler(2, 'Illegal string ...', 'C:\\AppServ\\www\\...', 32, Array)
#1 C:\AppServ\www\one-router-panelv\app\Views\main.php(53): include('C:\\AppServ\\www\\...')
#2 C:\AppServ\www\one-router-panelv\vendor\codeigniter4\framework\system\View\View.php(220): include('C:\\AppServ\\www\\...')
#3 C:\AppServ\www\one-router-panelv\vendor\codeigniter4\framework\system\View\View.php(222): CodeIgniter\View\View->CodeIgniter\View\{closure}()
#4 C:\AppServ\www\one-router-panelv\vendor\codeigniter4\framework\system\Common.php(1217): CodeIgniter\View\View->render('main', Array, true)
#5 C:\AppServ\www\one-router-panelv\app\Config\AutoRoutes.php(172): view('main', Array)
#6 C:\AppServ\www\one-router-panelv\app\Config\AutoRoutes.php(117): Config\AutoRoutes->toRoutesPost()
#7 C:\AppServ\www\one-router-panelv\app\Config\Routes.php(57): Config\AutoRoutes->toRoute()
#8 C:\AppServ\www\one-router-panelv\vendor\codeigniter4\framework\system\CodeIgniter.php(803): require('C:\\AppServ\\www\\...')
#9 C:\AppServ\www\one-router-panelv\vendor\codeigniter4\framework\system\CodeIgniter.php(385): CodeIgniter\CodeIgniter->tryToRouteIt(Object(CodeIgniter\Router\RouteCollection))
#10 C:\AppServ\www\one-router-panelv\vendor\codeigniter4\framework\system\CodeIgniter.php(333): CodeIgniter\CodeIgniter->handleRequest(NULL, Object(Config\Cache), false)
#11 C:\AppServ\www\one-router-panelv\public\index.php(44): CodeIgniter\CodeIgniter->run()
#12 C:\AppServ\www\one-router-panelv\vendor\codeigniter4\framework\system\Commands\Server\rewrite.php(45): require_once('C:\\AppServ\\www\\...')
#13 {main}
CRITICAL - 2021-04-01 05:22:52 --> Illegal string offset 'barang'
#0 C:\AppServ\www\one-router-panelv\app\Views\pages\barang\barang.php(32): CodeIgniter\Debug\Exceptions->errorHandler(2, 'Illegal string ...', 'C:\\AppServ\\www\\...', 32, Array)
#1 C:\AppServ\www\one-router-panelv\app\Views\main.php(53): include('C:\\AppServ\\www\\...')
#2 C:\AppServ\www\one-router-panelv\vendor\codeigniter4\framework\system\View\View.php(220): include('C:\\AppServ\\www\\...')
#3 C:\AppServ\www\one-router-panelv\vendor\codeigniter4\framework\system\View\View.php(222): CodeIgniter\View\View->CodeIgniter\View\{closure}()
#4 C:\AppServ\www\one-router-panelv\vendor\codeigniter4\framework\system\Common.php(1217): CodeIgniter\View\View->render('main', Array, true)
#5 C:\AppServ\www\one-router-panelv\app\Config\AutoRoutes.php(172): view('main', Array)
#6 C:\AppServ\www\one-router-panelv\app\Config\AutoRoutes.php(117): Config\AutoRoutes->toRoutesPost()
#7 C:\AppServ\www\one-router-panelv\app\Config\Routes.php(57): Config\AutoRoutes->toRoute()
#8 C:\AppServ\www\one-router-panelv\vendor\codeigniter4\framework\system\CodeIgniter.php(803): require('C:\\AppServ\\www\\...')
#9 C:\AppServ\www\one-router-panelv\vendor\codeigniter4\framework\system\CodeIgniter.php(385): CodeIgniter\CodeIgniter->tryToRouteIt(Object(CodeIgniter\Router\RouteCollection))
#10 C:\AppServ\www\one-router-panelv\vendor\codeigniter4\framework\system\CodeIgniter.php(333): CodeIgniter\CodeIgniter->handleRequest(NULL, Object(Config\Cache), false)
#11 C:\AppServ\www\one-router-panelv\public\index.php(44): CodeIgniter\CodeIgniter->run()
#12 C:\AppServ\www\one-router-panelv\vendor\codeigniter4\framework\system\Commands\Server\rewrite.php(45): require_once('C:\\AppServ\\www\\...')
#13 {main}
CRITICAL - 2021-04-01 05:23:53 --> Illegal string offset 'barang'
#0 C:\AppServ\www\one-router-panelv\app\Views\pages\barang\barang.php(32): CodeIgniter\Debug\Exceptions->errorHandler(2, 'Illegal string ...', 'C:\\AppServ\\www\\...', 32, Array)
#1 C:\AppServ\www\one-router-panelv\app\Views\main.php(53): include('C:\\AppServ\\www\\...')
#2 C:\AppServ\www\one-router-panelv\vendor\codeigniter4\framework\system\View\View.php(220): include('C:\\AppServ\\www\\...')
#3 C:\AppServ\www\one-router-panelv\vendor\codeigniter4\framework\system\View\View.php(222): CodeIgniter\View\View->CodeIgniter\View\{closure}()
#4 C:\AppServ\www\one-router-panelv\vendor\codeigniter4\framework\system\Common.php(1217): CodeIgniter\View\View->render('main', Array, true)
#5 C:\AppServ\www\one-router-panelv\app\Config\AutoRoutes.php(172): view('main', Array)
#6 C:\AppServ\www\one-router-panelv\app\Config\AutoRoutes.php(117): Config\AutoRoutes->toRoutesPost()
#7 C:\AppServ\www\one-router-panelv\app\Config\Routes.php(57): Config\AutoRoutes->toRoute()
#8 C:\AppServ\www\one-router-panelv\vendor\codeigniter4\framework\system\CodeIgniter.php(803): require('C:\\AppServ\\www\\...')
#9 C:\AppServ\www\one-router-panelv\vendor\codeigniter4\framework\system\CodeIgniter.php(385): CodeIgniter\CodeIgniter->tryToRouteIt(Object(CodeIgniter\Router\RouteCollection))
#10 C:\AppServ\www\one-router-panelv\vendor\codeigniter4\framework\system\CodeIgniter.php(333): CodeIgniter\CodeIgniter->handleRequest(NULL, Object(Config\Cache), false)
#11 C:\AppServ\www\one-router-panelv\public\index.php(44): CodeIgniter\CodeIgniter->run()
#12 C:\AppServ\www\one-router-panelv\vendor\codeigniter4\framework\system\Commands\Server\rewrite.php(45): require_once('C:\\AppServ\\www\\...')
#13 {main}
CRITICAL - 2021-04-01 05:24:51 --> Illegal string offset 'barang'
#0 C:\AppServ\www\one-router-panelv\app\Views\pages\barang\barang.php(32): CodeIgniter\Debug\Exceptions->errorHandler(2, 'Illegal string ...', 'C:\\AppServ\\www\\...', 32, Array)
#1 C:\AppServ\www\one-router-panelv\app\Views\main.php(53): include('C:\\AppServ\\www\\...')
#2 C:\AppServ\www\one-router-panelv\vendor\codeigniter4\framework\system\View\View.php(220): include('C:\\AppServ\\www\\...')
#3 C:\AppServ\www\one-router-panelv\vendor\codeigniter4\framework\system\View\View.php(222): CodeIgniter\View\View->CodeIgniter\View\{closure}()
#4 C:\AppServ\www\one-router-panelv\vendor\codeigniter4\framework\system\Common.php(1217): CodeIgniter\View\View->render('main', Array, true)
#5 C:\AppServ\www\one-router-panelv\app\Config\AutoRoutes.php(172): view('main', Array)
#6 C:\AppServ\www\one-router-panelv\app\Config\AutoRoutes.php(117): Config\AutoRoutes->toRoutesPost()
#7 C:\AppServ\www\one-router-panelv\app\Config\Routes.php(57): Config\AutoRoutes->toRoute()
#8 C:\AppServ\www\one-router-panelv\vendor\codeigniter4\framework\system\CodeIgniter.php(803): require('C:\\AppServ\\www\\...')
#9 C:\AppServ\www\one-router-panelv\vendor\codeigniter4\framework\system\CodeIgniter.php(385): CodeIgniter\CodeIgniter->tryToRouteIt(Object(CodeIgniter\Router\RouteCollection))
#10 C:\AppServ\www\one-router-panelv\vendor\codeigniter4\framework\system\CodeIgniter.php(333): CodeIgniter\CodeIgniter->handleRequest(NULL, Object(Config\Cache), false)
#11 C:\AppServ\www\one-router-panelv\public\index.php(44): CodeIgniter\CodeIgniter->run()
#12 C:\AppServ\www\one-router-panelv\vendor\codeigniter4\framework\system\Commands\Server\rewrite.php(45): require_once('C:\\AppServ\\www\\...')
#13 {main}
CRITICAL - 2021-04-01 05:25:15 --> Illegal string offset 'barang'
#0 C:\AppServ\www\one-router-panelv\app\Views\pages\barang\barang.php(32): CodeIgniter\Debug\Exceptions->errorHandler(2, 'Illegal string ...', 'C:\\AppServ\\www\\...', 32, Array)
#1 C:\AppServ\www\one-router-panelv\app\Views\main.php(53): include('C:\\AppServ\\www\\...')
#2 C:\AppServ\www\one-router-panelv\vendor\codeigniter4\framework\system\View\View.php(220): include('C:\\AppServ\\www\\...')
#3 C:\AppServ\www\one-router-panelv\vendor\codeigniter4\framework\system\View\View.php(222): CodeIgniter\View\View->CodeIgniter\View\{closure}()
#4 C:\AppServ\www\one-router-panelv\vendor\codeigniter4\framework\system\Common.php(1217): CodeIgniter\View\View->render('main', Array, true)
#5 C:\AppServ\www\one-router-panelv\app\Config\AutoRoutes.php(172): view('main', Array)
#6 C:\AppServ\www\one-router-panelv\app\Config\AutoRoutes.php(117): Config\AutoRoutes->toRoutesPost()
#7 C:\AppServ\www\one-router-panelv\app\Config\Routes.php(57): Config\AutoRoutes->toRoute()
#8 C:\AppServ\www\one-router-panelv\vendor\codeigniter4\framework\system\CodeIgniter.php(803): require('C:\\AppServ\\www\\...')
#9 C:\AppServ\www\one-router-panelv\vendor\codeigniter4\framework\system\CodeIgniter.php(385): CodeIgniter\CodeIgniter->tryToRouteIt(Object(CodeIgniter\Router\RouteCollection))
#10 C:\AppServ\www\one-router-panelv\vendor\codeigniter4\framework\system\CodeIgniter.php(333): CodeIgniter\CodeIgniter->handleRequest(NULL, Object(Config\Cache), false)
#11 C:\AppServ\www\one-router-panelv\public\index.php(44): CodeIgniter\CodeIgniter->run()
#12 C:\AppServ\www\one-router-panelv\vendor\codeigniter4\framework\system\Commands\Server\rewrite.php(45): require_once('C:\\AppServ\\www\\...')
#13 {main}
CRITICAL - 2021-04-01 05:25:58 --> Illegal string offset 'barang'
#0 C:\AppServ\www\one-router-panelv\app\Views\pages\barang\barang.php(32): CodeIgniter\Debug\Exceptions->errorHandler(2, 'Illegal string ...', 'C:\\AppServ\\www\\...', 32, Array)
#1 C:\AppServ\www\one-router-panelv\app\Views\main.php(53): include('C:\\AppServ\\www\\...')
#2 C:\AppServ\www\one-router-panelv\vendor\codeigniter4\framework\system\View\View.php(220): include('C:\\AppServ\\www\\...')
#3 C:\AppServ\www\one-router-panelv\vendor\codeigniter4\framework\system\View\View.php(222): CodeIgniter\View\View->CodeIgniter\View\{closure}()
#4 C:\AppServ\www\one-router-panelv\vendor\codeigniter4\framework\system\Common.php(1217): CodeIgniter\View\View->render('main', Array, true)
#5 C:\AppServ\www\one-router-panelv\app\Config\AutoRoutes.php(172): view('main', Array)
#6 C:\AppServ\www\one-router-panelv\app\Config\AutoRoutes.php(117): Config\AutoRoutes->toRoutesPost()
#7 C:\AppServ\www\one-router-panelv\app\Config\Routes.php(57): Config\AutoRoutes->toRoute()
#8 C:\AppServ\www\one-router-panelv\vendor\codeigniter4\framework\system\CodeIgniter.php(803): require('C:\\AppServ\\www\\...')
#9 C:\AppServ\www\one-router-panelv\vendor\codeigniter4\framework\system\CodeIgniter.php(385): CodeIgniter\CodeIgniter->tryToRouteIt(Object(CodeIgniter\Router\RouteCollection))
#10 C:\AppServ\www\one-router-panelv\vendor\codeigniter4\framework\system\CodeIgniter.php(333): CodeIgniter\CodeIgniter->handleRequest(NULL, Object(Config\Cache), false)
#11 C:\AppServ\www\one-router-panelv\public\index.php(44): CodeIgniter\CodeIgniter->run()
#12 C:\AppServ\www\one-router-panelv\vendor\codeigniter4\framework\system\Commands\Server\rewrite.php(45): require_once('C:\\AppServ\\www\\...')
#13 {main}
CRITICAL - 2021-04-01 05:26:13 --> Illegal string offset 'barang'
#0 C:\AppServ\www\one-router-panelv\app\Views\pages\barang\barang.php(32): CodeIgniter\Debug\Exceptions->errorHandler(2, 'Illegal string ...', 'C:\\AppServ\\www\\...', 32, Array)
#1 C:\AppServ\www\one-router-panelv\app\Views\main.php(53): include('C:\\AppServ\\www\\...')
#2 C:\AppServ\www\one-router-panelv\vendor\codeigniter4\framework\system\View\View.php(220): include('C:\\AppServ\\www\\...')
#3 C:\AppServ\www\one-router-panelv\vendor\codeigniter4\framework\system\View\View.php(222): CodeIgniter\View\View->CodeIgniter\View\{closure}()
#4 C:\AppServ\www\one-router-panelv\vendor\codeigniter4\framework\system\Common.php(1217): CodeIgniter\View\View->render('main', Array, true)
#5 C:\AppServ\www\one-router-panelv\app\Config\AutoRoutes.php(172): view('main', Array)
#6 C:\AppServ\www\one-router-panelv\app\Config\AutoRoutes.php(117): Config\AutoRoutes->toRoutesPost()
#7 C:\AppServ\www\one-router-panelv\app\Config\Routes.php(57): Config\AutoRoutes->toRoute()
#8 C:\AppServ\www\one-router-panelv\vendor\codeigniter4\framework\system\CodeIgniter.php(803): require('C:\\AppServ\\www\\...')
#9 C:\AppServ\www\one-router-panelv\vendor\codeigniter4\framework\system\CodeIgniter.php(385): CodeIgniter\CodeIgniter->tryToRouteIt(Object(CodeIgniter\Router\RouteCollection))
#10 C:\AppServ\www\one-router-panelv\vendor\codeigniter4\framework\system\CodeIgniter.php(333): CodeIgniter\CodeIgniter->handleRequest(NULL, Object(Config\Cache), false)
#11 C:\AppServ\www\one-router-panelv\public\index.php(44): CodeIgniter\CodeIgniter->run()
#12 C:\AppServ\www\one-router-panelv\vendor\codeigniter4\framework\system\Commands\Server\rewrite.php(45): require_once('C:\\AppServ\\www\\...')
#13 {main}
CRITICAL - 2021-04-01 05:28:12 --> Illegal string offset 'barang'
#0 C:\AppServ\www\one-router-panelv\app\Views\pages\barang\barang.php(32): CodeIgniter\Debug\Exceptions->errorHandler(2, 'Illegal string ...', 'C:\\AppServ\\www\\...', 32, Array)
#1 C:\AppServ\www\one-router-panelv\app\Views\main.php(53): include('C:\\AppServ\\www\\...')
#2 C:\AppServ\www\one-router-panelv\vendor\codeigniter4\framework\system\View\View.php(220): include('C:\\AppServ\\www\\...')
#3 C:\AppServ\www\one-router-panelv\vendor\codeigniter4\framework\system\View\View.php(222): CodeIgniter\View\View->CodeIgniter\View\{closure}()
#4 C:\AppServ\www\one-router-panelv\vendor\codeigniter4\framework\system\Common.php(1217): CodeIgniter\View\View->render('main', Array, true)
#5 C:\AppServ\www\one-router-panelv\app\Config\AutoRoutes.php(172): view('main', Array)
#6 C:\AppServ\www\one-router-panelv\app\Config\AutoRoutes.php(117): Config\AutoRoutes->toRoutesPost()
#7 C:\AppServ\www\one-router-panelv\app\Config\Routes.php(57): Config\AutoRoutes->toRoute()
#8 C:\AppServ\www\one-router-panelv\vendor\codeigniter4\framework\system\CodeIgniter.php(803): require('C:\\AppServ\\www\\...')
#9 C:\AppServ\www\one-router-panelv\vendor\codeigniter4\framework\system\CodeIgniter.php(385): CodeIgniter\CodeIgniter->tryToRouteIt(Object(CodeIgniter\Router\RouteCollection))
#10 C:\AppServ\www\one-router-panelv\vendor\codeigniter4\framework\system\CodeIgniter.php(333): CodeIgniter\CodeIgniter->handleRequest(NULL, Object(Config\Cache), false)
#11 C:\AppServ\www\one-router-panelv\public\index.php(44): CodeIgniter\CodeIgniter->run()
#12 C:\AppServ\www\one-router-panelv\vendor\codeigniter4\framework\system\Commands\Server\rewrite.php(45): require_once('C:\\AppServ\\www\\...')
#13 {main}
CRITICAL - 2021-04-01 05:29:33 --> Illegal string offset 'barang'
#0 C:\AppServ\www\one-router-panelv\app\Views\pages\barang\barang.php(32): CodeIgniter\Debug\Exceptions->errorHandler(2, 'Illegal string ...', 'C:\\AppServ\\www\\...', 32, Array)
#1 C:\AppServ\www\one-router-panelv\app\Views\main.php(53): include('C:\\AppServ\\www\\...')
#2 C:\AppServ\www\one-router-panelv\vendor\codeigniter4\framework\system\View\View.php(220): include('C:\\AppServ\\www\\...')
#3 C:\AppServ\www\one-router-panelv\vendor\codeigniter4\framework\system\View\View.php(222): CodeIgniter\View\View->CodeIgniter\View\{closure}()
#4 C:\AppServ\www\one-router-panelv\vendor\codeigniter4\framework\system\Common.php(1217): CodeIgniter\View\View->render('main', Array, true)
#5 C:\AppServ\www\one-router-panelv\app\Config\AutoRoutes.php(172): view('main', Array)
#6 C:\AppServ\www\one-router-panelv\app\Config\AutoRoutes.php(117): Config\AutoRoutes->toRoutesPost()
#7 C:\AppServ\www\one-router-panelv\app\Config\Routes.php(57): Config\AutoRoutes->toRoute()
#8 C:\AppServ\www\one-router-panelv\vendor\codeigniter4\framework\system\CodeIgniter.php(803): require('C:\\AppServ\\www\\...')
#9 C:\AppServ\www\one-router-panelv\vendor\codeigniter4\framework\system\CodeIgniter.php(385): CodeIgniter\CodeIgniter->tryToRouteIt(Object(CodeIgniter\Router\RouteCollection))
#10 C:\AppServ\www\one-router-panelv\vendor\codeigniter4\framework\system\CodeIgniter.php(333): CodeIgniter\CodeIgniter->handleRequest(NULL, Object(Config\Cache), false)
#11 C:\AppServ\www\one-router-panelv\public\index.php(44): CodeIgniter\CodeIgniter->run()
#12 C:\AppServ\www\one-router-panelv\vendor\codeigniter4\framework\system\Commands\Server\rewrite.php(45): require_once('C:\\AppServ\\www\\...')
#13 {main}
CRITICAL - 2021-04-01 05:31:42 --> Illegal string offset 'barang'
#0 C:\AppServ\www\one-router-panelv\app\Views\pages\barang\barang.php(32): CodeIgniter\Debug\Exceptions->errorHandler(2, 'Illegal string ...', 'C:\\AppServ\\www\\...', 32, Array)
#1 C:\AppServ\www\one-router-panelv\app\Views\main.php(53): include('C:\\AppServ\\www\\...')
#2 C:\AppServ\www\one-router-panelv\vendor\codeigniter4\framework\system\View\View.php(220): include('C:\\AppServ\\www\\...')
#3 C:\AppServ\www\one-router-panelv\vendor\codeigniter4\framework\system\View\View.php(222): CodeIgniter\View\View->CodeIgniter\View\{closure}()
#4 C:\AppServ\www\one-router-panelv\vendor\codeigniter4\framework\system\Common.php(1217): CodeIgniter\View\View->render('main', Array, true)
#5 C:\AppServ\www\one-router-panelv\app\Config\AutoRoutes.php(172): view('main', Array)
#6 C:\AppServ\www\one-router-panelv\app\Config\AutoRoutes.php(117): Config\AutoRoutes->toRoutesPost()
#7 C:\AppServ\www\one-router-panelv\app\Config\Routes.php(57): Config\AutoRoutes->toRoute()
#8 C:\AppServ\www\one-router-panelv\vendor\codeigniter4\framework\system\CodeIgniter.php(803): require('C:\\AppServ\\www\\...')
#9 C:\AppServ\www\one-router-panelv\vendor\codeigniter4\framework\system\CodeIgniter.php(385): CodeIgniter\CodeIgniter->tryToRouteIt(Object(CodeIgniter\Router\RouteCollection))
#10 C:\AppServ\www\one-router-panelv\vendor\codeigniter4\framework\system\CodeIgniter.php(333): CodeIgniter\CodeIgniter->handleRequest(NULL, Object(Config\Cache), false)
#11 C:\AppServ\www\one-router-panelv\public\index.php(44): CodeIgniter\CodeIgniter->run()
#12 C:\AppServ\www\one-router-panelv\vendor\codeigniter4\framework\system\Commands\Server\rewrite.php(45): require_once('C:\\AppServ\\www\\...')
#13 {main}
CRITICAL - 2021-04-01 05:32:29 --> Illegal string offset 'barang'
#0 C:\AppServ\www\one-router-panelv\app\Views\pages\barang\barang.php(32): CodeIgniter\Debug\Exceptions->errorHandler(2, 'Illegal string ...', 'C:\\AppServ\\www\\...', 32, Array)
#1 C:\AppServ\www\one-router-panelv\app\Views\main.php(53): include('C:\\AppServ\\www\\...')
#2 C:\AppServ\www\one-router-panelv\vendor\codeigniter4\framework\system\View\View.php(220): include('C:\\AppServ\\www\\...')
#3 C:\AppServ\www\one-router-panelv\vendor\codeigniter4\framework\system\View\View.php(222): CodeIgniter\View\View->CodeIgniter\View\{closure}()
#4 C:\AppServ\www\one-router-panelv\vendor\codeigniter4\framework\system\Common.php(1217): CodeIgniter\View\View->render('main', Array, true)
#5 C:\AppServ\www\one-router-panelv\app\Config\AutoRoutes.php(172): view('main', Array)
#6 C:\AppServ\www\one-router-panelv\app\Config\AutoRoutes.php(117): Config\AutoRoutes->toRoutesPost()
#7 C:\AppServ\www\one-router-panelv\app\Config\Routes.php(57): Config\AutoRoutes->toRoute()
#8 C:\AppServ\www\one-router-panelv\vendor\codeigniter4\framework\system\CodeIgniter.php(803): require('C:\\AppServ\\www\\...')
#9 C:\AppServ\www\one-router-panelv\vendor\codeigniter4\framework\system\CodeIgniter.php(385): CodeIgniter\CodeIgniter->tryToRouteIt(Object(CodeIgniter\Router\RouteCollection))
#10 C:\AppServ\www\one-router-panelv\vendor\codeigniter4\framework\system\CodeIgniter.php(333): CodeIgniter\CodeIgniter->handleRequest(NULL, Object(Config\Cache), false)
#11 C:\AppServ\www\one-router-panelv\public\index.php(44): CodeIgniter\CodeIgniter->run()
#12 C:\AppServ\www\one-router-panelv\vendor\codeigniter4\framework\system\Commands\Server\rewrite.php(45): require_once('C:\\AppServ\\www\\...')
#13 {main}
CRITICAL - 2021-04-01 05:33:38 --> Illegal string offset 'barang'
#0 C:\AppServ\www\one-router-panelv\app\Views\pages\barang\barang.php(32): CodeIgniter\Debug\Exceptions->errorHandler(2, 'Illegal string ...', 'C:\\AppServ\\www\\...', 32, Array)
#1 C:\AppServ\www\one-router-panelv\app\Views\main.php(53): include('C:\\AppServ\\www\\...')
#2 C:\AppServ\www\one-router-panelv\vendor\codeigniter4\framework\system\View\View.php(220): include('C:\\AppServ\\www\\...')
#3 C:\AppServ\www\one-router-panelv\vendor\codeigniter4\framework\system\View\View.php(222): CodeIgniter\View\View->CodeIgniter\View\{closure}()
#4 C:\AppServ\www\one-router-panelv\vendor\codeigniter4\framework\system\Common.php(1217): CodeIgniter\View\View->render('main', Array, true)
#5 C:\AppServ\www\one-router-panelv\app\Config\AutoRoutes.php(172): view('main', Array)
#6 C:\AppServ\www\one-router-panelv\app\Config\AutoRoutes.php(117): Config\AutoRoutes->toRoutesPost()
#7 C:\AppServ\www\one-router-panelv\app\Config\Routes.php(57): Config\AutoRoutes->toRoute()
#8 C:\AppServ\www\one-router-panelv\vendor\codeigniter4\framework\system\CodeIgniter.php(803): require('C:\\AppServ\\www\\...')
#9 C:\AppServ\www\one-router-panelv\vendor\codeigniter4\framework\system\CodeIgniter.php(385): CodeIgniter\CodeIgniter->tryToRouteIt(Object(CodeIgniter\Router\RouteCollection))
#10 C:\AppServ\www\one-router-panelv\vendor\codeigniter4\framework\system\CodeIgniter.php(333): CodeIgniter\CodeIgniter->handleRequest(NULL, Object(Config\Cache), false)
#11 C:\AppServ\www\one-router-panelv\public\index.php(44): CodeIgniter\CodeIgniter->run()
#12 C:\AppServ\www\one-router-panelv\vendor\codeigniter4\framework\system\Commands\Server\rewrite.php(45): require_once('C:\\AppServ\\www\\...')
#13 {main}
CRITICAL - 2021-04-01 05:51:15 --> Maximum execution time of 60 seconds exceeded
#0 [internal function]: CodeIgniter\Debug\Exceptions->shutdownHandler()
#1 {main}
CRITICAL - 2021-04-01 22:37:00 --> syntax error, unexpected '$this' (T_VARIABLE)
#0 C:\AppServ\www\one-router-panelv\vendor\codeigniter4\framework\system\Autoloader\Autoloader.php(265): CodeIgniter\Autoloader\Autoloader->includeFile('C:\\AppServ\\www\\...')
#1 C:\AppServ\www\one-router-panelv\vendor\codeigniter4\framework\system\Autoloader\Autoloader.php(228): CodeIgniter\Autoloader\Autoloader->loadInNamespace('Config\\AutoRout...')
#2 [internal function]: CodeIgniter\Autoloader\Autoloader->loadClass('Config\\AutoRout...')
#3 C:\AppServ\www\one-router-panelv\app\Config\Routes.php(56): spl_autoload_call('Config\\AutoRout...')
#4 C:\AppServ\www\one-router-panelv\vendor\codeigniter4\framework\system\CodeIgniter.php(803): require('C:\\AppServ\\www\\...')
#5 C:\AppServ\www\one-router-panelv\vendor\codeigniter4\framework\system\CodeIgniter.php(385): CodeIgniter\CodeIgniter->tryToRouteIt(Object(CodeIgniter\Router\RouteCollection))
#6 C:\AppServ\www\one-router-panelv\vendor\codeigniter4\framework\system\CodeIgniter.php(333): CodeIgniter\CodeIgniter->handleRequest(NULL, Object(Config\Cache), false)
#7 C:\AppServ\www\one-router-panelv\public\index.php(44): CodeIgniter\CodeIgniter->run()
#8 C:\AppServ\www\one-router-panelv\vendor\codeigniter4\framework\system\Commands\Server\rewrite.php(45): require_once('C:\\AppServ\\www\\...')
#9 {main}
CRITICAL - 2021-04-01 22:46:53 --> Use of undefined constant base_url - assumed 'base_url' (this will throw an Error in a future version of PHP)
#0 C:\AppServ\www\one-router-panelv\app\Views\pages\barang\barang.php(11): CodeIgniter\Debug\Exceptions->errorHandler(2, 'Use of undefine...', 'C:\\AppServ\\www\\...', 11, Array)
#1 C:\AppServ\www\one-router-panelv\app\Views\main.php(53): include('C:\\AppServ\\www\\...')
#2 C:\AppServ\www\one-router-panelv\vendor\codeigniter4\framework\system\View\View.php(220): include('C:\\AppServ\\www\\...')
#3 C:\AppServ\www\one-router-panelv\vendor\codeigniter4\framework\system\View\View.php(222): CodeIgniter\View\View->CodeIgniter\View\{closure}()
#4 C:\AppServ\www\one-router-panelv\vendor\codeigniter4\framework\system\Common.php(1217): CodeIgniter\View\View->render('main', Array, true)
#5 C:\AppServ\www\one-router-panelv\app\Config\AutoRoutes.php(174): view('main', Array)
#6 C:\AppServ\www\one-router-panelv\app\Config\AutoRoutes.php(119): Config\AutoRoutes->toRoutesPost()
#7 C:\AppServ\www\one-router-panelv\app\Config\Routes.php(57): Config\AutoRoutes->toRoute()
#8 C:\AppServ\www\one-router-panelv\vendor\codeigniter4\framework\system\CodeIgniter.php(803): require('C:\\AppServ\\www\\...')
#9 C:\AppServ\www\one-router-panelv\vendor\codeigniter4\framework\system\CodeIgniter.php(385): CodeIgniter\CodeIgniter->tryToRouteIt(Object(CodeIgniter\Router\RouteCollection))
#10 C:\AppServ\www\one-router-panelv\vendor\codeigniter4\framework\system\CodeIgniter.php(333): CodeIgniter\CodeIgniter->handleRequest(NULL, Object(Config\Cache), false)
#11 C:\AppServ\www\one-router-panelv\public\index.php(44): CodeIgniter\CodeIgniter->run()
#12 C:\AppServ\www\one-router-panelv\vendor\codeigniter4\framework\system\Commands\Server\rewrite.php(45): require_once('C:\\AppServ\\www\\...')
#13 {main}
CRITICAL - 2021-04-01 22:47:20 --> Use of undefined constant base_url - assumed 'base_url' (this will throw an Error in a future version of PHP)
#0 C:\AppServ\www\one-router-panelv\app\Views\pages\barang\barang.php(11): CodeIgniter\Debug\Exceptions->errorHandler(2, 'Use of undefine...', 'C:\\AppServ\\www\\...', 11, Array)
#1 C:\AppServ\www\one-router-panelv\app\Views\main.php(53): include('C:\\AppServ\\www\\...')
#2 C:\AppServ\www\one-router-panelv\vendor\codeigniter4\framework\system\View\View.php(220): include('C:\\AppServ\\www\\...')
#3 C:\AppServ\www\one-router-panelv\vendor\codeigniter4\framework\system\View\View.php(222): CodeIgniter\View\View->CodeIgniter\View\{closure}()
#4 C:\AppServ\www\one-router-panelv\vendor\codeigniter4\framework\system\Common.php(1217): CodeIgniter\View\View->render('main', Array, true)
#5 C:\AppServ\www\one-router-panelv\app\Config\AutoRoutes.php(174): view('main', Array)
#6 C:\AppServ\www\one-router-panelv\app\Config\AutoRoutes.php(119): Config\AutoRoutes->toRoutesPost()
#7 C:\AppServ\www\one-router-panelv\app\Config\Routes.php(57): Config\AutoRoutes->toRoute()
#8 C:\AppServ\www\one-router-panelv\vendor\codeigniter4\framework\system\CodeIgniter.php(803): require('C:\\AppServ\\www\\...')
#9 C:\AppServ\www\one-router-panelv\vendor\codeigniter4\framework\system\CodeIgniter.php(385): CodeIgniter\CodeIgniter->tryToRouteIt(Object(CodeIgniter\Router\RouteCollection))
#10 C:\AppServ\www\one-router-panelv\vendor\codeigniter4\framework\system\CodeIgniter.php(333): CodeIgniter\CodeIgniter->handleRequest(NULL, Object(Config\Cache), false)
#11 C:\AppServ\www\one-router-panelv\public\index.php(44): CodeIgniter\CodeIgniter->run()
#12 C:\AppServ\www\one-router-panelv\vendor\codeigniter4\framework\system\Commands\Server\rewrite.php(45): require_once('C:\\AppServ\\www\\...')
#13 {main}
CRITICAL - 2021-04-01 22:49:01 --> Use of undefined constant base_url - assumed 'base_url' (this will throw an Error in a future version of PHP)
#0 C:\AppServ\www\one-router-panelv\app\Config\Pages.php(25): CodeIgniter\Debug\Exceptions->errorHandler(2, 'Use of undefine...', 'C:\\AppServ\\www\\...', 25, Array)
#1 C:\AppServ\www\one-router-panelv\app\Views\pages\barang\barang.php(6): Config\Pages->route('/', Array)
#2 C:\AppServ\www\one-router-panelv\app\Views\main.php(53): include('C:\\AppServ\\www\\...')
#3 C:\AppServ\www\one-router-panelv\vendor\codeigniter4\framework\system\View\View.php(220): include('C:\\AppServ\\www\\...')
#4 C:\AppServ\www\one-router-panelv\vendor\codeigniter4\framework\system\View\View.php(222): CodeIgniter\View\View->CodeIgniter\View\{closure}()
#5 C:\AppServ\www\one-router-panelv\vendor\codeigniter4\framework\system\Common.php(1217): CodeIgniter\View\View->render('main', Array, true)
#6 C:\AppServ\www\one-router-panelv\app\Config\AutoRoutes.php(174): view('main', Array)
#7 C:\AppServ\www\one-router-panelv\app\Config\AutoRoutes.php(119): Config\AutoRoutes->toRoutesPost()
#8 C:\AppServ\www\one-router-panelv\app\Config\Routes.php(57): Config\AutoRoutes->toRoute()
#9 C:\AppServ\www\one-router-panelv\vendor\codeigniter4\framework\system\CodeIgniter.php(803): require('C:\\AppServ\\www\\...')
#10 C:\AppServ\www\one-router-panelv\vendor\codeigniter4\framework\system\CodeIgniter.php(385): CodeIgniter\CodeIgniter->tryToRouteIt(Object(CodeIgniter\Router\RouteCollection))
#11 C:\AppServ\www\one-router-panelv\vendor\codeigniter4\framework\system\CodeIgniter.php(333): CodeIgniter\CodeIgniter->handleRequest(NULL, Object(Config\Cache), false)
#12 C:\AppServ\www\one-router-panelv\public\index.php(44): CodeIgniter\CodeIgniter->run()
#13 C:\AppServ\www\one-router-panelv\vendor\codeigniter4\framework\system\Commands\Server\rewrite.php(45): require_once('C:\\AppServ\\www\\...')
#14 {main}
CRITICAL - 2021-04-01 22:49:31 --> Use of undefined constant base_url - assumed 'base_url' (this will throw an Error in a future version of PHP)
#0 C:\AppServ\www\one-router-panelv\app\Config\Pages.php(25): CodeIgniter\Debug\Exceptions->errorHandler(2, 'Use of undefine...', 'C:\\AppServ\\www\\...', 25, Array)
#1 C:\AppServ\www\one-router-panelv\app\Views\pages\barang\barang.php(6): Config\Pages->route('/', Array)
#2 C:\AppServ\www\one-router-panelv\app\Views\main.php(53): include('C:\\AppServ\\www\\...')
#3 C:\AppServ\www\one-router-panelv\vendor\codeigniter4\framework\system\View\View.php(220): include('C:\\AppServ\\www\\...')
#4 C:\AppServ\www\one-router-panelv\vendor\codeigniter4\framework\system\View\View.php(222): CodeIgniter\View\View->CodeIgniter\View\{closure}()
#5 C:\AppServ\www\one-router-panelv\vendor\codeigniter4\framework\system\Common.php(1217): CodeIgniter\View\View->render('main', Array, true)
#6 C:\AppServ\www\one-router-panelv\app\Config\AutoRoutes.php(174): view('main', Array)
#7 C:\AppServ\www\one-router-panelv\app\Config\AutoRoutes.php(119): Config\AutoRoutes->toRoutesPost()
#8 C:\AppServ\www\one-router-panelv\app\Config\Routes.php(57): Config\AutoRoutes->toRoute()
#9 C:\AppServ\www\one-router-panelv\vendor\codeigniter4\framework\system\CodeIgniter.php(803): require('C:\\AppServ\\www\\...')
#10 C:\AppServ\www\one-router-panelv\vendor\codeigniter4\framework\system\CodeIgniter.php(385): CodeIgniter\CodeIgniter->tryToRouteIt(Object(CodeIgniter\Router\RouteCollection))
#11 C:\AppServ\www\one-router-panelv\vendor\codeigniter4\framework\system\CodeIgniter.php(333): CodeIgniter\CodeIgniter->handleRequest(NULL, Object(Config\Cache), false)
#12 C:\AppServ\www\one-router-panelv\public\index.php(44): CodeIgniter\CodeIgniter->run()
#13 C:\AppServ\www\one-router-panelv\vendor\codeigniter4\framework\system\Commands\Server\rewrite.php(45): require_once('C:\\AppServ\\www\\...')
#14 {main}
CRITICAL - 2021-04-01 22:58:04 --> syntax error, unexpected 'if' (T_IF), expecting ',' or ';'
#0 C:\AppServ\www\one-router-panelv\vendor\codeigniter4\framework\system\Autoloader\Autoloader.php(265): CodeIgniter\Autoloader\Autoloader->includeFile('C:\\AppServ\\www\\...')
#1 C:\AppServ\www\one-router-panelv\vendor\codeigniter4\framework\system\Autoloader\Autoloader.php(228): CodeIgniter\Autoloader\Autoloader->loadInNamespace('Config\\AutoRout...')
#2 [internal function]: CodeIgniter\Autoloader\Autoloader->loadClass('Config\\AutoRout...')
#3 C:\AppServ\www\one-router-panelv\app\Config\Routes.php(56): spl_autoload_call('Config\\AutoRout...')
#4 C:\AppServ\www\one-router-panelv\vendor\codeigniter4\framework\system\CodeIgniter.php(803): require('C:\\AppServ\\www\\...')
#5 C:\AppServ\www\one-router-panelv\vendor\codeigniter4\framework\system\CodeIgniter.php(385): CodeIgniter\CodeIgniter->tryToRouteIt(Object(CodeIgniter\Router\RouteCollection))
#6 C:\AppServ\www\one-router-panelv\vendor\codeigniter4\framework\system\CodeIgniter.php(333): CodeIgniter\CodeIgniter->handleRequest(NULL, Object(Config\Cache), false)
#7 C:\AppServ\www\one-router-panelv\public\index.php(44): CodeIgniter\CodeIgniter->run()
#8 C:\AppServ\www\one-router-panelv\vendor\codeigniter4\framework\system\Commands\Server\rewrite.php(45): require_once('C:\\AppServ\\www\\...')
#9 {main}
CRITICAL - 2021-04-01 23:11:40 --> include(): Filename cannot be empty
#0 C:\AppServ\www\one-router-panelv\app\Views\main.php(53): CodeIgniter\Debug\Exceptions->errorHandler(2, 'include(): File...', 'C:\\AppServ\\www\\...', 53, Array)
#1 C:\AppServ\www\one-router-panelv\app\Views\main.php(53): include()
#2 C:\AppServ\www\one-router-panelv\vendor\codeigniter4\framework\system\View\View.php(220): include('C:\\AppServ\\www\\...')
#3 C:\AppServ\www\one-router-panelv\vendor\codeigniter4\framework\system\View\View.php(222): CodeIgniter\View\View->CodeIgniter\View\{closure}()
#4 C:\AppServ\www\one-router-panelv\vendor\codeigniter4\framework\system\Common.php(1217): CodeIgniter\View\View->render('main', Array, true)
#5 C:\AppServ\www\one-router-panelv\app\Config\AutoRoutes.php(184): view('main', Array)
#6 C:\AppServ\www\one-router-panelv\app\Config\AutoRoutes.php(129): Config\AutoRoutes->toRoutesPost()
#7 C:\AppServ\www\one-router-panelv\app\Config\Routes.php(57): Config\AutoRoutes->toRoute()
#8 C:\AppServ\www\one-router-panelv\vendor\codeigniter4\framework\system\CodeIgniter.php(803): require('C:\\AppServ\\www\\...')
#9 C:\AppServ\www\one-router-panelv\vendor\codeigniter4\framework\system\CodeIgniter.php(385): CodeIgniter\CodeIgniter->tryToRouteIt(Object(CodeIgniter\Router\RouteCollection))
#10 C:\AppServ\www\one-router-panelv\vendor\codeigniter4\framework\system\CodeIgniter.php(333): CodeIgniter\CodeIgniter->handleRequest(NULL, Object(Config\Cache), false)
#11 C:\AppServ\www\one-router-panelv\public\index.php(44): CodeIgniter\CodeIgniter->run()
#12 C:\AppServ\www\one-router-panelv\vendor\codeigniter4\framework\system\Commands\Server\rewrite.php(45): require_once('C:\\AppServ\\www\\...')
#13 {main}
CRITICAL - 2021-04-01 23:13:12 --> include(): Filename cannot be empty
#0 C:\AppServ\www\one-router-panelv\app\Views\main.php(53): CodeIgniter\Debug\Exceptions->errorHandler(2, 'include(): File...', 'C:\\AppServ\\www\\...', 53, Array)
#1 C:\AppServ\www\one-router-panelv\app\Views\main.php(53): include()
#2 C:\AppServ\www\one-router-panelv\vendor\codeigniter4\framework\system\View\View.php(220): include('C:\\AppServ\\www\\...')
#3 C:\AppServ\www\one-router-panelv\vendor\codeigniter4\framework\system\View\View.php(222): CodeIgniter\View\View->CodeIgniter\View\{closure}()
#4 C:\AppServ\www\one-router-panelv\vendor\codeigniter4\framework\system\Common.php(1217): CodeIgniter\View\View->render('main', Array, true)
#5 C:\AppServ\www\one-router-panelv\app\Config\AutoRoutes.php(184): view('main', Array)
#6 C:\AppServ\www\one-router-panelv\app\Config\AutoRoutes.php(129): Config\AutoRoutes->toRoutesPost()
#7 C:\AppServ\www\one-router-panelv\app\Config\Routes.php(57): Config\AutoRoutes->toRoute()
#8 C:\AppServ\www\one-router-panelv\vendor\codeigniter4\framework\system\CodeIgniter.php(803): require('C:\\AppServ\\www\\...')
#9 C:\AppServ\www\one-router-panelv\vendor\codeigniter4\framework\system\CodeIgniter.php(385): CodeIgniter\CodeIgniter->tryToRouteIt(Object(CodeIgniter\Router\RouteCollection))
#10 C:\AppServ\www\one-router-panelv\vendor\codeigniter4\framework\system\CodeIgniter.php(333): CodeIgniter\CodeIgniter->handleRequest(NULL, Object(Config\Cache), false)
#11 C:\AppServ\www\one-router-panelv\public\index.php(44): CodeIgniter\CodeIgniter->run()
#12 C:\AppServ\www\one-router-panelv\vendor\codeigniter4\framework\system\Commands\Server\rewrite.php(45): require_once('C:\\AppServ\\www\\...')
#13 {main}
CRITICAL - 2021-04-01 23:15:41 --> include(): Filename cannot be empty
#0 C:\AppServ\www\one-router-panelv\app\Views\main.php(53): CodeIgniter\Debug\Exceptions->errorHandler(2, 'include(): File...', 'C:\\AppServ\\www\\...', 53, Array)
#1 C:\AppServ\www\one-router-panelv\app\Views\main.php(53): include()
#2 C:\AppServ\www\one-router-panelv\vendor\codeigniter4\framework\system\View\View.php(220): include('C:\\AppServ\\www\\...')
#3 C:\AppServ\www\one-router-panelv\vendor\codeigniter4\framework\system\View\View.php(222): CodeIgniter\View\View->CodeIgniter\View\{closure}()
#4 C:\AppServ\www\one-router-panelv\vendor\codeigniter4\framework\system\Common.php(1217): CodeIgniter\View\View->render('main', Array, true)
#5 C:\AppServ\www\one-router-panelv\app\Config\AutoRoutes.php(184): view('main', Array)
#6 C:\AppServ\www\one-router-panelv\app\Config\AutoRoutes.php(112): Config\AutoRoutes->toRoutesPost()
#7 C:\AppServ\www\one-router-panelv\app\Config\Routes.php(57): Config\AutoRoutes->toRoute()
#8 C:\AppServ\www\one-router-panelv\vendor\codeigniter4\framework\system\CodeIgniter.php(803): require('C:\\AppServ\\www\\...')
#9 C:\AppServ\www\one-router-panelv\vendor\codeigniter4\framework\system\CodeIgniter.php(385): CodeIgniter\CodeIgniter->tryToRouteIt(Object(CodeIgniter\Router\RouteCollection))
#10 C:\AppServ\www\one-router-panelv\vendor\codeigniter4\framework\system\CodeIgniter.php(333): CodeIgniter\CodeIgniter->handleRequest(NULL, Object(Config\Cache), false)
#11 C:\AppServ\www\one-router-panelv\public\index.php(44): CodeIgniter\CodeIgniter->run()
#12 C:\AppServ\www\one-router-panelv\vendor\codeigniter4\framework\system\Commands\Server\rewrite.php(45): require_once('C:\\AppServ\\www\\...')
#13 {main}
CRITICAL - 2021-04-01 23:16:25 --> include(): Filename cannot be empty
#0 C:\AppServ\www\one-router-panelv\app\Views\main.php(53): CodeIgniter\Debug\Exceptions->errorHandler(2, 'include(): File...', 'C:\\AppServ\\www\\...', 53, Array)
#1 C:\AppServ\www\one-router-panelv\app\Views\main.php(53): include()
#2 C:\AppServ\www\one-router-panelv\vendor\codeigniter4\framework\system\View\View.php(220): include('C:\\AppServ\\www\\...')
#3 C:\AppServ\www\one-router-panelv\vendor\codeigniter4\framework\system\View\View.php(222): CodeIgniter\View\View->CodeIgniter\View\{closure}()
#4 C:\AppServ\www\one-router-panelv\vendor\codeigniter4\framework\system\Common.php(1217): CodeIgniter\View\View->render('main', Array, true)
#5 C:\AppServ\www\one-router-panelv\app\Config\AutoRoutes.php(184): view('main', Array)
#6 C:\AppServ\www\one-router-panelv\app\Config\AutoRoutes.php(112): Config\AutoRoutes->toRoutesPost()
#7 C:\AppServ\www\one-router-panelv\app\Config\Routes.php(57): Config\AutoRoutes->toRoute()
#8 C:\AppServ\www\one-router-panelv\vendor\codeigniter4\framework\system\CodeIgniter.php(803): require('C:\\AppServ\\www\\...')
#9 C:\AppServ\www\one-router-panelv\vendor\codeigniter4\framework\system\CodeIgniter.php(385): CodeIgniter\CodeIgniter->tryToRouteIt(Object(CodeIgniter\Router\RouteCollection))
#10 C:\AppServ\www\one-router-panelv\vendor\codeigniter4\framework\system\CodeIgniter.php(333): CodeIgniter\CodeIgniter->handleRequest(NULL, Object(Config\Cache), false)
#11 C:\AppServ\www\one-router-panelv\public\index.php(44): CodeIgniter\CodeIgniter->run()
#12 C:\AppServ\www\one-router-panelv\vendor\codeigniter4\framework\system\Commands\Server\rewrite.php(45): require_once('C:\\AppServ\\www\\...')
#13 {main}
